TpTrace Verbose: 0 : 29156, 1, 2024/08/02, 15:33:00.796, 1081979944297, vstest.console.dll, Version: 17.10.0-release-24203-04 Current process architecture: X64
TpTrace Verbose: 0 : 29156, 1, 2024/08/02, 15:33:00.803, 1081980010322, vstest.console.dll, Runtime location: C:\Program Files\dotnet\shared\Microsoft.NETCore.App\8.0.5
TpTrace Verbose: 0 : 29156, 1, 2024/08/02, 15:33:00.811, 1081980094523, vstest.console.dll, ArtifactProcessingPostProcessModeProcessorExecutor.Initialize: ArtifactProcessingMode.Collect
TpTrace Verbose: 0 : 29156, 1, 2024/08/02, 15:33:00.812, 1081980099136, vstest.console.dll, TestSessionCorrelationIdProcessorModeProcessorExecutor.Initialize: TestSessionCorrelationId '26140_46dfb654-e1b1-4fba-8e32-9ecb4c4d520a'
TpTrace Information: 0 : 29156, 1, 2024/08/02, 15:33:00.830, 1081980284982, vstest.console.dll, FilePatternParser: The given file C:\Users\VC\Desktop\capstone\CofeeStoreManagementSln\CofeeStoerBLTesting\bin\Debug\net8.0\fine-code-coverage\build-output\CofeeStoerBLTesting.dll is a full path.
TpTrace Verbose: 0 : 29156, 1, 2024/08/02, 15:33:00.843, 1081980405951, vstest.console.dll, TestPluginCache.DiscoverTestExtensions: finding test extensions in assemblies ends with: RuntimeProvider.dll TPluginInfo: Microsoft.VisualStudio.TestPlatform.Common.ExtensionFramework.Utilities.TestRuntimePluginInformation TExtension: Microsoft.VisualStudio.TestPlatform.ObjectModel.Host.ITestRuntimeProvider
TpTrace Verbose: 0 : 29156, 1, 2024/08/02, 15:33:00.844, 1081980421608, vstest.console.dll, TestPluginCache.GetExtensionPaths: Filtered extension paths: 
TpTrace Verbose: 0 : 29156, 1, 2024/08/02, 15:33:00.844, 1081980424924, vstest.console.dll, TestPluginCache.GetExtensionPaths: Added default extension paths: C:\Program Files\dotnet\sdk\8.0.300\Extensions\Microsoft.Diagnostics.NETCore.Client.dll
C:\Program Files\dotnet\sdk\8.0.300\Extensions\Microsoft.TestPlatform.Extensions.BlameDataCollector.dll
C:\Program Files\dotnet\sdk\8.0.300\Extensions\Microsoft.TestPlatform.Extensions.EventLogCollector.dll
C:\Program Files\dotnet\sdk\8.0.300\Extensions\Microsoft.TestPlatform.TestHostRuntimeProvider.dll
C:\Program Files\dotnet\sdk\8.0.300\Extensions\Microsoft.VisualStudio.TestPlatform.Extensions.Html.TestLogger.dll
C:\Program Files\dotnet\sdk\8.0.300\Extensions\Microsoft.VisualStudio.TestPlatform.Extensions.Trx.TestLogger.dll
TpTrace Verbose: 0 : 29156, 1, 2024/08/02, 15:33:00.845, 1081980426359, vstest.console.dll, TestPluginCache.GetExtensionPaths: Added unfilterableExtensionPaths: 
TpTrace Information: 0 : 29156, 1, 2024/08/02, 15:33:00.846, 1081980444748, vstest.console.dll, AssemblyResolver.ctor: Creating AssemblyResolver with searchDirectories C:\Program Files\dotnet\sdk\8.0.300\Extensions,C:\Program Files\dotnet\sdk\8.0.300
TpTrace Verbose: 0 : 29156, 1, 2024/08/02, 15:33:00.849, 1081980475631, vstest.console.dll, TestPluginCache.DiscoverTestExtensions: Discovering the extensions using extension path.
TpTrace Verbose: 0 : 29156, 1, 2024/08/02, 15:33:00.850, 1081980478444, vstest.console.dll, TestPluginCache.GetExtensionPaths: Filtered extension paths: 
TpTrace Verbose: 0 : 29156, 1, 2024/08/02, 15:33:00.850, 1081980479399, vstest.console.dll, TestPluginCache.GetExtensionPaths: Added default extension paths: C:\Program Files\dotnet\sdk\8.0.300\Extensions\Microsoft.Diagnostics.NETCore.Client.dll
C:\Program Files\dotnet\sdk\8.0.300\Extensions\Microsoft.TestPlatform.Extensions.BlameDataCollector.dll
C:\Program Files\dotnet\sdk\8.0.300\Extensions\Microsoft.TestPlatform.Extensions.EventLogCollector.dll
C:\Program Files\dotnet\sdk\8.0.300\Extensions\Microsoft.TestPlatform.TestHostRuntimeProvider.dll
C:\Program Files\dotnet\sdk\8.0.300\Extensions\Microsoft.VisualStudio.TestPlatform.Extensions.Html.TestLogger.dll
C:\Program Files\dotnet\sdk\8.0.300\Extensions\Microsoft.VisualStudio.TestPlatform.Extensions.Trx.TestLogger.dll
TpTrace Verbose: 0 : 29156, 1, 2024/08/02, 15:33:00.850, 1081980479884, vstest.console.dll, TestPluginCache.GetExtensionPaths: Added unfilterableExtensionPaths: 
TpTrace Verbose: 0 : 29156, 1, 2024/08/02, 15:33:00.850, 1081980480827, vstest.console.dll, TestPluginCache.DiscoverTestExtensions: Discovering the extensions using allExtensionPaths: C:\Program Files\dotnet\sdk\8.0.300\Extensions\Microsoft.Diagnostics.NETCore.Client.dll
C:\Program Files\dotnet\sdk\8.0.300\Extensions\Microsoft.TestPlatform.Extensions.BlameDataCollector.dll
C:\Program Files\dotnet\sdk\8.0.300\Extensions\Microsoft.TestPlatform.Extensions.EventLogCollector.dll
C:\Program Files\dotnet\sdk\8.0.300\Extensions\Microsoft.TestPlatform.TestHostRuntimeProvider.dll
C:\Program Files\dotnet\sdk\8.0.300\Extensions\Microsoft.VisualStudio.TestPlatform.Extensions.Html.TestLogger.dll
C:\Program Files\dotnet\sdk\8.0.300\Extensions\Microsoft.VisualStudio.TestPlatform.Extensions.Trx.TestLogger.dll
TpTrace Information: 0 : 29156, 1, 2024/08/02, 15:33:00.850, 1081980482912, vstest.console.dll, AssemblyResolver.AddSearchDirectories: Adding more searchDirectories C:\Program Files\dotnet\sdk\8.0.300\Extensions,C:\Program Files\dotnet\sdk\8.0.300
TpTrace Information: 0 : 29156, 1, 2024/08/02, 15:33:00.850, 1081980483729, vstest.console.dll, AssemblyResolver.AddSearchDirectories: Adding more searchDirectories C:\Program Files\dotnet\sdk\8.0.300\Extensions,C:\Program Files\dotnet\sdk\8.0.300
TpTrace Information: 0 : 29156, 1, 2024/08/02, 15:33:00.850, 1081980484293, vstest.console.dll, AssemblyResolver.AddSearchDirectories: Adding more searchDirectories C:\Program Files\dotnet\sdk\8.0.300\Extensions,C:\Program Files\dotnet\sdk\8.0.300
TpTrace Information: 0 : 29156, 1, 2024/08/02, 15:33:00.850, 1081980484725, vstest.console.dll, AssemblyResolver.AddSearchDirectories: Adding more searchDirectories C:\Program Files\dotnet\sdk\8.0.300\Extensions,C:\Program Files\dotnet\sdk\8.0.300
TpTrace Information: 0 : 29156, 1, 2024/08/02, 15:33:00.850, 1081980485147, vstest.console.dll, AssemblyResolver.AddSearchDirectories: Adding more searchDirectories C:\Program Files\dotnet\sdk\8.0.300\Extensions,C:\Program Files\dotnet\sdk\8.0.300
TpTrace Information: 0 : 29156, 1, 2024/08/02, 15:33:00.850, 1081980485634, vstest.console.dll, AssemblyResolver.AddSearchDirectories: Adding more searchDirectories C:\Program Files\dotnet\sdk\8.0.300\Extensions,C:\Program Files\dotnet\sdk\8.0.300
TpTrace Information: 0 : 29156, 1, 2024/08/02, 15:33:00.852, 1081980504259, vstest.console.dll, AssemblyResolver.OnResolve: Microsoft.Diagnostics.NETCore.Client: Resolving assembly.
TpTrace Information: 0 : 29156, 1, 2024/08/02, 15:33:00.853, 1081980505848, vstest.console.dll, AssemblyResolver.OnResolve: Microsoft.Diagnostics.NETCore.Client: Searching in: 'C:\Program Files\dotnet\sdk\8.0.300\Extensions'.
TpTrace Information: 0 : 29156, 1, 2024/08/02, 15:33:00.868, 1081980656936, vstest.console.dll, AssemblyResolver.OnResolve: Microsoft.Diagnostics.NETCore.Client: Loading assembly 'C:\Program Files\dotnet\sdk\8.0.300\Extensions\Microsoft.Diagnostics.NETCore.Client.dll'.
TpTrace Information: 0 : 29156, 1, 2024/08/02, 15:33:00.869, 1081980671130, vstest.console.dll, AssemblyResolver.OnResolve: Resolved assembly: Microsoft.Diagnostics.NETCore.Client, from path: C:\Program Files\dotnet\sdk\8.0.300\Extensions\Microsoft.Diagnostics.NETCore.Client.dll
TpTrace Verbose: 0 : 29156, 1, 2024/08/02, 15:33:00.879, 1081980772931, vstest.console.dll, MetadataReaderExtensionsHelper: Discovering extensions inside assembly 'Microsoft.Diagnostics.NETCore.Client, Version=0.2.10.15101, Culture=neutral, PublicKeyToken=31bf3856ad364e35' file path 'C:\Program Files\dotnet\sdk\8.0.300\Extensions\Microsoft.Diagnostics.NETCore.Client.dll'
TpTrace Information: 0 : 29156, 1, 2024/08/02, 15:33:00.888, 1081980862642, vstest.console.dll, AssemblyResolver.OnResolve: Microsoft.Bcl.AsyncInterfaces: Resolving assembly.
TpTrace Information: 0 : 29156, 1, 2024/08/02, 15:33:00.888, 1081980865209, vstest.console.dll, AssemblyResolver.OnResolve: Microsoft.Bcl.AsyncInterfaces: Searching in: 'C:\Program Files\dotnet\sdk\8.0.300\Extensions'.
TpTrace Information: 0 : 29156, 1, 2024/08/02, 15:33:00.889, 1081980867052, vstest.console.dll, AssemblyResolver.OnResolve: Microsoft.Bcl.AsyncInterfaces: Assembly path does not exist: 'C:\Program Files\dotnet\sdk\8.0.300\Extensions\Microsoft.Bcl.AsyncInterfaces.dll', returning.
TpTrace Information: 0 : 29156, 1, 2024/08/02, 15:33:00.889, 1081980871074, vstest.console.dll, AssemblyResolver.OnResolve: Microsoft.Bcl.AsyncInterfaces: Assembly path does not exist: 'C:\Program Files\dotnet\sdk\8.0.300\Extensions\Microsoft.Bcl.AsyncInterfaces.exe', returning.
TpTrace Information: 0 : 29156, 1, 2024/08/02, 15:33:00.889, 1081980872105, vstest.console.dll, AssemblyResolver.OnResolve: Microsoft.Bcl.AsyncInterfaces: Searching in: 'C:\Program Files\dotnet\sdk\8.0.300'.
TpTrace Information: 0 : 29156, 1, 2024/08/02, 15:33:00.889, 1081980873391, vstest.console.dll, AssemblyResolver.OnResolve: Microsoft.Bcl.AsyncInterfaces: Assembly path does not exist: 'C:\Program Files\dotnet\sdk\8.0.300\Microsoft.Bcl.AsyncInterfaces.dll', returning.
TpTrace Information: 0 : 29156, 1, 2024/08/02, 15:33:00.889, 1081980874552, vstest.console.dll, AssemblyResolver.OnResolve: Microsoft.Bcl.AsyncInterfaces: Assembly path does not exist: 'C:\Program Files\dotnet\sdk\8.0.300\Microsoft.Bcl.AsyncInterfaces.exe', returning.
TpTrace Information: 0 : 29156, 1, 2024/08/02, 15:33:00.889, 1081980875304, vstest.console.dll, AssemblyResolver.OnResolve: Microsoft.Bcl.AsyncInterfaces: Failed to load assembly.
TpTrace Verbose: 0 : 29156, 1, 2024/08/02, 15:33:00.890, 1081980876297, vstest.console.dll, CurrentDomainAssemblyResolve: Resolving assembly 'Microsoft.Bcl.AsyncInterfaces'.
TpTrace Information: 0 : 29156, 1, 2024/08/02, 15:33:00.890, 1081980878062, vstest.console.dll, AssemblyResolver.OnResolve: Microsoft.Bcl.AsyncInterfaces: Resolving assembly.
TpTrace Information: 0 : 29156, 1, 2024/08/02, 15:33:00.890, 1081980879078, vstest.console.dll, AssemblyResolver.OnResolve: Microsoft.Bcl.AsyncInterfaces: Resolved from cache.
TpTrace Verbose: 0 : 29156, 1, 2024/08/02, 15:33:00.890, 1081980879788, vstest.console.dll, CurrentDomainAssemblyResolve: Resolving assembly 'Microsoft.Bcl.AsyncInterfaces'.
TpTrace Verbose: 0 : 29156, 1, 2024/08/02, 15:33:00.890, 1081980880660, vstest.console.dll, CurrentDomainAssemblyResolve: Failed to resolve assembly 'Microsoft.Bcl.AsyncInterfaces'.
TpTrace Verbose: 0 : 29156, 1, 2024/08/02, 15:33:00.891, 1081980893326, vstest.console.dll, CurrentDomainAssemblyResolve: Failed to resolve assembly 'Microsoft.Bcl.AsyncInterfaces'.
TpTrace Warning: 0 : 29156, 1, 2024/08/02, 15:33:00.918, 1081981159523, vstest.console.dll, TestPluginDiscoverer: Failed to get types from assembly 'Microsoft.Diagnostics.NETCore.Client, Version=0.2.10.15101, Culture=neutral, PublicKeyToken=31bf3856ad364e35'. Error: System.Reflection.ReflectionTypeLoadException: Unable to load one or more of the requested types.
Could not load file or assembly 'Microsoft.Bcl.AsyncInterfaces, Version=6.0.0.0, Culture=neutral, PublicKeyToken=cc7b13ffcd2ddd51'. The system cannot find the file specified.
   at System.Reflection.RuntimeModule.GetTypes(RuntimeModule module)
   at System.Reflection.RuntimeModule.GetTypes()
   at Microsoft.VisualStudio.TestPlatform.Common.ExtensionFramework.TestPluginDiscoverer.GetTestExtensionsFromAssembly[TPluginInfo,TExtension](Assembly assembly, Dictionary`2 pluginInfos, String filePath) in /_/src/Microsoft.TestPlatform.Common/ExtensionFramework/TestPluginDiscoverer.cs:line 158
System.IO.FileNotFoundException: Could not load file or assembly 'Microsoft.Bcl.AsyncInterfaces, Version=6.0.0.0, Culture=neutral, PublicKeyToken=cc7b13ffcd2ddd51'. The system cannot find the file specified.
File name: 'Microsoft.Bcl.AsyncInterfaces, Version=6.0.0.0, Culture=neutral, PublicKeyToken=cc7b13ffcd2ddd51'
 ---> System.IO.FileNotFoundException: Could not load file or assembly 'Microsoft.Bcl.AsyncInterfaces, Culture=neutral, PublicKeyToken=null'. The system cannot find the file specified.
File name: 'Microsoft.Bcl.AsyncInterfaces, Culture=neutral, PublicKeyToken=null'
   at System.Reflection.RuntimeAssembly.InternalLoad(AssemblyName assemblyName, StackCrawlMark& stackMark, AssemblyLoadContext assemblyLoadContext, RuntimeAssembly requestingAssembly, Boolean throwOnFileNotFound)
   at System.Reflection.Assembly.Load(AssemblyName assemblyRef)
   at Microsoft.VisualStudio.TestPlatform.Common.ExtensionFramework.TestPluginCache.CurrentDomainAssemblyResolve(Object sender, AssemblyResolveEventArgs args) in /_/src/Microsoft.TestPlatform.Common/ExtensionFramework/TestPluginCache.cs:line 513
   at System.Runtime.Loader.AssemblyLoadContext.GetFirstResolvedAssemblyFromResolvingEvent(AssemblyName assemblyName)
   at System.Runtime.Loader.AssemblyLoadContext.ResolveUsingEvent(AssemblyName assemblyName)
   at System.Runtime.Loader.AssemblyLoadContext.ResolveUsingResolvingEvent(IntPtr gchManagedAssemblyLoadContext, AssemblyName assemblyName)
TpTrace Warning: 0 : 29156, 1, 2024/08/02, 15:33:00.919, 1081981167868, vstest.console.dll, LoaderExceptions: System.IO.FileNotFoundException: Could not load file or assembly 'Microsoft.Bcl.AsyncInterfaces, Version=6.0.0.0, Culture=neutral, PublicKeyToken=cc7b13ffcd2ddd51'. The system cannot find the file specified.
File name: 'Microsoft.Bcl.AsyncInterfaces, Version=6.0.0.0, Culture=neutral, PublicKeyToken=cc7b13ffcd2ddd51'
 ---> System.IO.FileNotFoundException: Could not load file or assembly 'Microsoft.Bcl.AsyncInterfaces, Culture=neutral, PublicKeyToken=null'. The system cannot find the file specified.
File name: 'Microsoft.Bcl.AsyncInterfaces, Culture=neutral, PublicKeyToken=null'
   at System.Reflection.RuntimeAssembly.InternalLoad(AssemblyName assemblyName, StackCrawlMark& stackMark, AssemblyLoadContext assemblyLoadContext, RuntimeAssembly requestingAssembly, Boolean throwOnFileNotFound)
   at System.Reflection.Assembly.Load(AssemblyName assemblyRef)
   at Microsoft.VisualStudio.TestPlatform.Common.ExtensionFramework.TestPluginCache.CurrentDomainAssemblyResolve(Object sender, AssemblyResolveEventArgs args) in /_/src/Microsoft.TestPlatform.Common/ExtensionFramework/TestPluginCache.cs:line 513
   at System.Runtime.Loader.AssemblyLoadContext.GetFirstResolvedAssemblyFromResolvingEvent(AssemblyName assemblyName)
   at System.Runtime.Loader.AssemblyLoadContext.ResolveUsingEvent(AssemblyName assemblyName)
   at System.Runtime.Loader.AssemblyLoadContext.ResolveUsingResolvingEvent(IntPtr gchManagedAssemblyLoadContext, AssemblyName assemblyName)
TpTrace Information: 0 : 29156, 1, 2024/08/02, 15:33:00.919, 1081981171700, vstest.console.dll, AssemblyResolver.OnResolve: Microsoft.TestPlatform.Extensions.BlameDataCollector: Resolving assembly.
TpTrace Information: 0 : 29156, 1, 2024/08/02, 15:33:00.919, 1081981172582, vstest.console.dll, AssemblyResolver.OnResolve: Microsoft.TestPlatform.Extensions.BlameDataCollector: Searching in: 'C:\Program Files\dotnet\sdk\8.0.300\Extensions'.
TpTrace Information: 0 : 29156, 1, 2024/08/02, 15:33:00.920, 1081981180457, vstest.console.dll, AssemblyResolver.OnResolve: Microsoft.TestPlatform.Extensions.BlameDataCollector: Loading assembly 'C:\Program Files\dotnet\sdk\8.0.300\Extensions\Microsoft.TestPlatform.Extensions.BlameDataCollector.dll'.
TpTrace Information: 0 : 29156, 1, 2024/08/02, 15:33:00.921, 1081981194096, vstest.console.dll, AssemblyResolver.OnResolve: Resolved assembly: Microsoft.TestPlatform.Extensions.BlameDataCollector, from path: C:\Program Files\dotnet\sdk\8.0.300\Extensions\Microsoft.TestPlatform.Extensions.BlameDataCollector.dll
TpTrace Verbose: 0 : 29156, 1, 2024/08/02, 15:33:00.922, 1081981196186, vstest.console.dll, MetadataReaderExtensionsHelper: Discovering extensions inside assembly 'Microsoft.TestPlatform.Extensions.BlameDataCollector, Version=15.0.0.0, Culture=neutral, PublicKeyToken=b03f5f7f11d50a3a' file path 'C:\Program Files\dotnet\sdk\8.0.300\Extensions\Microsoft.TestPlatform.Extensions.BlameDataCollector.dll'
TpTrace Information: 0 : 29156, 1, 2024/08/02, 15:33:00.927, 1081981254680, vstest.console.dll, AssemblyResolver.OnResolve: Microsoft.TestPlatform.Extensions.EventLogCollector: Resolving assembly.
TpTrace Information: 0 : 29156, 1, 2024/08/02, 15:33:00.928, 1081981257401, vstest.console.dll, AssemblyResolver.OnResolve: Microsoft.TestPlatform.Extensions.EventLogCollector: Searching in: 'C:\Program Files\dotnet\sdk\8.0.300\Extensions'.
TpTrace Information: 0 : 29156, 1, 2024/08/02, 15:33:00.929, 1081981265822, vstest.console.dll, AssemblyResolver.OnResolve: Microsoft.TestPlatform.Extensions.EventLogCollector: Loading assembly 'C:\Program Files\dotnet\sdk\8.0.300\Extensions\Microsoft.TestPlatform.Extensions.EventLogCollector.dll'.
TpTrace Information: 0 : 29156, 1, 2024/08/02, 15:33:00.930, 1081981278819, vstest.console.dll, AssemblyResolver.OnResolve: Resolved assembly: Microsoft.TestPlatform.Extensions.EventLogCollector, from path: C:\Program Files\dotnet\sdk\8.0.300\Extensions\Microsoft.TestPlatform.Extensions.EventLogCollector.dll
TpTrace Verbose: 0 : 29156, 1, 2024/08/02, 15:33:00.930, 1081981280576, vstest.console.dll, MetadataReaderExtensionsHelper: Discovering extensions inside assembly 'Microsoft.TestPlatform.Extensions.EventLogCollector, Version=15.0.0.0, Culture=neutral, PublicKeyToken=b03f5f7f11d50a3a' file path 'C:\Program Files\dotnet\sdk\8.0.300\Extensions\Microsoft.TestPlatform.Extensions.EventLogCollector.dll'
TpTrace Information: 0 : 29156, 1, 2024/08/02, 15:33:00.935, 1081981329980, vstest.console.dll, AssemblyResolver.OnResolve: Microsoft.TestPlatform.TestHostRuntimeProvider: Resolving assembly.
TpTrace Information: 0 : 29156, 1, 2024/08/02, 15:33:00.935, 1081981332473, vstest.console.dll, AssemblyResolver.OnResolve: Microsoft.TestPlatform.TestHostRuntimeProvider: Searching in: 'C:\Program Files\dotnet\sdk\8.0.300\Extensions'.
TpTrace Information: 0 : 29156, 1, 2024/08/02, 15:33:00.936, 1081981340880, vstest.console.dll, AssemblyResolver.OnResolve: Microsoft.TestPlatform.TestHostRuntimeProvider: Loading assembly 'C:\Program Files\dotnet\sdk\8.0.300\Extensions\Microsoft.TestPlatform.TestHostRuntimeProvider.dll'.
TpTrace Information: 0 : 29156, 1, 2024/08/02, 15:33:00.938, 1081981359940, vstest.console.dll, AssemblyResolver.OnResolve: Resolved assembly: Microsoft.TestPlatform.TestHostRuntimeProvider, from path: C:\Program Files\dotnet\sdk\8.0.300\Extensions\Microsoft.TestPlatform.TestHostRuntimeProvider.dll
TpTrace Verbose: 0 : 29156, 1, 2024/08/02, 15:33:00.938, 1081981362672, vstest.console.dll, MetadataReaderExtensionsHelper: Discovering extensions inside assembly 'Microsoft.TestPlatform.TestHostRuntimeProvider, Version=15.0.0.0, Culture=neutral, PublicKeyToken=b03f5f7f11d50a3a' file path 'C:\Program Files\dotnet\sdk\8.0.300\Extensions\Microsoft.TestPlatform.TestHostRuntimeProvider.dll'
TpTrace Information: 0 : 29156, 1, 2024/08/02, 15:33:00.957, 1081981554077, vstest.console.dll, GetTestExtensionFromType: Register extension with identifier data 'HostProvider://DefaultTestHost' and type 'Microsoft.VisualStudio.TestPlatform.CrossPlatEngine.Hosting.DefaultTestHostManager, Microsoft.TestPlatform.TestHostRuntimeProvider, Version=15.0.0.0, Culture=neutral, PublicKeyToken=b03f5f7f11d50a3a' inside file 'C:\Program Files\dotnet\sdk\8.0.300\Extensions\Microsoft.TestPlatform.TestHostRuntimeProvider.dll'
TpTrace Information: 0 : 29156, 1, 2024/08/02, 15:33:00.969, 1081981667219, vstest.console.dll, GetTestExtensionFromType: Register extension with identifier data 'HostProvider://DotnetTestHost' and type 'Microsoft.VisualStudio.TestPlatform.CrossPlatEngine.Hosting.DotnetTestHostManager, Microsoft.TestPlatform.TestHostRuntimeProvider, Version=15.0.0.0, Culture=neutral, PublicKeyToken=b03f5f7f11d50a3a' inside file 'C:\Program Files\dotnet\sdk\8.0.300\Extensions\Microsoft.TestPlatform.TestHostRuntimeProvider.dll'
TpTrace Information: 0 : 29156, 1, 2024/08/02, 15:33:00.976, 1081981744896, vstest.console.dll, AssemblyResolver.OnResolve: Microsoft.VisualStudio.TestPlatform.Extensions.Html.TestLogger: Resolving assembly.
TpTrace Information: 0 : 29156, 1, 2024/08/02, 15:33:00.977, 1081981751947, vstest.console.dll, AssemblyResolver.OnResolve: Microsoft.VisualStudio.TestPlatform.Extensions.Html.TestLogger: Searching in: 'C:\Program Files\dotnet\sdk\8.0.300\Extensions'.
TpTrace Information: 0 : 29156, 1, 2024/08/02, 15:33:00.978, 1081981762632, vstest.console.dll, AssemblyResolver.OnResolve: Microsoft.VisualStudio.TestPlatform.Extensions.Html.TestLogger: Loading assembly 'C:\Program Files\dotnet\sdk\8.0.300\Extensions\Microsoft.VisualStudio.TestPlatform.Extensions.Html.TestLogger.dll'.
TpTrace Information: 0 : 29156, 1, 2024/08/02, 15:33:00.980, 1081981779047, vstest.console.dll, AssemblyResolver.OnResolve: Resolved assembly: Microsoft.VisualStudio.TestPlatform.Extensions.Html.TestLogger, from path: C:\Program Files\dotnet\sdk\8.0.300\Extensions\Microsoft.VisualStudio.TestPlatform.Extensions.Html.TestLogger.dll
TpTrace Verbose: 0 : 29156, 1, 2024/08/02, 15:33:00.980, 1081981781864, vstest.console.dll, MetadataReaderExtensionsHelper: Discovering extensions inside assembly 'Microsoft.VisualStudio.TestPlatform.Extensions.Html.TestLogger, Version=15.0.0.0, Culture=neutral, PublicKeyToken=b03f5f7f11d50a3a' file path 'C:\Program Files\dotnet\sdk\8.0.300\Extensions\Microsoft.VisualStudio.TestPlatform.Extensions.Html.TestLogger.dll'
TpTrace Information: 0 : 29156, 1, 2024/08/02, 15:33:00.982, 1081981800967, vstest.console.dll, AssemblyResolver.OnResolve: Microsoft.VisualStudio.TestPlatform.Extensions.Trx.TestLogger: Resolving assembly.
TpTrace Information: 0 : 29156, 1, 2024/08/02, 15:33:00.982, 1081981802945, vstest.console.dll, AssemblyResolver.OnResolve: Microsoft.VisualStudio.TestPlatform.Extensions.Trx.TestLogger: Searching in: 'C:\Program Files\dotnet\sdk\8.0.300\Extensions'.
TpTrace Information: 0 : 29156, 1, 2024/08/02, 15:33:00.983, 1081981811386, vstest.console.dll, AssemblyResolver.OnResolve: Microsoft.VisualStudio.TestPlatform.Extensions.Trx.TestLogger: Loading assembly 'C:\Program Files\dotnet\sdk\8.0.300\Extensions\Microsoft.VisualStudio.TestPlatform.Extensions.Trx.TestLogger.dll'.
TpTrace Information: 0 : 29156, 1, 2024/08/02, 15:33:00.985, 1081981830754, vstest.console.dll, AssemblyResolver.OnResolve: Resolved assembly: Microsoft.VisualStudio.TestPlatform.Extensions.Trx.TestLogger, from path: C:\Program Files\dotnet\sdk\8.0.300\Extensions\Microsoft.VisualStudio.TestPlatform.Extensions.Trx.TestLogger.dll
TpTrace Verbose: 0 : 29156, 1, 2024/08/02, 15:33:00.985, 1081981832993, vstest.console.dll, MetadataReaderExtensionsHelper: Discovering extensions inside assembly 'Microsoft.VisualStudio.TestPlatform.Extensions.Trx.TestLogger, Version=15.0.0.0, Culture=neutral, PublicKeyToken=b03f5f7f11d50a3a' file path 'C:\Program Files\dotnet\sdk\8.0.300\Extensions\Microsoft.VisualStudio.TestPlatform.Extensions.Trx.TestLogger.dll'
TpTrace Verbose: 0 : 29156, 1, 2024/08/02, 15:33:00.988, 1081981859058, vstest.console.dll, TestPluginCache: Discovered the extensions using extension path ''.
TpTrace Verbose: 0 : 29156, 1, 2024/08/02, 15:33:00.988, 1081981862108, vstest.console.dll, TestPluginCache: Discoverers are ''.
TpTrace Verbose: 0 : 29156, 1, 2024/08/02, 15:33:00.988, 1081981863112, vstest.console.dll, TestPluginCache: Executors are ''.
TpTrace Verbose: 0 : 29156, 1, 2024/08/02, 15:33:00.988, 1081981863926, vstest.console.dll, TestPluginCache: Executors2 are ''.
TpTrace Verbose: 0 : 29156, 1, 2024/08/02, 15:33:00.988, 1081981864636, vstest.console.dll, TestPluginCache: Setting providers are ''.
TpTrace Verbose: 0 : 29156, 1, 2024/08/02, 15:33:00.988, 1081981865270, vstest.console.dll, TestPluginCache: Loggers are ''.
TpTrace Verbose: 0 : 29156, 1, 2024/08/02, 15:33:00.989, 1081981869421, vstest.console.dll, TestPluginCache: TestHosts are 'HostProvider://DefaultTestHost,HostProvider://DotnetTestHost'.
TpTrace Verbose: 0 : 29156, 1, 2024/08/02, 15:33:00.989, 1081981870856, vstest.console.dll, TestPluginCache: DataCollectors are ''.
TpTrace Information: 0 : 29156, 1, 2024/08/02, 15:33:01.034, 1081982320183, vstest.console.dll, RunTestsArgumentProcessor:Execute: Test run is starting.
TpTrace Verbose: 0 : 29156, 1, 2024/08/02, 15:33:01.034, 1081982322576, vstest.console.dll, RunTestsArgumentProcessor:Execute: Queuing Test run.
TpTrace Information: 0 : 29156, 1, 2024/08/02, 15:33:01.035, 1081982330218, vstest.console.dll, TestRequestManager.RunTests: run tests started.
TpTrace Information: 0 : 29156, 1, 2024/08/02, 15:33:01.043, 1081982407344, vstest.console.dll, AssemblyMetadataProvider.GetFrameworkName: Determined framework:'.NETCoreApp,Version=v8.0' for source: 'C:\Users\VC\Desktop\capstone\CofeeStoreManagementSln\CofeeStoerBLTesting\bin\Debug\net8.0\fine-code-coverage\build-output\CofeeStoerBLTesting.dll'
TpTrace Information: 0 : 29156, 1, 2024/08/02, 15:33:01.043, 1081982412228, vstest.console.dll, Determined framework for all sources: .NETCoreApp,Version=v8.0
TpTrace Verbose: 0 : 29156, 1, 2024/08/02, 15:33:01.044, 1081982420697, vstest.console.dll, TestRequestManager.UpdateRunSettingsIfRequired: Default architecture: X64 IsDefaultTargetArchitecture: True, Current process architecture: X64 OperatingSystem: Windows.
TpTrace Information: 0 : 29156, 1, 2024/08/02, 15:33:01.049, 1081982473432, vstest.console.dll, AssemblyMetadataProvider.GetArchitecture: Determined architecture:AnyCPU info for assembly: C:\Users\VC\Desktop\capstone\CofeeStoreManagementSln\CofeeStoerBLTesting\bin\Debug\net8.0\fine-code-coverage\build-output\CofeeStoerBLTesting.dll
TpTrace Information: 0 : 29156, 1, 2024/08/02, 15:33:01.049, 1081982475624, vstest.console.dll, Determined platform for source 'C:\Users\VC\Desktop\capstone\CofeeStoreManagementSln\CofeeStoerBLTesting\bin\Debug\net8.0\fine-code-coverage\build-output\CofeeStoerBLTesting.dll' was AnyCPU and it will use the default plaform X64.
TpTrace Information: 0 : 29156, 1, 2024/08/02, 15:33:01.050, 1081982476453, vstest.console.dll, None of the sources provided any runnable platform, using the default platform: X64
TpTrace Information: 0 : 29156, 1, 2024/08/02, 15:33:01.050, 1081982479297, vstest.console.dll, Platform was updated to 'X64'.
TpTrace Information: 0 : 29156, 1, 2024/08/02, 15:33:01.064, 1081982618052, vstest.console.dll, InferRunSettingsHelper.IsTestSettingsEnabled: Unable to navigate to RunSettings/MSTest. Current node: RunSettings
TpTrace Information: 0 : 29156, 1, 2024/08/02, 15:33:01.065, 1081982634512, vstest.console.dll, AssemblyResolver.OnResolve: Microsoft.VisualStudio.TestPlatform.Fakes: Resolving assembly.
TpTrace Information: 0 : 29156, 1, 2024/08/02, 15:33:01.066, 1081982636988, vstest.console.dll, AssemblyResolver.OnResolve: Microsoft.VisualStudio.TestPlatform.Fakes: Searching in: 'C:\Program Files\dotnet\sdk\8.0.300\Extensions'.
TpTrace Information: 0 : 29156, 1, 2024/08/02, 15:33:01.066, 1081982639238, vstest.console.dll, AssemblyResolver.OnResolve: Microsoft.VisualStudio.TestPlatform.Fakes: Assembly path does not exist: 'C:\Program Files\dotnet\sdk\8.0.300\Extensions\Microsoft.VisualStudio.TestPlatform.Fakes.dll', returning.
TpTrace Information: 0 : 29156, 1, 2024/08/02, 15:33:01.066, 1081982640860, vstest.console.dll, AssemblyResolver.OnResolve: Microsoft.VisualStudio.TestPlatform.Fakes: Assembly path does not exist: 'C:\Program Files\dotnet\sdk\8.0.300\Extensions\Microsoft.VisualStudio.TestPlatform.Fakes.exe', returning.
TpTrace Information: 0 : 29156, 1, 2024/08/02, 15:33:01.066, 1081982641721, vstest.console.dll, AssemblyResolver.OnResolve: Microsoft.VisualStudio.TestPlatform.Fakes: Searching in: 'C:\Program Files\dotnet\sdk\8.0.300'.
TpTrace Information: 0 : 29156, 1, 2024/08/02, 15:33:01.066, 1081982643361, vstest.console.dll, AssemblyResolver.OnResolve: Microsoft.VisualStudio.TestPlatform.Fakes: Assembly path does not exist: 'C:\Program Files\dotnet\sdk\8.0.300\Microsoft.VisualStudio.TestPlatform.Fakes.dll', returning.
TpTrace Information: 0 : 29156, 1, 2024/08/02, 15:33:01.067, 1081982648152, vstest.console.dll, AssemblyResolver.OnResolve: Microsoft.VisualStudio.TestPlatform.Fakes: Assembly path does not exist: 'C:\Program Files\dotnet\sdk\8.0.300\Microsoft.VisualStudio.TestPlatform.Fakes.exe', returning.
TpTrace Information: 0 : 29156, 1, 2024/08/02, 15:33:01.067, 1081982649632, vstest.console.dll, AssemblyResolver.OnResolve: Microsoft.VisualStudio.TestPlatform.Fakes: Failed to load assembly.
TpTrace Information: 0 : 29156, 1, 2024/08/02, 15:33:01.068, 1081982658207, vstest.console.dll, Failed to load assembly Microsoft.VisualStudio.TestPlatform.Fakes, Version=17.0.0.0, Culture=neutral. Reason:System.IO.FileNotFoundException: Could not load file or assembly 'Microsoft.VisualStudio.TestPlatform.Fakes, Version=17.0.0.0, Culture=neutral, PublicKeyToken=null'. The system cannot find the file specified.
File name: 'Microsoft.VisualStudio.TestPlatform.Fakes, Version=17.0.0.0, Culture=neutral, PublicKeyToken=null'
   at System.Reflection.RuntimeAssembly.InternalLoad(AssemblyName assemblyName, StackCrawlMark& stackMark, AssemblyLoadContext assemblyLoadContext, RuntimeAssembly requestingAssembly, Boolean throwOnFileNotFound)
   at System.Reflection.Assembly.Load(AssemblyName assemblyRef)
   at Microsoft.VisualStudio.TestPlatform.Common.Utilities.FakesUtilities.LoadTestPlatformAssembly() in /_/src/Microsoft.TestPlatform.Common/Utilities/FakesUtilities.cs:line 272
TpTrace Verbose: 0 : 29156, 1, 2024/08/02, 15:33:01.085, 1081982830632, vstest.console.dll, TestPluginCache.DiscoverTestExtensions: finding test extensions in assemblies ends with: TestLogger.dll TPluginInfo: Microsoft.VisualStudio.TestPlatform.Common.ExtensionFramework.Utilities.TestLoggerPluginInformation TExtension: Microsoft.VisualStudio.TestPlatform.ObjectModel.Client.ITestLogger
TpTrace Verbose: 0 : 29156, 1, 2024/08/02, 15:33:01.086, 1081982836998, vstest.console.dll, TestPluginCache.GetExtensionPaths: Filtered extension paths: 
TpTrace Verbose: 0 : 29156, 1, 2024/08/02, 15:33:01.086, 1081982838992, vstest.console.dll, TestPluginCache.GetExtensionPaths: Added default extension paths: C:\Program Files\dotnet\sdk\8.0.300\Extensions\Microsoft.Diagnostics.NETCore.Client.dll
C:\Program Files\dotnet\sdk\8.0.300\Extensions\Microsoft.TestPlatform.Extensions.BlameDataCollector.dll
C:\Program Files\dotnet\sdk\8.0.300\Extensions\Microsoft.TestPlatform.Extensions.EventLogCollector.dll
C:\Program Files\dotnet\sdk\8.0.300\Extensions\Microsoft.TestPlatform.TestHostRuntimeProvider.dll
C:\Program Files\dotnet\sdk\8.0.300\Extensions\Microsoft.VisualStudio.TestPlatform.Extensions.Html.TestLogger.dll
C:\Program Files\dotnet\sdk\8.0.300\Extensions\Microsoft.VisualStudio.TestPlatform.Extensions.Trx.TestLogger.dll
TpTrace Verbose: 0 : 29156, 1, 2024/08/02, 15:33:01.086, 1081982840373, vstest.console.dll, TestPluginCache.GetExtensionPaths: Added unfilterableExtensionPaths: 
TpTrace Information: 0 : 29156, 1, 2024/08/02, 15:33:01.086, 1081982843543, vstest.console.dll, AssemblyResolver.AddSearchDirectories: Adding more searchDirectories C:\Program Files\dotnet\sdk\8.0.300\Extensions,C:\Program Files\dotnet\sdk\8.0.300
TpTrace Verbose: 0 : 29156, 1, 2024/08/02, 15:33:01.086, 1081982845156, vstest.console.dll, TestPluginCache.DiscoverTestExtensions: Discovering the extensions using extension path.
TpTrace Verbose: 0 : 29156, 1, 2024/08/02, 15:33:01.087, 1081982848316, vstest.console.dll, TestPluginCache.GetExtensionPaths: Filtered extension paths: 
TpTrace Verbose: 0 : 29156, 1, 2024/08/02, 15:33:01.087, 1081982849616, vstest.console.dll, TestPluginCache.GetExtensionPaths: Added default extension paths: C:\Program Files\dotnet\sdk\8.0.300\Extensions\Microsoft.Diagnostics.NETCore.Client.dll
C:\Program Files\dotnet\sdk\8.0.300\Extensions\Microsoft.TestPlatform.Extensions.BlameDataCollector.dll
C:\Program Files\dotnet\sdk\8.0.300\Extensions\Microsoft.TestPlatform.Extensions.EventLogCollector.dll
C:\Program Files\dotnet\sdk\8.0.300\Extensions\Microsoft.TestPlatform.TestHostRuntimeProvider.dll
C:\Program Files\dotnet\sdk\8.0.300\Extensions\Microsoft.VisualStudio.TestPlatform.Extensions.Html.TestLogger.dll
C:\Program Files\dotnet\sdk\8.0.300\Extensions\Microsoft.VisualStudio.TestPlatform.Extensions.Trx.TestLogger.dll
TpTrace Verbose: 0 : 29156, 1, 2024/08/02, 15:33:01.087, 1081982850471, vstest.console.dll, TestPluginCache.GetExtensionPaths: Added unfilterableExtensionPaths: 
TpTrace Verbose: 0 : 29156, 1, 2024/08/02, 15:33:01.087, 1081982851458, vstest.console.dll, TestPluginCache.DiscoverTestExtensions: Discovering the extensions using allExtensionPaths: C:\Program Files\dotnet\sdk\8.0.300\Extensions\Microsoft.Diagnostics.NETCore.Client.dll
C:\Program Files\dotnet\sdk\8.0.300\Extensions\Microsoft.TestPlatform.Extensions.BlameDataCollector.dll
C:\Program Files\dotnet\sdk\8.0.300\Extensions\Microsoft.TestPlatform.Extensions.EventLogCollector.dll
C:\Program Files\dotnet\sdk\8.0.300\Extensions\Microsoft.TestPlatform.TestHostRuntimeProvider.dll
C:\Program Files\dotnet\sdk\8.0.300\Extensions\Microsoft.VisualStudio.TestPlatform.Extensions.Html.TestLogger.dll
C:\Program Files\dotnet\sdk\8.0.300\Extensions\Microsoft.VisualStudio.TestPlatform.Extensions.Trx.TestLogger.dll
TpTrace Information: 0 : 29156, 1, 2024/08/02, 15:33:01.087, 1081982852949, vstest.console.dll, AssemblyResolver.AddSearchDirectories: Adding more searchDirectories C:\Program Files\dotnet\sdk\8.0.300\Extensions,C:\Program Files\dotnet\sdk\8.0.300
TpTrace Information: 0 : 29156, 1, 2024/08/02, 15:33:01.087, 1081982854158, vstest.console.dll, AssemblyResolver.AddSearchDirectories: Adding more searchDirectories C:\Program Files\dotnet\sdk\8.0.300\Extensions,C:\Program Files\dotnet\sdk\8.0.300
TpTrace Information: 0 : 29156, 1, 2024/08/02, 15:33:01.087, 1081982855707, vstest.console.dll, AssemblyResolver.AddSearchDirectories: Adding more searchDirectories C:\Program Files\dotnet\sdk\8.0.300\Extensions,C:\Program Files\dotnet\sdk\8.0.300
TpTrace Information: 0 : 29156, 1, 2024/08/02, 15:33:01.088, 1081982856701, vstest.console.dll, AssemblyResolver.AddSearchDirectories: Adding more searchDirectories C:\Program Files\dotnet\sdk\8.0.300\Extensions,C:\Program Files\dotnet\sdk\8.0.300
TpTrace Information: 0 : 29156, 1, 2024/08/02, 15:33:01.088, 1081982857667, vstest.console.dll, AssemblyResolver.AddSearchDirectories: Adding more searchDirectories C:\Program Files\dotnet\sdk\8.0.300\Extensions,C:\Program Files\dotnet\sdk\8.0.300
TpTrace Information: 0 : 29156, 1, 2024/08/02, 15:33:01.088, 1081982858517, vstest.console.dll, AssemblyResolver.AddSearchDirectories: Adding more searchDirectories C:\Program Files\dotnet\sdk\8.0.300\Extensions,C:\Program Files\dotnet\sdk\8.0.300
TpTrace Verbose: 0 : 29156, 1, 2024/08/02, 15:33:01.089, 1081982868024, vstest.console.dll, MetadataReaderExtensionsHelper: Discovering extensions inside assembly 'Microsoft.Diagnostics.NETCore.Client, Version=0.2.10.15101, Culture=neutral, PublicKeyToken=31bf3856ad364e35' file path 'C:\Program Files\dotnet\sdk\8.0.300\Extensions\Microsoft.Diagnostics.NETCore.Client.dll'
TpTrace Information: 0 : 29156, 1, 2024/08/02, 15:33:01.091, 1081982888931, vstest.console.dll, AssemblyResolver.OnResolve: Microsoft.Bcl.AsyncInterfaces: Resolving assembly.
TpTrace Information: 0 : 29156, 1, 2024/08/02, 15:33:01.091, 1081982890930, vstest.console.dll, AssemblyResolver.OnResolve: Microsoft.Bcl.AsyncInterfaces: Resolved from cache.
TpTrace Verbose: 0 : 29156, 1, 2024/08/02, 15:33:01.091, 1081982892089, vstest.console.dll, CurrentDomainAssemblyResolve: Resolving assembly 'Microsoft.Bcl.AsyncInterfaces'.
TpTrace Information: 0 : 29156, 1, 2024/08/02, 15:33:01.091, 1081982893370, vstest.console.dll, AssemblyResolver.OnResolve: Microsoft.Bcl.AsyncInterfaces: Resolving assembly.
TpTrace Information: 0 : 29156, 1, 2024/08/02, 15:33:01.091, 1081982894178, vstest.console.dll, AssemblyResolver.OnResolve: Microsoft.Bcl.AsyncInterfaces: Resolved from cache.
TpTrace Verbose: 0 : 29156, 1, 2024/08/02, 15:33:01.091, 1081982894893, vstest.console.dll, CurrentDomainAssemblyResolve: Resolving assembly 'Microsoft.Bcl.AsyncInterfaces'.
TpTrace Verbose: 0 : 29156, 1, 2024/08/02, 15:33:01.091, 1081982895634, vstest.console.dll, CurrentDomainAssemblyResolve: Failed to resolve assembly 'Microsoft.Bcl.AsyncInterfaces'.
TpTrace Verbose: 0 : 29156, 1, 2024/08/02, 15:33:01.092, 1081982899207, vstest.console.dll, CurrentDomainAssemblyResolve: Failed to resolve assembly 'Microsoft.Bcl.AsyncInterfaces'.
TpTrace Warning: 0 : 29156, 1, 2024/08/02, 15:33:01.093, 1081982907379, vstest.console.dll, TestPluginDiscoverer: Failed to get types from assembly 'Microsoft.Diagnostics.NETCore.Client, Version=0.2.10.15101, Culture=neutral, PublicKeyToken=31bf3856ad364e35'. Error: System.Reflection.ReflectionTypeLoadException: Unable to load one or more of the requested types.
Could not load file or assembly 'Microsoft.Bcl.AsyncInterfaces, Version=6.0.0.0, Culture=neutral, PublicKeyToken=cc7b13ffcd2ddd51'. The system cannot find the file specified.
   at System.Reflection.RuntimeModule.GetTypes(RuntimeModule module)
   at System.Reflection.RuntimeModule.GetTypes()
   at Microsoft.VisualStudio.TestPlatform.Common.ExtensionFramework.TestPluginDiscoverer.GetTestExtensionsFromAssembly[TPluginInfo,TExtension](Assembly assembly, Dictionary`2 pluginInfos, String filePath) in /_/src/Microsoft.TestPlatform.Common/ExtensionFramework/TestPluginDiscoverer.cs:line 158
System.IO.FileNotFoundException: Could not load file or assembly 'Microsoft.Bcl.AsyncInterfaces, Version=6.0.0.0, Culture=neutral, PublicKeyToken=cc7b13ffcd2ddd51'. The system cannot find the file specified.
File name: 'Microsoft.Bcl.AsyncInterfaces, Version=6.0.0.0, Culture=neutral, PublicKeyToken=cc7b13ffcd2ddd51'
 ---> System.IO.FileNotFoundException: Could not load file or assembly 'Microsoft.Bcl.AsyncInterfaces, Culture=neutral, PublicKeyToken=null'. The system cannot find the file specified.
File name: 'Microsoft.Bcl.AsyncInterfaces, Culture=neutral, PublicKeyToken=null'
   at System.Reflection.RuntimeAssembly.InternalLoad(AssemblyName assemblyName, StackCrawlMark& stackMark, AssemblyLoadContext assemblyLoadContext, RuntimeAssembly requestingAssembly, Boolean throwOnFileNotFound)
   at System.Reflection.Assembly.Load(AssemblyName assemblyRef)
   at Microsoft.VisualStudio.TestPlatform.Common.ExtensionFramework.TestPluginCache.CurrentDomainAssemblyResolve(Object sender, AssemblyResolveEventArgs args) in /_/src/Microsoft.TestPlatform.Common/ExtensionFramework/TestPluginCache.cs:line 513
   at System.Runtime.Loader.AssemblyLoadContext.GetFirstResolvedAssemblyFromResolvingEvent(AssemblyName assemblyName)
   at System.Runtime.Loader.AssemblyLoadContext.ResolveUsingEvent(AssemblyName assemblyName)
   at System.Runtime.Loader.AssemblyLoadContext.ResolveUsingResolvingEvent(IntPtr gchManagedAssemblyLoadContext, AssemblyName assemblyName)
TpTrace Warning: 0 : 29156, 1, 2024/08/02, 15:33:01.093, 1081982911445, vstest.console.dll, LoaderExceptions: System.IO.FileNotFoundException: Could not load file or assembly 'Microsoft.Bcl.AsyncInterfaces, Version=6.0.0.0, Culture=neutral, PublicKeyToken=cc7b13ffcd2ddd51'. The system cannot find the file specified.
File name: 'Microsoft.Bcl.AsyncInterfaces, Version=6.0.0.0, Culture=neutral, PublicKeyToken=cc7b13ffcd2ddd51'
 ---> System.IO.FileNotFoundException: Could not load file or assembly 'Microsoft.Bcl.AsyncInterfaces, Culture=neutral, PublicKeyToken=null'. The system cannot find the file specified.
File name: 'Microsoft.Bcl.AsyncInterfaces, Culture=neutral, PublicKeyToken=null'
   at System.Reflection.RuntimeAssembly.InternalLoad(AssemblyName assemblyName, StackCrawlMark& stackMark, AssemblyLoadContext assemblyLoadContext, RuntimeAssembly requestingAssembly, Boolean throwOnFileNotFound)
   at System.Reflection.Assembly.Load(AssemblyName assemblyRef)
   at Microsoft.VisualStudio.TestPlatform.Common.ExtensionFramework.TestPluginCache.CurrentDomainAssemblyResolve(Object sender, AssemblyResolveEventArgs args) in /_/src/Microsoft.TestPlatform.Common/ExtensionFramework/TestPluginCache.cs:line 513
   at System.Runtime.Loader.AssemblyLoadContext.GetFirstResolvedAssemblyFromResolvingEvent(AssemblyName assemblyName)
   at System.Runtime.Loader.AssemblyLoadContext.ResolveUsingEvent(AssemblyName assemblyName)
   at System.Runtime.Loader.AssemblyLoadContext.ResolveUsingResolvingEvent(IntPtr gchManagedAssemblyLoadContext, AssemblyName assemblyName)
TpTrace Verbose: 0 : 29156, 1, 2024/08/02, 15:33:01.093, 1081982913471, vstest.console.dll, MetadataReaderExtensionsHelper: Discovering extensions inside assembly 'Microsoft.TestPlatform.Extensions.BlameDataCollector, Version=15.0.0.0, Culture=neutral, PublicKeyToken=b03f5f7f11d50a3a' file path 'C:\Program Files\dotnet\sdk\8.0.300\Extensions\Microsoft.TestPlatform.Extensions.BlameDataCollector.dll'
TpTrace Information: 0 : 29156, 1, 2024/08/02, 15:33:01.094, 1081982925626, vstest.console.dll, GetTestExtensionFromType: Register extension with identifier data 'logger://Microsoft/TestPlatform/Extensions/Blame/v1' and type 'Microsoft.TestPlatform.Extensions.BlameDataCollector.BlameLogger, Microsoft.TestPlatform.Extensions.BlameDataCollector, Version=15.0.0.0, Culture=neutral, PublicKeyToken=b03f5f7f11d50a3a' inside file 'C:\Program Files\dotnet\sdk\8.0.300\Extensions\Microsoft.TestPlatform.Extensions.BlameDataCollector.dll'
TpTrace Verbose: 0 : 29156, 1, 2024/08/02, 15:33:01.095, 1081982928010, vstest.console.dll, MetadataReaderExtensionsHelper: Discovering extensions inside assembly 'Microsoft.TestPlatform.Extensions.EventLogCollector, Version=15.0.0.0, Culture=neutral, PublicKeyToken=b03f5f7f11d50a3a' file path 'C:\Program Files\dotnet\sdk\8.0.300\Extensions\Microsoft.TestPlatform.Extensions.EventLogCollector.dll'
TpTrace Verbose: 0 : 29156, 1, 2024/08/02, 15:33:01.095, 1081982935627, vstest.console.dll, MetadataReaderExtensionsHelper: Discovering extensions inside assembly 'Microsoft.TestPlatform.TestHostRuntimeProvider, Version=15.0.0.0, Culture=neutral, PublicKeyToken=b03f5f7f11d50a3a' file path 'C:\Program Files\dotnet\sdk\8.0.300\Extensions\Microsoft.TestPlatform.TestHostRuntimeProvider.dll'
TpTrace Verbose: 0 : 29156, 1, 2024/08/02, 15:33:01.096, 1081982943271, vstest.console.dll, MetadataReaderExtensionsHelper: Discovering extensions inside assembly 'Microsoft.VisualStudio.TestPlatform.Extensions.Html.TestLogger, Version=15.0.0.0, Culture=neutral, PublicKeyToken=b03f5f7f11d50a3a' file path 'C:\Program Files\dotnet\sdk\8.0.300\Extensions\Microsoft.VisualStudio.TestPlatform.Extensions.Html.TestLogger.dll'
TpTrace Information: 0 : 29156, 1, 2024/08/02, 15:33:01.097, 1081982955719, vstest.console.dll, GetTestExtensionFromType: Register extension with identifier data 'logger://Microsoft/TestPlatform/HtmlLogger/v1' and type 'Microsoft.VisualStudio.TestPlatform.Extensions.HtmlLogger.HtmlLogger, Microsoft.VisualStudio.TestPlatform.Extensions.Html.TestLogger, Version=15.0.0.0, Culture=neutral, PublicKeyToken=b03f5f7f11d50a3a' inside file 'C:\Program Files\dotnet\sdk\8.0.300\Extensions\Microsoft.VisualStudio.TestPlatform.Extensions.Html.TestLogger.dll'
TpTrace Verbose: 0 : 29156, 1, 2024/08/02, 15:33:01.098, 1081982957548, vstest.console.dll, MetadataReaderExtensionsHelper: Discovering extensions inside assembly 'Microsoft.VisualStudio.TestPlatform.Extensions.Trx.TestLogger, Version=15.0.0.0, Culture=neutral, PublicKeyToken=b03f5f7f11d50a3a' file path 'C:\Program Files\dotnet\sdk\8.0.300\Extensions\Microsoft.VisualStudio.TestPlatform.Extensions.Trx.TestLogger.dll'
TpTrace Information: 0 : 29156, 1, 2024/08/02, 15:33:01.099, 1081982965979, vstest.console.dll, GetTestExtensionFromType: Register extension with identifier data 'logger://Microsoft/TestPlatform/TrxLogger/v1' and type 'Microsoft.VisualStudio.TestPlatform.Extensions.TrxLogger.TrxLogger, Microsoft.VisualStudio.TestPlatform.Extensions.Trx.TestLogger, Version=15.0.0.0, Culture=neutral, PublicKeyToken=b03f5f7f11d50a3a' inside file 'C:\Program Files\dotnet\sdk\8.0.300\Extensions\Microsoft.VisualStudio.TestPlatform.Extensions.Trx.TestLogger.dll'
TpTrace Verbose: 0 : 29156, 1, 2024/08/02, 15:33:01.099, 1081982967897, vstest.console.dll, TestPluginCache: Discovered the extensions using extension path ''.
TpTrace Verbose: 0 : 29156, 1, 2024/08/02, 15:33:01.099, 1081982968847, vstest.console.dll, TestPluginCache: Discoverers are ''.
TpTrace Verbose: 0 : 29156, 1, 2024/08/02, 15:33:01.099, 1081982969620, vstest.console.dll, TestPluginCache: Executors are ''.
TpTrace Verbose: 0 : 29156, 1, 2024/08/02, 15:33:01.099, 1081982970337, vstest.console.dll, TestPluginCache: Executors2 are ''.
TpTrace Verbose: 0 : 29156, 1, 2024/08/02, 15:33:01.099, 1081982971006, vstest.console.dll, TestPluginCache: Setting providers are ''.
TpTrace Verbose: 0 : 29156, 1, 2024/08/02, 15:33:01.099, 1081982973045, vstest.console.dll, TestPluginCache: Loggers are 'logger://Microsoft/TestPlatform/Extensions/Blame/v1,logger://Microsoft/TestPlatform/HtmlLogger/v1,logger://Microsoft/TestPlatform/TrxLogger/v1'.
TpTrace Verbose: 0 : 29156, 1, 2024/08/02, 15:33:01.099, 1081982974260, vstest.console.dll, TestPluginCache: TestHosts are 'HostProvider://DefaultTestHost,HostProvider://DotnetTestHost'.
TpTrace Verbose: 0 : 29156, 1, 2024/08/02, 15:33:01.099, 1081982975267, vstest.console.dll, TestPluginCache: DataCollectors are ''.
TpTrace Information: 0 : 29156, 1, 2024/08/02, 15:33:01.102, 1081982996057, vstest.console.dll, TestPluginManager.CreateTestExtension: Attempting to load test extension: Microsoft.TestPlatform.Extensions.BlameDataCollector.BlameLogger
TpTrace Verbose: 0 : 29156, 1, 2024/08/02, 15:33:01.124, 1081983225392, vstest.console.dll, TestEngine: Initializing Parallel Execution as MaxCpuCount is set to: 1
TpTrace Information: 0 : 29156, 1, 2024/08/02, 15:33:01.130, 1081983280605, vstest.console.dll, TestPluginManager.CreateTestExtension: Attempting to load test extension: Microsoft.VisualStudio.TestPlatform.CrossPlatEngine.Hosting.DefaultTestHostManager
TpTrace Information: 0 : 29156, 1, 2024/08/02, 15:33:01.132, 1081983304604, vstest.console.dll, TestPluginManager.CreateTestExtension: Attempting to load test extension: Microsoft.VisualStudio.TestPlatform.CrossPlatEngine.Hosting.DotnetTestHostManager
TpTrace Information: 0 : 29156, 1, 2024/08/02, 15:33:01.134, 1081983320283, vstest.console.dll, InferRunSettingsHelper.IsTestSettingsEnabled: Unable to navigate to RunSettings/MSTest. Current node: RunSettings
TpTrace Verbose: 0 : 29156, 1, 2024/08/02, 15:33:01.139, 1081983375492, vstest.console.dll, ParallelOperationManager.ClearSlots: Clearing all slots. Slots should accept more work: True
TpTrace Verbose: 0 : 29156, 1, 2024/08/02, 15:33:01.143, 1081983412264, vstest.console.dll, ParallelOperationManager.SetOccupiedSlotCount: Setting slot counts AvailableSlotCount = 1, OccupiedSlotCount = 0.
TpTrace Verbose: 0 : 29156, 1, 2024/08/02, 15:33:01.144, 1081983422967, vstest.console.dll, Occupied slots:

TpTrace Verbose: 0 : 29156, 1, 2024/08/02, 15:33:01.158, 1081983562176, vstest.console.dll, TestEngine.GetExecutionManager: Chosen execution manager 'Microsoft.VisualStudio.TestPlatform.CrossPlatEngine.Client.Parallel.ParallelProxyExecutionManager, Microsoft.TestPlatform.CrossPlatEngine, Version=15.0.0.0, Culture=neutral, PublicKeyToken=b03f5f7f11d50a3a' ParallelLevel '1'.
TpTrace Verbose: 0 : 29156, 1, 2024/08/02, 15:33:01.159, 1081983566550, vstest.console.dll, TestRunRequest.ExecuteAsync: Creating test run request.
TpTrace Verbose: 0 : 29156, 1, 2024/08/02, 15:33:01.159, 1081983573088, vstest.console.dll, TestRunRequest.ExecuteAsync: Starting.
TpTrace Information: 0 : 29156, 1, 2024/08/02, 15:33:01.165, 1081983629277, vstest.console.dll, TestRunRequest.ExecuteAsync: Starting run with settings:TestRunCriteria:
   KeepAlive=False,FrequencyOfRunStatsChangeEvent=10,RunStatsChangeEventTimeout=00:00:01.5000000,TestCaseFilter=,TestExecutorLauncher=
   Settingsxml=<RunSettings>
  <RunConfiguration>
    <ResultsDirectory>C:\Users\VC\Desktop\capstone\CofeeStoreManagementSln\CofeeStoerBLTesting\bin\Debug\net8.0\fine-code-coverage\coverage-tool-output</ResultsDirectory>
    <TargetPlatform>X64</TargetPlatform>
    <TargetFrameworkVersion>.NETCoreApp,Version=v8.0</TargetFrameworkVersion>
    <DesignMode>False</DesignMode>
    <CollectSourceInformation>False</CollectSourceInformation>
  </RunConfiguration>
  <LoggerRunSettings>
    <Loggers>
      <Logger friendlyName="blame" enabled="True" />
      <Logger friendlyName="Console" uri="logger://microsoft/TestPlatform/ConsoleLogger/v1" assemblyQualifiedName="Microsoft.VisualStudio.TestPlatform.CommandLine.Internal.ConsoleLogger, vstest.console, Version=15.0.0.0, Culture=neutral, PublicKeyToken=b03f5f7f11d50a3a" codeBase="C:\Program Files\dotnet\sdk\8.0.300\vstest.console.dll" enabled="True" />
    </Loggers>
  </LoggerRunSettings>
  <DataCollectionRunSettings>
    <DataCollectors>
      <DataCollector friendlyName="blame" enabled="True">
        <Configuration>
          <ResultsDirectory>C:\Users\VC\Desktop\capstone\CofeeStoreManagementSln\CofeeStoerBLTesting\bin\Debug\net8.0\fine-code-coverage\coverage-tool-output</ResultsDirectory>
        </Configuration>
      </DataCollector>
    </DataCollectors>
  </DataCollectionRunSettings>
</RunSettings>

TpTrace Verbose: 0 : 29156, 1, 2024/08/02, 15:33:01.165, 1081983632375, vstest.console.dll, TestRunRequest.ExecuteAsync: Wait for the first run request is over.
TpTrace Verbose: 0 : 29156, 1, 2024/08/02, 15:33:01.168, 1081983665717, vstest.console.dll, MulticastDelegateUtilities.SafeInvoke: TestRun.TestRunStart: Invoking callbacks was skipped because there are no subscribers.
TpTrace Verbose: 0 : 29156, 4, 2024/08/02, 15:33:01.169, 1081983670074, vstest.console.dll, MulticastDelegateUtilities.SafeInvoke: InternalTestLoggerEvents.SendTestRunStart: Invoking callback 1/1 for Microsoft.VisualStudio.TestPlatform.CommandLine.Internal.ConsoleLogger., took 0 ms.
TpTrace Verbose: 0 : 29156, 1, 2024/08/02, 15:33:01.173, 1081983710410, vstest.console.dll, ParallelProxyExecutionManager: Start execution. Total sources: 1
TpTrace Verbose: 0 : 29156, 1, 2024/08/02, 15:33:01.174, 1081983722554, vstest.console.dll, ParallelOperationManager.StartWork: Starting adding 1 workloads.
TpTrace Verbose: 0 : 29156, 1, 2024/08/02, 15:33:01.175, 1081983726148, vstest.console.dll, ParallelOperationManager.ClearSlots: Clearing all slots. Slots should accept more work: True
TpTrace Verbose: 0 : 29156, 1, 2024/08/02, 15:33:01.175, 1081983730628, vstest.console.dll, ParallelOperationManager.SetOccupiedSlotCount: Setting slot counts AvailableSlotCount = 1, OccupiedSlotCount = 0.
TpTrace Verbose: 0 : 29156, 1, 2024/08/02, 15:33:01.175, 1081983732287, vstest.console.dll, Occupied slots:

TpTrace Verbose: 0 : 29156, 1, 2024/08/02, 15:33:01.181, 1081983790139, vstest.console.dll, TestRequestSender is acting as server.
TpTrace Verbose: 0 : 29156, 1, 2024/08/02, 15:33:01.185, 1081983835408, vstest.console.dll, ParallelOperationManager.RunWorkInParallel: Adding 1 workload to slot, remaining workloads 0.
TpTrace Verbose: 0 : 29156, 1, 2024/08/02, 15:33:01.186, 1081983838179, vstest.console.dll, ParallelOperationManager.SetOccupiedSlotCount: Setting slot counts AvailableSlotCount = 0, OccupiedSlotCount = 1.
TpTrace Verbose: 0 : 29156, 1, 2024/08/02, 15:33:01.186, 1081983841411, vstest.console.dll, Occupied slots:
0: C:\Users\VC\Desktop\capstone\CofeeStoreManagementSln\CofeeStoerBLTesting\bin\Debug\net8.0\fine-code-coverage\build-output\CofeeStoerBLTesting.dll
TpTrace Verbose: 0 : 29156, 1, 2024/08/02, 15:33:01.191, 1081983887405, vstest.console.dll, ParallelOperationManager.RunWorkInParallel: Started host in slot number 0 for work (source): C:\Users\VC\Desktop\capstone\CofeeStoreManagementSln\CofeeStoerBLTesting\bin\Debug\net8.0\fine-code-coverage\build-output\CofeeStoerBLTesting.dll.
TpTrace Verbose: 0 : 29156, 5, 2024/08/02, 15:33:01.241, 1081984393438, vstest.console.dll, ParallelProxyExecutionManager.StartTestRunOnConcurrentManager: Initializing uninitialized client. Started clients: 0
TpTrace Verbose: 0 : 29156, 5, 2024/08/02, 15:33:01.242, 1081984403056, vstest.console.dll, DataCollectionRequestSender.InitializeCommunication : Initialize communication. 
TpTrace Verbose: 0 : 29156, 1, 2024/08/02, 15:33:01.249, 1081984473995, vstest.console.dll, ParallelOperationManager.RunWorkInParallel: We started 1 work items, which is the max parallel level. Won't start more work.
TpTrace Verbose: 0 : 29156, 1, 2024/08/02, 15:33:01.250, 1081984479028, vstest.console.dll, ParallelOperationManager.RunWorkInParallel: We started 1 work items in here, returning True.
TpTrace Information: 0 : 29156, 1, 2024/08/02, 15:33:01.250, 1081984480493, vstest.console.dll, TestRunRequest.ExecuteAsync: Started.
TpTrace Verbose: 0 : 29156, 1, 2024/08/02, 15:33:01.252, 1081984499693, vstest.console.dll, TestRunRequest.WaitForCompletion: Waiting with timeout -1.
TpTrace Information: 0 : 29156, 5, 2024/08/02, 15:33:01.283, 1081984810856, vstest.console.dll, Listening on Endpoint : 127.0.0.1:63761
TpTrace Verbose: 0 : 29156, 5, 2024/08/02, 15:33:01.305, 1081985031905, vstest.console.dll, DotnetDataCollectionLauncher: Adding  --runtimeconfig "C:\Program Files\dotnet\sdk\8.0.300\datacollector.runtimeconfig.json" in args
TpTrace Verbose: 0 : 29156, 5, 2024/08/02, 15:33:01.306, 1081985035906, vstest.console.dll, DotnetDataCollectionLauncher: Adding  --depsfile "C:\Program Files\dotnet\sdk\8.0.300\datacollector.deps.json" in args
TpTrace Verbose: 0 : 29156, 5, 2024/08/02, 15:33:01.308, 1081985061462, vstest.console.dll, DotnetDataCollectionLauncher: Full path of dotnet.exe is C:\Program Files\dotnet\dotnet.exe
TpTrace Information: 0 : 29156, 5, 2024/08/02, 15:33:01.334, 1081985319092, vstest.console.dll, ProxyDataCollectionManager.Initialize: Launched datacollector processId: 7760 port: 63761
TpTrace Information: 0 : 29156, 5, 2024/08/02, 15:33:01.334, 1081985322257, vstest.console.dll, ProxyDataCollectionManager.Initialize: waiting for connection with timeout: 90 seconds
TpTrace Verbose: 0 : 29156, 5, 2024/08/02, 15:33:01.334, 1081985323553, vstest.console.dll, DataCollectionRequestSender.WaitForRequestHandlerConnection : Waiting for connection with timeout: 90000
TpTrace Verbose: 0 : 29156, 5, 2024/08/02, 15:33:01.881, 1081990790573, vstest.console.dll, SocketCommunicationManager.WaitForClientConnection took: 546 ms, with 90000 ms timeout, and finished with True.
TpTrace Verbose: 0 : 29156, 5, 2024/08/02, 15:33:01.881, 1081990793695, vstest.console.dll, ProxyDataCollectionManager.InvokeDataCollectionServiceAction: Starting.
TpTrace Information: 0 : 29156, 5, 2024/08/02, 15:33:01.881, 1081990795354, vstest.console.dll, ProxyDataCollectionManager.BeforeTestRunStart: Get environment variable and port for datacollector processId: 7760 port: 63761
TpTrace Verbose: 0 : 29156, 5, 2024/08/02, 15:33:01.882, 1081990797300, vstest.console.dll, DataCollectionRequestSender.SendBeforeTestRunStartAndGetResult: Send BeforeTestRunStart message with settingsXml <RunSettings><RunConfiguration><ResultsDirectory>C:\Users\VC\Desktop\capstone\CofeeStoreManagementSln\CofeeStoerBLTesting\bin\Debug\net8.0\fine-code-coverage\coverage-tool-output</ResultsDirectory><TargetPlatform>X64</TargetPlatform><TargetFrameworkVersion>.NETCoreApp,Version=v8.0</TargetFrameworkVersion><DesignMode>False</DesignMode><CollectSourceInformation>False</CollectSourceInformation><TestAdaptersPaths>C:\Program Files\dotnet\sdk\8.0.300\Extensions</TestAdaptersPaths></RunConfiguration><LoggerRunSettings><Loggers><Logger friendlyName="blame" enabled="True" /><Logger friendlyName="Console" uri="logger://microsoft/TestPlatform/ConsoleLogger/v1" assemblyQualifiedName="Microsoft.VisualStudio.TestPlatform.CommandLine.Internal.ConsoleLogger, vstest.console, Version=15.0.0.0, Culture=neutral, PublicKeyToken=b03f5f7f11d50a3a" codeBase="C:\Program Files\dotnet\sdk\8.0.300\vstest.console.dll" enabled="True" /></Loggers></LoggerRunSettings><DataCollectionRunSettings><DataCollectors><DataCollector friendlyName="blame" enabled="True"><Configuration><ResultsDirectory>C:\Users\VC\Desktop\capstone\CofeeStoreManagementSln\CofeeStoerBLTesting\bin\Debug\net8.0\fine-code-coverage\coverage-tool-output</ResultsDirectory></Configuration></DataCollector></DataCollectors></DataCollectionRunSettings></RunSettings> and sources System.Collections.Generic.List`1[System.String]: 
TpTrace Information: 0 : 29156, 6, 2024/08/02, 15:33:01.882, 1081990798181, vstest.console.dll, Using the buffer size of 16384 bytes
TpTrace Information: 0 : 29156, 6, 2024/08/02, 15:33:01.882, 1081990799526, vstest.console.dll, Accepted Client request and set the flag
TpTrace Verbose: 0 : 29156, 5, 2024/08/02, 15:33:02.035, 1081992331257, vstest.console.dll, DataCollectionRequestSender.SendBeforeTestRunStartAndGetResult: Received message: (DataCollection.SendMessage) -> {"MessageType":"DataCollection.SendMessage","Payload":{"FriendlyName":null,"Uri":null,"TestCaseId":"00000000-0000-0000-0000-000000000000","Message":"Logging DataCollector Diagnostics in file: C:\\Users\\VC\\Desktop\\capstone\\CofeeStoreManagementSln\\CofeeStoerBLTesting\\bin\\Debug\\net8.0\\fine-code-coverage\\coverage-tool-output\\diagnostics.datacollector.24-08-02_15-33-01_30495_5.log","Level":0}}
TpTrace Verbose: 0 : 29156, 5, 2024/08/02, 15:33:02.235, 1081994327458, vstest.console.dll, DataCollectionRequestSender.SendBeforeTestRunStartAndGetResult: Received message: (DataCollection.BeforeTestRunStartResult) -> {"MessageType":"DataCollection.BeforeTestRunStartResult","Payload":{"EnvironmentVariables":{},"DataCollectionEventsPort":63763}}
TpTrace Information: 0 : 29156, 5, 2024/08/02, 15:33:02.244, 1081994422418, vstest.console.dll, ProxyDataCollectionManager.BeforeTestRunStart: SendBeforeTestRunStartAndGetResult successful, env variable from datacollector:   and testhost port: 63763
TpTrace Information: 0 : 29156, 5, 2024/08/02, 15:33:02.244, 1081994424482, vstest.console.dll, ProxyDataCollectionManager.InvokeDataCollectionServiceAction: Completed.
TpTrace Verbose: 0 : 29156, 5, 2024/08/02, 15:33:02.244, 1081994425216, vstest.console.dll, ParallelProxyExecutionManager.StartTestRunOnConcurrentManager: Initializing test run. Started clients: 0
TpTrace Verbose: 0 : 29156, 5, 2024/08/02, 15:33:02.245, 1081994426498, vstest.console.dll, ProxyExecutionManager: Test host is always Lazy initialize.
TpTrace Verbose: 0 : 29156, 5, 2024/08/02, 15:33:02.245, 1081994429202, vstest.console.dll, TestRequestSender.InitializeCommunication: initialize communication. 
TpTrace Information: 0 : 29156, 5, 2024/08/02, 15:33:02.246, 1081994436542, vstest.console.dll, SocketServer.Start: Listening on endpoint : 127.0.0.1:63764
TpTrace Verbose: 0 : 29156, 5, 2024/08/02, 15:33:02.247, 1081994450958, vstest.console.dll, DotnetTestHostmanager.GetTestHostProcessStartInfo: Platform environment 'X64' target architecture 'X64' framework '.NETCoreApp,Version=v8.0' OS 'Windows'
TpTrace Verbose: 0 : 29156, 5, 2024/08/02, 15:33:02.248, 1081994460182, vstest.console.dll, DotnetTestHostmanager: Adding  --runtimeconfig "C:\Users\VC\Desktop\capstone\CofeeStoreManagementSln\CofeeStoerBLTesting\bin\Debug\net8.0\fine-code-coverage\build-output\CofeeStoerBLTesting.runtimeconfig.json" in args
TpTrace Verbose: 0 : 29156, 5, 2024/08/02, 15:33:02.248, 1081994463602, vstest.console.dll, DotnetTestHostmanager: Adding  --depsfile "C:\Users\VC\Desktop\capstone\CofeeStoreManagementSln\CofeeStoerBLTesting\bin\Debug\net8.0\fine-code-coverage\build-output\CofeeStoerBLTesting.deps.json" in args
TpTrace Verbose: 0 : 29156, 5, 2024/08/02, 15:33:02.249, 1081994469815, vstest.console.dll, DotnetTestHostmanager.IsWinOnArm: Current PROCESSOR_ARCHITECTURE from environment variable 'AMD64'
TpTrace Verbose: 0 : 29156, 5, 2024/08/02, 15:33:02.249, 1081994471418, vstest.console.dll, DotnetTestHostmanager.IsWinOnArm: Is Windows on ARM 'False'
TpTrace Verbose: 0 : 29156, 5, 2024/08/02, 15:33:02.249, 1081994473605, vstest.console.dll, DotnetTestHostManager: testhost.exe found at path: C:\Users\VC\Desktop\capstone\CofeeStoreManagementSln\CofeeStoerBLTesting\bin\Debug\net8.0\fine-code-coverage\build-output\testhost.exe
TpTrace Verbose: 0 : 29156, 5, 2024/08/02, 15:33:02.249, 1081994474561, vstest.console.dll, DotnetTestHostmanager: Full path of host exe is C:\Users\VC\Desktop\capstone\CofeeStoreManagementSln\CofeeStoerBLTesting\bin\Debug\net8.0\fine-code-coverage\build-output\testhost.exe
TpTrace Verbose: 0 : 29156, 5, 2024/08/02, 15:33:02.250, 1081994476832, vstest.console.dll, DotnetTestHostmanager.LaunchTestHostAsync: Found 'VSTEST_WINAPPHOST_DOTNET_ROOT' in env variables, value 'C:\Program Files\dotnet', forwarding to 'DOTNET_ROOT'
TpTrace Verbose: 0 : 29156, 5, 2024/08/02, 15:33:02.250, 1081994480049, vstest.console.dll, DotnetTestHostManager: Starting process 'C:\Users\VC\Desktop\capstone\CofeeStoreManagementSln\CofeeStoerBLTesting\bin\Debug\net8.0\fine-code-coverage\build-output\testhost.exe' with command line ' --runtimeconfig "C:\Users\VC\Desktop\capstone\CofeeStoreManagementSln\CofeeStoerBLTesting\bin\Debug\net8.0\fine-code-coverage\build-output\CofeeStoerBLTesting.runtimeconfig.json" --depsfile "C:\Users\VC\Desktop\capstone\CofeeStoreManagementSln\CofeeStoerBLTesting\bin\Debug\net8.0\fine-code-coverage\build-output\CofeeStoerBLTesting.deps.json" --port 63764 --endpoint 127.0.0.1:063764 --role client --parentprocessid 29156 --diag "C:\Users\VC\Desktop\capstone\CofeeStoreManagementSln\CofeeStoerBLTesting\bin\Debug\net8.0\fine-code-coverage\coverage-tool-output\diagnostics.host.24-08-02_15-33-02_24677_5.log" --tracelevel 4 --datacollectionport 63763 --telemetryoptedin false'
TpTrace Verbose: 0 : 29156, 5, 2024/08/02, 15:33:02.262, 1081994605632, vstest.console.dll, MulticastDelegateUtilities.SafeInvoke: HostProviderEvents.OnHostLaunched: Invoking callback 1/2 for Microsoft.VisualStudio.TestPlatform.CrossPlatEngine.Client.ProxyExecutionManagerWithDataCollection., took 1 ms.
TpTrace Verbose: 0 : 29156, 5, 2024/08/02, 15:33:02.263, 1081994611267, vstest.console.dll, Test Runtime launched
TpTrace Verbose: 0 : 29156, 5, 2024/08/02, 15:33:02.263, 1081994612811, vstest.console.dll, MulticastDelegateUtilities.SafeInvoke: HostProviderEvents.OnHostLaunched: Invoking callback 2/2 for Microsoft.VisualStudio.TestPlatform.CrossPlatEngine.Client.ProxyOperationManager., took 0 ms.
TpTrace Verbose: 0 : 29156, 5, 2024/08/02, 15:33:02.263, 1081994614942, vstest.console.dll, TestRequestSender.WaitForRequestHandlerConnection: waiting for connection with timeout: 90000.
TpTrace Verbose: 0 : 29156, 5, 2024/08/02, 15:33:02.703, 1081999015723, vstest.console.dll, TestRequestSender.WaitForRequestHandlerConnection: waiting took 440 ms, with timeout 90000 ms, and result 0, which is success.
TpTrace Verbose: 0 : 29156, 11, 2024/08/02, 15:33:02.703, 1081999015732, vstest.console.dll, MulticastDelegateUtilities.SafeInvoke: SocketServer: ClientConnected: Invoking callback 1/1 for Microsoft.VisualStudio.TestPlatform.CommunicationUtilities.TestRequestSender., took 0 ms.
TpTrace Verbose: 0 : 29156, 11, 2024/08/02, 15:33:02.704, 1081999020082, vstest.console.dll, SocketServer.OnClientConnected: Client connected for endPoint: 127.0.0.1:63764, starting MessageLoopAsync:
TpTrace Verbose: 0 : 29156, 11, 2024/08/02, 15:33:02.705, 1081999029531, vstest.console.dll, TcpClientExtensions.MessageLoopAsync: Polling on remoteEndPoint: 127.0.0.1:63765 localEndPoint: 127.0.0.1:63764 after 0 ms
TpTrace Verbose: 0 : 29156, 5, 2024/08/02, 15:33:02.706, 1081999040301, vstest.console.dll, TestRequestSender.CheckVersionWithTestHost: Sending check version message: {"MessageType":"ProtocolVersion","Payload":7}
TpTrace Verbose: 0 : 29156, 11, 2024/08/02, 15:33:03.007, 1082002054264, vstest.console.dll, TcpClientExtensions.MessageLoopAsync: NotifyDataAvailable remoteEndPoint: 127.0.0.1:63765 localEndPoint: 127.0.0.1:63764
TpTrace Verbose: 0 : 29156, 11, 2024/08/02, 15:33:03.008, 1082002060733, vstest.console.dll, TestRequestSender.CheckVersionWithTestHost: onMessageReceived received message: (ProtocolVersion) -> {"MessageType":"ProtocolVersion","Payload":7}
TpTrace Verbose: 0 : 29156, 11, 2024/08/02, 15:33:03.009, 1082002073755, vstest.console.dll, MulticastDelegateUtilities.SafeInvoke: LengthPrefixCommunicationChannel: MessageReceived: Invoking callback 1/1 for Microsoft.VisualStudio.TestPlatform.CommunicationUtilities.TestRequestSender+<>c__DisplayClass29_0., took 1 ms.
TpTrace Verbose: 0 : 29156, 5, 2024/08/02, 15:33:03.010, 1082002076670, vstest.console.dll, TestPluginCache.GetExtensionPaths: Filtered extension paths: 
TpTrace Verbose: 0 : 29156, 11, 2024/08/02, 15:33:03.010, 1082002078715, vstest.console.dll, TcpClientExtensions.MessageLoopAsync: Polling on remoteEndPoint: 127.0.0.1:63765 localEndPoint: 127.0.0.1:63764 after 304 ms
TpTrace Verbose: 0 : 29156, 5, 2024/08/02, 15:33:03.010, 1082002079857, vstest.console.dll, TestPluginCache.GetExtensionPaths: Added default extension paths: C:\Program Files\dotnet\sdk\8.0.300\Extensions\Microsoft.Diagnostics.NETCore.Client.dll
C:\Program Files\dotnet\sdk\8.0.300\Extensions\Microsoft.TestPlatform.Extensions.BlameDataCollector.dll
C:\Program Files\dotnet\sdk\8.0.300\Extensions\Microsoft.TestPlatform.Extensions.EventLogCollector.dll
C:\Program Files\dotnet\sdk\8.0.300\Extensions\Microsoft.TestPlatform.TestHostRuntimeProvider.dll
C:\Program Files\dotnet\sdk\8.0.300\Extensions\Microsoft.VisualStudio.TestPlatform.Extensions.Html.TestLogger.dll
C:\Program Files\dotnet\sdk\8.0.300\Extensions\Microsoft.VisualStudio.TestPlatform.Extensions.Trx.TestLogger.dll
TpTrace Verbose: 0 : 29156, 5, 2024/08/02, 15:33:03.010, 1082002081177, vstest.console.dll, TestPluginCache.GetExtensionPaths: Added unfilterableExtensionPaths: 
TpTrace Verbose: 0 : 29156, 5, 2024/08/02, 15:33:03.017, 1082002151879, vstest.console.dll, TestRequestSender.InitializeExecution: Sending initialize execution with message: {"Version":7,"MessageType":"TestExecution.Initialize","Payload":["C:\\Users\\VC\\Desktop\\capstone\\CofeeStoreManagementSln\\CofeeStoerBLTesting\\bin\\Debug\\net8.0\\fine-code-coverage\\build-output\\NUnit3.TestAdapter.dll"]}
TpTrace Verbose: 0 : 29156, 5, 2024/08/02, 15:33:03.018, 1082002156922, vstest.console.dll, ParallelProxyExecutionManager.StartTestRunOnConcurrentManager: Execution starting. Started clients: 1
TpTrace Verbose: 0 : 29156, 5, 2024/08/02, 15:33:03.018, 1082002163180, vstest.console.dll, TestRunRequest:SendTestRunMessage: Starting.
TpTrace Verbose: 0 : 29156, 5, 2024/08/02, 15:33:03.019, 1082002166702, vstest.console.dll, MulticastDelegateUtilities.SafeInvoke: TestRun.LogMessages: Invoking callback 1/1 for Microsoft.VisualStudio.TestPlatform.CommandLine.TestRunResultAggregator., took 0 ms.
TpTrace Information: 0 : 29156, 5, 2024/08/02, 15:33:03.019, 1082002167894, vstest.console.dll, TestRunRequest:SendTestRunMessage: Completed.
TpTrace Verbose: 0 : 29156, 4, 2024/08/02, 15:33:03.019, 1082002170647, vstest.console.dll, MulticastDelegateUtilities.SafeInvoke: InternalTestLoggerEvents.SendTestRunMessage: Invoking callback 1/1 for Microsoft.VisualStudio.TestPlatform.CommandLine.Internal.ConsoleLogger., took 0 ms.
TpTrace Warning: 0 : 29156, 5, 2024/08/02, 15:33:03.020, 1082002178985, vstest.console.dll, InferRunSettingsHelper.MakeRunsettingsCompatible: Removing the following settings: TargetPlatform from RunSettings file. To use those settings please move to latest version of Microsoft.NET.Test.Sdk
TpTrace Verbose: 0 : 29156, 11, 2024/08/02, 15:33:03.023, 1082002209389, vstest.console.dll, TcpClientExtensions.MessageLoopAsync: NotifyDataAvailable remoteEndPoint: 127.0.0.1:63765 localEndPoint: 127.0.0.1:63764
TpTrace Verbose: 0 : 29156, 11, 2024/08/02, 15:33:03.024, 1082002220078, vstest.console.dll, TestRequestSender.OnExecutionMessageReceived: Received message: {"Version":7,"MessageType":"TestSession.Message","Payload":{"MessageLevel":0,"Message":"Logging TestHost Diagnostics in file: C:\\Users\\VC\\Desktop\\capstone\\CofeeStoreManagementSln\\CofeeStoerBLTesting\\bin\\Debug\\net8.0\\fine-code-coverage\\coverage-tool-output\\diagnostics.host.24-08-02_15-33-02_24677_5.log"}}
TpTrace Verbose: 0 : 29156, 11, 2024/08/02, 15:33:03.030, 1082002280556, vstest.console.dll, TestRunRequest:SendTestRunMessage: Starting.
TpTrace Verbose: 0 : 29156, 11, 2024/08/02, 15:33:03.030, 1082002284119, vstest.console.dll, MulticastDelegateUtilities.SafeInvoke: TestRun.LogMessages: Invoking callback 1/1 for Microsoft.VisualStudio.TestPlatform.CommandLine.TestRunResultAggregator., took 0 ms.
TpTrace Verbose: 0 : 29156, 4, 2024/08/02, 15:33:03.030, 1082002284612, vstest.console.dll, MulticastDelegateUtilities.SafeInvoke: InternalTestLoggerEvents.SendTestRunMessage: Invoking callback 1/1 for Microsoft.VisualStudio.TestPlatform.CommandLine.Internal.ConsoleLogger., took 0 ms.
TpTrace Information: 0 : 29156, 11, 2024/08/02, 15:33:03.030, 1082002285233, vstest.console.dll, TestRunRequest:SendTestRunMessage: Completed.
TpTrace Verbose: 0 : 29156, 11, 2024/08/02, 15:33:03.031, 1082002288982, vstest.console.dll, MulticastDelegateUtilities.SafeInvoke: LengthPrefixCommunicationChannel: MessageReceived: Invoking callback 1/1 for Microsoft.VisualStudio.TestPlatform.CommunicationUtilities.TestRequestSender+<>c__DisplayClass34_0., took 7 ms.
TpTrace Verbose: 0 : 29156, 11, 2024/08/02, 15:33:03.031, 1082002290604, vstest.console.dll, TcpClientExtensions.MessageLoopAsync: Polling on remoteEndPoint: 127.0.0.1:63765 localEndPoint: 127.0.0.1:63764 after 20 ms
TpTrace Verbose: 0 : 29156, 5, 2024/08/02, 15:33:03.045, 1082002430582, vstest.console.dll, TestRequestSender.StartTestRun: Sending test run with message: {"Version":7,"MessageType":"TestExecution.StartWithSources","Payload":{"AdapterSourceMap":{"_none_":["C:\\Users\\VC\\Desktop\\capstone\\CofeeStoreManagementSln\\CofeeStoerBLTesting\\bin\\Debug\\net8.0\\fine-code-coverage\\build-output\\CofeeStoerBLTesting.dll"]},"RunSettings":"<RunSettings>\r\n  <RunConfiguration>\r\n    <ResultsDirectory>C:\\Users\\VC\\Desktop\\capstone\\CofeeStoreManagementSln\\CofeeStoerBLTesting\\bin\\Debug\\net8.0\\fine-code-coverage\\coverage-tool-output</ResultsDirectory>\r\n    <TargetFrameworkVersion>.NETCoreApp,Version=v8.0</TargetFrameworkVersion>\r\n    <DesignMode>False</DesignMode>\r\n    <CollectSourceInformation>False</CollectSourceInformation>\r\n  </RunConfiguration>\r\n  <LoggerRunSettings>\r\n    <Loggers>\r\n      <Logger friendlyName=\"blame\" enabled=\"True\" />\r\n      <Logger friendlyName=\"Console\" uri=\"logger://microsoft/TestPlatform/ConsoleLogger/v1\" assemblyQualifiedName=\"Microsoft.VisualStudio.TestPlatform.CommandLine.Internal.ConsoleLogger, vstest.console, Version=15.0.0.0, Culture=neutral, PublicKeyToken=b03f5f7f11d50a3a\" codeBase=\"C:\\Program Files\\dotnet\\sdk\\8.0.300\\vstest.console.dll\" enabled=\"True\" />\r\n    </Loggers>\r\n  </LoggerRunSettings>\r\n  <DataCollectionRunSettings>\r\n    <DataCollectors>\r\n      <DataCollector friendlyName=\"blame\" enabled=\"True\">\r\n        <Configuration>\r\n          <ResultsDirectory>C:\\Users\\VC\\Desktop\\capstone\\CofeeStoreManagementSln\\CofeeStoerBLTesting\\bin\\Debug\\net8.0\\fine-code-coverage\\coverage-tool-output</ResultsDirectory>\r\n        </Configuration>\r\n      </DataCollector>\r\n    </DataCollectors>\r\n  </DataCollectionRunSettings>\r\n</RunSettings>","TestExecutionContext":{"FrequencyOfRunStatsChangeEvent":10,"RunStatsChangeEventTimeout":"00:00:01.5000000","InIsolation":false,"KeepAlive":false,"AreTestCaseLevelEventsRequired":false,"IsDebug":false,"TestCaseFilter":null,"FilterOptions":null},"Package":null}}
TpTrace Verbose: 0 : 29156, 5, 2024/08/02, 15:33:03.046, 1082002435967, vstest.console.dll, ParallelProxyExecutionManager.StartTestRunOnConcurrentManager: Execution started. Started clients: 1
TpTrace Verbose: 0 : 29156, 11, 2024/08/02, 15:33:03.344, 1082005424925, vstest.console.dll, TcpClientExtensions.MessageLoopAsync: NotifyDataAvailable remoteEndPoint: 127.0.0.1:63765 localEndPoint: 127.0.0.1:63764
TpTrace Verbose: 0 : 29156, 11, 2024/08/02, 15:33:03.345, 1082005428155, vstest.console.dll, TestRequestSender.OnExecutionMessageReceived: Received message: {"Version":7,"MessageType":"TestSession.Message","Payload":{"MessageLevel":0,"Message":"NUnit Adapter 4.5.0.0: Test execution started"}}
TpTrace Verbose: 0 : 29156, 11, 2024/08/02, 15:33:03.345, 1082005431771, vstest.console.dll, TestRunRequest:SendTestRunMessage: Starting.
TpTrace Verbose: 0 : 29156, 11, 2024/08/02, 15:33:03.345, 1082005433305, vstest.console.dll, MulticastDelegateUtilities.SafeInvoke: TestRun.LogMessages: Invoking callback 1/1 for Microsoft.VisualStudio.TestPlatform.CommandLine.TestRunResultAggregator., took 0 ms.
TpTrace Verbose: 0 : 29156, 4, 2024/08/02, 15:33:03.345, 1082005433828, vstest.console.dll, MulticastDelegateUtilities.SafeInvoke: InternalTestLoggerEvents.SendTestRunMessage: Invoking callback 1/1 for Microsoft.VisualStudio.TestPlatform.CommandLine.Internal.ConsoleLogger., took 0 ms.
TpTrace Information: 0 : 29156, 11, 2024/08/02, 15:33:03.345, 1082005434065, vstest.console.dll, TestRunRequest:SendTestRunMessage: Completed.
TpTrace Verbose: 0 : 29156, 11, 2024/08/02, 15:33:03.346, 1082005437846, vstest.console.dll, MulticastDelegateUtilities.SafeInvoke: LengthPrefixCommunicationChannel: MessageReceived: Invoking callback 1/1 for Microsoft.VisualStudio.TestPlatform.CommunicationUtilities.TestRequestSender+<>c__DisplayClass34_0., took 0 ms.
TpTrace Verbose: 0 : 29156, 11, 2024/08/02, 15:33:03.346, 1082005438556, vstest.console.dll, TcpClientExtensions.MessageLoopAsync: Polling on remoteEndPoint: 127.0.0.1:63765 localEndPoint: 127.0.0.1:63764 after 314 ms
TpTrace Verbose: 0 : 29156, 11, 2024/08/02, 15:33:03.380, 1082005777194, vstest.console.dll, TcpClientExtensions.MessageLoopAsync: NotifyDataAvailable remoteEndPoint: 127.0.0.1:63765 localEndPoint: 127.0.0.1:63764
TpTrace Verbose: 0 : 29156, 11, 2024/08/02, 15:33:03.380, 1082005779466, vstest.console.dll, TestRequestSender.OnExecutionMessageReceived: Received message: {"Version":7,"MessageType":"TestSession.Message","Payload":{"MessageLevel":0,"Message":"Running all tests in C:\\Users\\VC\\Desktop\\capstone\\CofeeStoreManagementSln\\CofeeStoerBLTesting\\bin\\Debug\\net8.0\\fine-code-coverage\\build-output\\CofeeStoerBLTesting.dll"}}
TpTrace Verbose: 0 : 29156, 11, 2024/08/02, 15:33:03.380, 1082005781550, vstest.console.dll, TestRunRequest:SendTestRunMessage: Starting.
TpTrace Verbose: 0 : 29156, 11, 2024/08/02, 15:33:03.380, 1082005782660, vstest.console.dll, MulticastDelegateUtilities.SafeInvoke: TestRun.LogMessages: Invoking callback 1/1 for Microsoft.VisualStudio.TestPlatform.CommandLine.TestRunResultAggregator., took 0 ms.
TpTrace Information: 0 : 29156, 11, 2024/08/02, 15:33:03.380, 1082005783265, vstest.console.dll, TestRunRequest:SendTestRunMessage: Completed.
TpTrace Verbose: 0 : 29156, 4, 2024/08/02, 15:33:03.380, 1082005783374, vstest.console.dll, MulticastDelegateUtilities.SafeInvoke: InternalTestLoggerEvents.SendTestRunMessage: Invoking callback 1/1 for Microsoft.VisualStudio.TestPlatform.CommandLine.Internal.ConsoleLogger., took 0 ms.
TpTrace Verbose: 0 : 29156, 11, 2024/08/02, 15:33:03.380, 1082005784008, vstest.console.dll, MulticastDelegateUtilities.SafeInvoke: LengthPrefixCommunicationChannel: MessageReceived: Invoking callback 1/1 for Microsoft.VisualStudio.TestPlatform.CommunicationUtilities.TestRequestSender+<>c__DisplayClass34_0., took 0 ms.
TpTrace Verbose: 0 : 29156, 11, 2024/08/02, 15:33:03.381, 1082005786667, vstest.console.dll, TcpClientExtensions.MessageLoopAsync: Polling on remoteEndPoint: 127.0.0.1:63765 localEndPoint: 127.0.0.1:63764 after 34 ms
TpTrace Verbose: 0 : 29156, 11, 2024/08/02, 15:33:03.547, 1082007454536, vstest.console.dll, TcpClientExtensions.MessageLoopAsync: NotifyDataAvailable remoteEndPoint: 127.0.0.1:63765 localEndPoint: 127.0.0.1:63764
TpTrace Verbose: 0 : 29156, 11, 2024/08/02, 15:33:03.548, 1082007457497, vstest.console.dll, TestRequestSender.OnExecutionMessageReceived: Received message: {"Version":7,"MessageType":"TestSession.Message","Payload":{"MessageLevel":0,"Message":"   NUnit3TestExecutor discovered 30 of 30 NUnit test cases using Current Discovery mode, Non-Explicit run"}}
TpTrace Verbose: 0 : 29156, 11, 2024/08/02, 15:33:03.548, 1082007459081, vstest.console.dll, TestRunRequest:SendTestRunMessage: Starting.
TpTrace Verbose: 0 : 29156, 11, 2024/08/02, 15:33:03.548, 1082007459894, vstest.console.dll, MulticastDelegateUtilities.SafeInvoke: TestRun.LogMessages: Invoking callback 1/1 for Microsoft.VisualStudio.TestPlatform.CommandLine.TestRunResultAggregator., took 0 ms.
TpTrace Information: 0 : 29156, 11, 2024/08/02, 15:33:03.548, 1082007460304, vstest.console.dll, TestRunRequest:SendTestRunMessage: Completed.
TpTrace Verbose: 0 : 29156, 11, 2024/08/02, 15:33:03.548, 1082007460722, vstest.console.dll, MulticastDelegateUtilities.SafeInvoke: LengthPrefixCommunicationChannel: MessageReceived: Invoking callback 1/1 for Microsoft.VisualStudio.TestPlatform.CommunicationUtilities.TestRequestSender+<>c__DisplayClass34_0., took 0 ms.
TpTrace Verbose: 0 : 29156, 11, 2024/08/02, 15:33:03.548, 1082007461143, vstest.console.dll, TcpClientExtensions.MessageLoopAsync: Polling on remoteEndPoint: 127.0.0.1:63765 localEndPoint: 127.0.0.1:63764 after 167 ms
TpTrace Verbose: 0 : 29156, 4, 2024/08/02, 15:33:03.548, 1082007461280, vstest.console.dll, MulticastDelegateUtilities.SafeInvoke: InternalTestLoggerEvents.SendTestRunMessage: Invoking callback 1/1 for Microsoft.VisualStudio.TestPlatform.CommandLine.Internal.ConsoleLogger., took 0 ms.
TpTrace Verbose: 0 : 29156, 11, 2024/08/02, 15:33:04.552, 1082017503116, vstest.console.dll, TcpClientExtensions.MessageLoopAsync: Polling on remoteEndPoint: 127.0.0.1:63765 localEndPoint: 127.0.0.1:63764 after 1004 ms
TpTrace Verbose: 0 : 29156, 11, 2024/08/02, 15:33:04.723, 1082019213451, vstest.console.dll, TcpClientExtensions.MessageLoopAsync: NotifyDataAvailable remoteEndPoint: 127.0.0.1:63765 localEndPoint: 127.0.0.1:63764
TpTrace Verbose: 0 : 29156, 11, 2024/08/02, 15:33:04.724, 1082019216708, vstest.console.dll, TestRequestSender.OnExecutionMessageReceived: Received message: {"Version":7,"MessageType":"TestExecution.StatsChange","Payload":{"NewTestResults":[],"TestRunStatistics":{"ExecutedTests":0,"Stats":{}},"ActiveTests":[{"Id":"c5debb16-98a8-3e5f-199b-fa5c67545175","FullyQualifiedName":"CofeeStoerBLTesting.AdminServiceTest.AddNewProductTest","DisplayName":"AddNewProductTest","ExecutorUri":"executor://NUnit3TestExecutor","Source":"C:\\Users\\VC\\Desktop\\capstone\\CofeeStoreManagementSln\\CofeeStoerBLTesting\\bin\\Debug\\net8.0\\fine-code-coverage\\build-output\\CofeeStoerBLTesting.dll","CodeFilePath":null,"LineNumber":0,"Properties":[{"Key":{"Id":"NUnit.Seed","Label":"Seed","Category":"","Description":"","Attributes":0,"ValueType":"System.String"},"Value":"1697113438"}]}]}}
TpTrace Verbose: 0 : 29156, 11, 2024/08/02, 15:33:04.741, 1082019385812, vstest.console.dll, TestRunRequest:SendTestRunStatsChange: Starting.
TpTrace Verbose: 0 : 29156, 11, 2024/08/02, 15:33:04.741, 1082019389936, vstest.console.dll, InProgress is AddNewProductTest
TpTrace Verbose: 0 : 29156, 11, 2024/08/02, 15:33:04.741, 1082019391076, vstest.console.dll, MulticastDelegateUtilities.SafeInvoke: TestRun.RunStatsChanged: Invoking callbacks was skipped because there are no subscribers.
TpTrace Information: 0 : 29156, 11, 2024/08/02, 15:33:04.741, 1082019391776, vstest.console.dll, TestRunRequest:SendTestRunStatsChange: Completed.
TpTrace Verbose: 0 : 29156, 11, 2024/08/02, 15:33:04.741, 1082019392206, vstest.console.dll, MulticastDelegateUtilities.SafeInvoke: LengthPrefixCommunicationChannel: MessageReceived: Invoking callback 1/1 for Microsoft.VisualStudio.TestPlatform.CommunicationUtilities.TestRequestSender+<>c__DisplayClass34_0., took 17 ms.
TpTrace Verbose: 0 : 29156, 11, 2024/08/02, 15:33:04.741, 1082019392708, vstest.console.dll, TcpClientExtensions.MessageLoopAsync: Polling on remoteEndPoint: 127.0.0.1:63765 localEndPoint: 127.0.0.1:63764 after 188 ms
TpTrace Verbose: 0 : 29156, 11, 2024/08/02, 15:33:05.744, 1082029417113, vstest.console.dll, TcpClientExtensions.MessageLoopAsync: Polling on remoteEndPoint: 127.0.0.1:63765 localEndPoint: 127.0.0.1:63764 after 1002 ms
TpTrace Verbose: 0 : 29156, 11, 2024/08/02, 15:33:06.091, 1082032889789, vstest.console.dll, TcpClientExtensions.MessageLoopAsync: NotifyDataAvailable remoteEndPoint: 127.0.0.1:63765 localEndPoint: 127.0.0.1:63764
TpTrace Verbose: 0 : 29156, 11, 2024/08/02, 15:33:06.092, 1082032897200, vstest.console.dll, TestRequestSender.OnExecutionMessageReceived: Received message: {"Version":7,"MessageType":"TestExecution.StatsChange","Payload":{"NewTestResults":[{"TestCase":{"Id":"c5debb16-98a8-3e5f-199b-fa5c67545175","FullyQualifiedName":"CofeeStoerBLTesting.AdminServiceTest.AddNewProductTest","DisplayName":"AddNewProductTest","ExecutorUri":"executor://NUnit3TestExecutor","Source":"C:\\Users\\VC\\Desktop\\capstone\\CofeeStoreManagementSln\\CofeeStoerBLTesting\\bin\\Debug\\net8.0\\fine-code-coverage\\build-output\\CofeeStoerBLTesting.dll","CodeFilePath":null,"LineNumber":0,"Properties":[{"Key":{"Id":"NUnit.Seed","Label":"Seed","Category":"","Description":"","Attributes":0,"ValueType":"System.String"},"Value":"1697113438"}]},"Attachments":[],"Outcome":1,"ErrorMessage":null,"ErrorStackTrace":null,"DisplayName":"AddNewProductTest","Messages":[],"ComputerName":"794GBX3","Duration":"00:00:01.9335580","StartTime":"2024-08-02T10:03:03.595658+00:00","EndTime":"2024-08-02T10:03:05.5291382+00:00","Properties":[{"Key":{"Id":"NUnit.Seed","Label":"Seed","Category":"","Description":"","Attributes":0,"ValueType":"System.String"},"Value":"1697113438"}]},{"TestCase":{"Id":"d25b0111-2e7f-2dba-0279-acfee2c21e51","FullyQualifiedName":"CofeeStoerBLTesting.AdminServiceTest.GetPrevWeekAnaliticsTest","DisplayName":"GetPrevWeekAnaliticsTest","ExecutorUri":"executor://NUnit3TestExecutor","Source":"C:\\Users\\VC\\Desktop\\capstone\\CofeeStoreManagementSln\\CofeeStoerBLTesting\\bin\\Debug\\net8.0\\fine-code-coverage\\build-output\\CofeeStoerBLTesting.dll","CodeFilePath":null,"LineNumber":0,"Properties":[{"Key":{"Id":"NUnit.Seed","Label":"Seed","Category":"","Description":"","Attributes":0,"ValueType":"System.String"},"Value":"868464336"}]},"Attachments":[],"Outcome":1,"ErrorMessage":null,"ErrorStackTrace":null,"DisplayName":"GetPrevWeekAnaliticsTest","Messages":[],"ComputerName":"794GBX3","Duration":"00:00:00.1026230","StartTime":"2024-08-02T10:03:05.5307885+00:00","EndTime":"2024-08-02T10:03:05.6334112+00:00","Properties":[{"Key":{"Id":"NUnit.Seed","Label":"Seed","Category":"","Description":"","Attributes":0,"ValueType":"System.String"},"Value":"868464336"}]},{"TestCase":{"Id":"b22e48b9-8f33-7067-aa85-59751db95b74","FullyQualifiedName":"CofeeStoerBLTesting.CartServiceTest.AddItemToCartTest","DisplayName":"AddItemToCartTest","ExecutorUri":"executor://NUnit3TestExecutor","Source":"C:\\Users\\VC\\Desktop\\capstone\\CofeeStoreManagementSln\\CofeeStoerBLTesting\\bin\\Debug\\net8.0\\fine-code-coverage\\build-output\\CofeeStoerBLTesting.dll","CodeFilePath":null,"LineNumber":0,"Properties":[{"Key":{"Id":"NUnit.Seed","Label":"Seed","Category":"","Description":"","Attributes":0,"ValueType":"System.String"},"Value":"1948763197"}]},"Attachments":[],"Outcome":1,"ErrorMessage":null,"ErrorStackTrace":null,"DisplayName":"AddItemToCartTest","Messages":[],"ComputerName":"794GBX3","Duration":"00:00:00.2051880","StartTime":"2024-08-02T10:03:05.6365442+00:00","EndTime":"2024-08-02T10:03:05.8417317+00:00","Properties":[{"Key":{"Id":"NUnit.Seed","Label":"Seed","Category":"","Description":"","Attributes":0,"ValueType":"System.String"},"Value":"1948763197"}]},{"TestCase":{"Id":"59eaabcd-fcc1-a435-6c70-549e2534ee41","FullyQualifiedName":"CofeeStoerBLTesting.CartServiceTest.CheckoutCart","DisplayName":"CheckoutCart","ExecutorUri":"executor://NUnit3TestExecutor","Source":"C:\\Users\\VC\\Desktop\\capstone\\CofeeStoreManagementSln\\CofeeStoerBLTesting\\bin\\Debug\\net8.0\\fine-code-coverage\\build-output\\CofeeStoerBLTesting.dll","CodeFilePath":null,"LineNumber":0,"Properties":[{"Key":{"Id":"NUnit.Seed","Label":"Seed","Category":"","Description":"","Attributes":0,"ValueType":"System.String"},"Value":"2004980592"}]},"Attachments":[],"Outcome":1,"ErrorMessage":null,"ErrorStackTrace":null,"DisplayName":"CheckoutCart","Messages":[],"ComputerName":"794GBX3","Duration":"00:00:00.1119830","StartTime":"2024-08-02T10:03:05.8417982+00:00","EndTime":"2024-08-02T10:03:05.9537805+00:00","Properties":[{"Key":{"Id":"NUnit.Seed","Label":"Seed","Category":"","Description":"","Attributes":0,"ValueType":"System.String"},"Value":"2004980592"}]},{"TestCase":{"Id":"e18b4759-d925-e35b-8c3c-d22efbef1bae","FullyQualifiedName":"CofeeStoerBLTesting.CartServiceTest.CheckoutThrowsCartEmptyException","DisplayName":"CheckoutThrowsCartEmptyException","ExecutorUri":"executor://NUnit3TestExecutor","Source":"C:\\Users\\VC\\Desktop\\capstone\\CofeeStoreManagementSln\\CofeeStoerBLTesting\\bin\\Debug\\net8.0\\fine-code-coverage\\build-output\\CofeeStoerBLTesting.dll","CodeFilePath":null,"LineNumber":0,"Properties":[{"Key":{"Id":"NUnit.Seed","Label":"Seed","Category":"","Description":"","Attributes":0,"ValueType":"System.String"},"Value":"1809400495"}]},"Attachments":[],"Outcome":1,"ErrorMessage":null,"ErrorStackTrace":null,"DisplayName":"CheckoutThrowsCartEmptyException","Messages":[],"ComputerName":"794GBX3","Duration":"00:00:00.0151780","StartTime":"2024-08-02T10:03:05.953833+00:00","EndTime":"2024-08-02T10:03:05.9690111+00:00","Properties":[{"Key":{"Id":"NUnit.Seed","Label":"Seed","Category":"","Description":"","Attributes":0,"ValueType":"System.String"},"Value":"1809400495"}]},{"TestCase":{"Id":"7b8bf62a-5b53-50fe-4029-891aca4316cc","FullyQualifiedName":"CofeeStoerBLTesting.CartServiceTest.GetItemsFromCart","DisplayName":"GetItemsFromCart","ExecutorUri":"executor://NUnit3TestExecutor","Source":"C:\\Users\\VC\\Desktop\\capstone\\CofeeStoreManagementSln\\CofeeStoerBLTesting\\bin\\Debug\\net8.0\\fine-code-coverage\\build-output\\CofeeStoerBLTesting.dll","CodeFilePath":null,"LineNumber":0,"Properties":[{"Key":{"Id":"NUnit.Seed","Label":"Seed","Category":"","Description":"","Attributes":0,"ValueType":"System.String"},"Value":"2022714741"}]},"Attachments":[],"Outcome":1,"ErrorMessage":null,"ErrorStackTrace":null,"DisplayName":"GetItemsFromCart","Messages":[],"ComputerName":"794GBX3","Duration":"00:00:00.0312180","StartTime":"2024-08-02T10:03:05.9690497+00:00","EndTime":"2024-08-02T10:03:06.0002677+00:00","Properties":[{"Key":{"Id":"NUnit.Seed","Label":"Seed","Category":"","Description":"","Attributes":0,"ValueType":"System.String"},"Value":"2022714741"}]},{"TestCase":{"Id":"0e2fff65-aff5-cadb-2389-3aed8a7da206","FullyQualifiedName":"CofeeStoerBLTesting.CartServiceTest.productThrowsError","DisplayName":"productThrowsError","ExecutorUri":"executor://NUnit3TestExecutor","Source":"C:\\Users\\VC\\Desktop\\capstone\\CofeeStoreManagementSln\\CofeeStoerBLTesting\\bin\\Debug\\net8.0\\fine-code-coverage\\build-output\\CofeeStoerBLTesting.dll","CodeFilePath":null,"LineNumber":0,"Properties":[{"Key":{"Id":"NUnit.Seed","Label":"Seed","Category":"","Description":"","Attributes":0,"ValueType":"System.String"},"Value":"1140439908"}]},"Attachments":[],"Outcome":1,"ErrorMessage":null,"ErrorStackTrace":null,"DisplayName":"productThrowsError","Messages":[],"ComputerName":"794GBX3","Duration":"00:00:00.0070250","StartTime":"2024-08-02T10:03:06.000313+00:00","EndTime":"2024-08-02T10:03:06.0073377+00:00","Properties":[{"Key":{"Id":"NUnit.Seed","Label":"Seed","Category":"","Description":"","Attributes":0,"ValueType":"System.String"},"Value":"1140439908"}]},{"TestCase":{"Id":"d51ba5bc-e334-5209-3da9-9a8da8766fe1","FullyQualifiedName":"CofeeStoerBLTesting.EmployeeServiceTest.EmployeeAlreadyExistThrow","DisplayName":"EmployeeAlreadyExistThrow","ExecutorUri":"executor://NUnit3TestExecutor","Source":"C:\\Users\\VC\\Desktop\\capstone\\CofeeStoreManagementSln\\CofeeStoerBLTesting\\bin\\Debug\\net8.0\\fine-code-coverage\\build-output\\CofeeStoerBLTesting.dll","CodeFilePath":null,"LineNumber":0,"Properties":[{"Key":{"Id":"NUnit.Seed","Label":"Seed","Category":"","Description":"","Attributes":0,"ValueType":"System.String"},"Value":"258763082"}]},"Attachments":[],"Outcome":1,"ErrorMessage":null,"ErrorStackTrace":null,"DisplayName":"EmployeeAlreadyExistThrow","Messages":[],"ComputerName":"794GBX3","Duration":"00:00:00.0291280","StartTime":"2024-08-02T10:03:06.0076734+00:00","EndTime":"2024-08-02T10:03:06.0368005+00:00","Properties":[{"Key":{"Id":"NUnit.Seed","Label":"Seed","Category":"","Description":"","Attributes":0,"ValueType":"System.String"},"Value":"258763082"}]},{"TestCase":{"Id":"20b11155-10dd-ab6a-3cae-c80ea00e560a","FullyQualifiedName":"CofeeStoerBLTesting.EmployeeServiceTest.LoginEmployeeTest","DisplayName":"LoginEmployeeTest","ExecutorUri":"executor://NUnit3TestExecutor","Source":"C:\\Users\\VC\\Desktop\\capstone\\CofeeStoreManagementSln\\CofeeStoerBLTesting\\bin\\Debug\\net8.0\\fine-code-coverage\\build-output\\CofeeStoerBLTesting.dll","CodeFilePath":null,"LineNumber":0,"Properties":[{"Key":{"Id":"NUnit.Seed","Label":"Seed","Category":"","Description":"","Attributes":0,"ValueType":"System.String"},"Value":"479589220"}]},"Attachments":[],"Outcome":1,"ErrorMessage":null,"ErrorStackTrace":null,"DisplayName":"LoginEmployeeTest","Messages":[],"ComputerName":"794GBX3","Duration":"00:00:00.0387020","StartTime":"2024-08-02T10:03:06.0368517+00:00","EndTime":"2024-08-02T10:03:06.075553+00:00","Properties":[{"Key":{"Id":"NUnit.Seed","Label":"Seed","Category":"","Description":"","Attributes":0,"ValueType":"System.String"},"Value":"479589220"}]}],"TestRunStatistics":{"ExecutedTests":9,"Stats":{"Passed":9}},"ActiveTests":[{"Id":"ddc3040b-58c6-04d8-23ef-6100ea801a82","FullyQualifiedName":"CofeeStoerBLTesting.EmployeeServiceTest.RegisterEmployeeTest","DisplayName":"RegisterEmployeeTest","ExecutorUri":"executor://NUnit3TestExecutor","Source":"C:\\Users\\VC\\Desktop\\capstone\\CofeeStoreManagementSln\\CofeeStoerBLTesting\\bin\\Debug\\net8.0\\fine-code-coverage\\build-output\\CofeeStoerBLTesting.dll","CodeFilePath":null,"LineNumber":0,"Properties":[{"Key":{"Id":"NUnit.Seed","Label":"Seed","Category":"","Description":"","Attributes":0,"ValueType":"System.String"},"Value":"2018701448"}]}]}}
TpTrace Verbose: 0 : 29156, 11, 2024/08/02, 15:33:06.103, 1082033012058, vstest.console.dll, TestRunRequest:SendTestRunStatsChange: Starting.
TpTrace Verbose: 0 : 29156, 11, 2024/08/02, 15:33:06.103, 1082033013807, vstest.console.dll, InProgress is RegisterEmployeeTest
TpTrace Verbose: 0 : 29156, 11, 2024/08/02, 15:33:06.104, 1082033016489, vstest.console.dll, MulticastDelegateUtilities.SafeInvoke: TestRun.RunStatsChanged: Invoking callbacks was skipped because there are no subscribers.
TpTrace Information: 0 : 29156, 11, 2024/08/02, 15:33:06.104, 1082033017039, vstest.console.dll, TestRunRequest:SendTestRunStatsChange: Completed.
TpTrace Verbose: 0 : 29156, 11, 2024/08/02, 15:33:06.104, 1082033017536, vstest.console.dll, MulticastDelegateUtilities.SafeInvoke: LengthPrefixCommunicationChannel: MessageReceived: Invoking callback 1/1 for Microsoft.VisualStudio.TestPlatform.CommunicationUtilities.TestRequestSender+<>c__DisplayClass34_0., took 12 ms.
TpTrace Verbose: 0 : 29156, 11, 2024/08/02, 15:33:06.104, 1082033018040, vstest.console.dll, TcpClientExtensions.MessageLoopAsync: Polling on remoteEndPoint: 127.0.0.1:63765 localEndPoint: 127.0.0.1:63764 after 359 ms
TpTrace Verbose: 0 : 29156, 4, 2024/08/02, 15:33:06.107, 1082033047732, vstest.console.dll, MulticastDelegateUtilities.SafeInvoke: InternalTestLoggerEvents.SendTestResult: Invoking callback 1/1 for Microsoft.VisualStudio.TestPlatform.CommandLine.Internal.ConsoleLogger., took 3 ms.
TpTrace Verbose: 0 : 29156, 4, 2024/08/02, 15:33:06.107, 1082033053427, vstest.console.dll, MulticastDelegateUtilities.SafeInvoke: InternalTestLoggerEvents.SendTestResult: Invoking callback 1/1 for Microsoft.VisualStudio.TestPlatform.CommandLine.Internal.ConsoleLogger., took 0 ms.
TpTrace Verbose: 0 : 29156, 4, 2024/08/02, 15:33:06.107, 1082033054820, vstest.console.dll, MulticastDelegateUtilities.SafeInvoke: InternalTestLoggerEvents.SendTestResult: Invoking callback 1/1 for Microsoft.VisualStudio.TestPlatform.CommandLine.Internal.ConsoleLogger., took 0 ms.
TpTrace Verbose: 0 : 29156, 4, 2024/08/02, 15:33:06.107, 1082033055355, vstest.console.dll, MulticastDelegateUtilities.SafeInvoke: InternalTestLoggerEvents.SendTestResult: Invoking callback 1/1 for Microsoft.VisualStudio.TestPlatform.CommandLine.Internal.ConsoleLogger., took 0 ms.
TpTrace Verbose: 0 : 29156, 4, 2024/08/02, 15:33:06.108, 1082033056035, vstest.console.dll, MulticastDelegateUtilities.SafeInvoke: InternalTestLoggerEvents.SendTestResult: Invoking callback 1/1 for Microsoft.VisualStudio.TestPlatform.CommandLine.Internal.ConsoleLogger., took 0 ms.
TpTrace Verbose: 0 : 29156, 4, 2024/08/02, 15:33:06.108, 1082033056746, vstest.console.dll, MulticastDelegateUtilities.SafeInvoke: InternalTestLoggerEvents.SendTestResult: Invoking callback 1/1 for Microsoft.VisualStudio.TestPlatform.CommandLine.Internal.ConsoleLogger., took 0 ms.
TpTrace Verbose: 0 : 29156, 4, 2024/08/02, 15:33:06.108, 1082033057415, vstest.console.dll, MulticastDelegateUtilities.SafeInvoke: InternalTestLoggerEvents.SendTestResult: Invoking callback 1/1 for Microsoft.VisualStudio.TestPlatform.CommandLine.Internal.ConsoleLogger., took 0 ms.
TpTrace Verbose: 0 : 29156, 4, 2024/08/02, 15:33:06.108, 1082033058271, vstest.console.dll, MulticastDelegateUtilities.SafeInvoke: InternalTestLoggerEvents.SendTestResult: Invoking callback 1/1 for Microsoft.VisualStudio.TestPlatform.CommandLine.Internal.ConsoleLogger., took 0 ms.
TpTrace Verbose: 0 : 29156, 4, 2024/08/02, 15:33:06.108, 1082033058872, vstest.console.dll, MulticastDelegateUtilities.SafeInvoke: InternalTestLoggerEvents.SendTestResult: Invoking callback 1/1 for Microsoft.VisualStudio.TestPlatform.CommandLine.Internal.ConsoleLogger., took 0 ms.
TpTrace Verbose: 0 : 29156, 11, 2024/08/02, 15:33:06.277, 1082034752618, vstest.console.dll, TcpClientExtensions.MessageLoopAsync: NotifyDataAvailable remoteEndPoint: 127.0.0.1:63765 localEndPoint: 127.0.0.1:63764
TpTrace Verbose: 0 : 29156, 11, 2024/08/02, 15:33:06.278, 1082034756955, vstest.console.dll, TestRequestSender.OnExecutionMessageReceived: Received message: {"Version":7,"MessageType":"TestExecution.StatsChange","Payload":{"NewTestResults":[{"TestCase":{"Id":"ddc3040b-58c6-04d8-23ef-6100ea801a82","FullyQualifiedName":"CofeeStoerBLTesting.EmployeeServiceTest.RegisterEmployeeTest","DisplayName":"RegisterEmployeeTest","ExecutorUri":"executor://NUnit3TestExecutor","Source":"C:\\Users\\VC\\Desktop\\capstone\\CofeeStoreManagementSln\\CofeeStoerBLTesting\\bin\\Debug\\net8.0\\fine-code-coverage\\build-output\\CofeeStoerBLTesting.dll","CodeFilePath":null,"LineNumber":0,"Properties":[{"Key":{"Id":"NUnit.Seed","Label":"Seed","Category":"","Description":"","Attributes":0,"ValueType":"System.String"},"Value":"2018701448"}]},"Attachments":[],"Outcome":1,"ErrorMessage":null,"ErrorStackTrace":null,"DisplayName":"RegisterEmployeeTest","Messages":[],"ComputerName":"794GBX3","Duration":"00:00:00.0329870","StartTime":"2024-08-02T10:03:06.0755969+00:00","EndTime":"2024-08-02T10:03:06.1085832+00:00","Properties":[{"Key":{"Id":"NUnit.Seed","Label":"Seed","Category":"","Description":"","Attributes":0,"ValueType":"System.String"},"Value":"2018701448"}]},{"TestCase":{"Id":"4e98830f-b353-df12-40f6-85e227cf5bb5","FullyQualifiedName":"CofeeStoerBLTesting.MenuServiceTest.GetMenuData","DisplayName":"GetMenuData","ExecutorUri":"executor://NUnit3TestExecutor","Source":"C:\\Users\\VC\\Desktop\\capstone\\CofeeStoreManagementSln\\CofeeStoerBLTesting\\bin\\Debug\\net8.0\\fine-code-coverage\\build-output\\CofeeStoerBLTesting.dll","CodeFilePath":null,"LineNumber":0,"Properties":[{"Key":{"Id":"NUnit.Seed","Label":"Seed","Category":"","Description":"","Attributes":0,"ValueType":"System.String"},"Value":"858549003"}]},"Attachments":[],"Outcome":1,"ErrorMessage":null,"ErrorStackTrace":null,"DisplayName":"GetMenuData","Messages":[],"ComputerName":"794GBX3","Duration":"00:00:00.0502260","StartTime":"2024-08-02T10:03:06.1089215+00:00","EndTime":"2024-08-02T10:03:06.1591464+00:00","Properties":[{"Key":{"Id":"NUnit.Seed","Label":"Seed","Category":"","Description":"","Attributes":0,"ValueType":"System.String"},"Value":"858549003"}]},{"TestCase":{"Id":"2d86bd86-b405-a8f4-fa69-855bcaa65efe","FullyQualifiedName":"CofeeStoerBLTesting.ProductServiceTest.GetCategoriesTest","DisplayName":"GetCategoriesTest","ExecutorUri":"executor://NUnit3TestExecutor","Source":"C:\\Users\\VC\\Desktop\\capstone\\CofeeStoreManagementSln\\CofeeStoerBLTesting\\bin\\Debug\\net8.0\\fine-code-coverage\\build-output\\CofeeStoerBLTesting.dll","CodeFilePath":null,"LineNumber":0,"Properties":[{"Key":{"Id":"NUnit.Seed","Label":"Seed","Category":"","Description":"","Attributes":0,"ValueType":"System.String"},"Value":"1869845542"}]},"Attachments":[],"Outcome":1,"ErrorMessage":null,"ErrorStackTrace":null,"DisplayName":"GetCategoriesTest","Messages":[],"ComputerName":"794GBX3","Duration":"00:00:00.0083210","StartTime":"2024-08-02T10:03:06.1594731+00:00","EndTime":"2024-08-02T10:03:06.1677939+00:00","Properties":[{"Key":{"Id":"NUnit.Seed","Label":"Seed","Category":"","Description":"","Attributes":0,"ValueType":"System.String"},"Value":"1869845542"}]},{"TestCase":{"Id":"0853ac67-320a-9eb4-06ba-88688f7760cc","FullyQualifiedName":"CofeeStoerBLTesting.ProductServiceTest.GetProdcutWithCategoriesTest","DisplayName":"GetProdcutWithCategoriesTest","ExecutorUri":"executor://NUnit3TestExecutor","Source":"C:\\Users\\VC\\Desktop\\capstone\\CofeeStoreManagementSln\\CofeeStoerBLTesting\\bin\\Debug\\net8.0\\fine-code-coverage\\build-output\\CofeeStoerBLTesting.dll","CodeFilePath":null,"LineNumber":0,"Properties":[{"Key":{"Id":"NUnit.Seed","Label":"Seed","Category":"","Description":"","Attributes":0,"ValueType":"System.String"},"Value":"128776643"}]},"Attachments":[],"Outcome":1,"ErrorMessage":null,"ErrorStackTrace":null,"DisplayName":"GetProdcutWithCategoriesTest","Messages":[],"ComputerName":"794GBX3","Duration":"00:00:00.0325470","StartTime":"2024-08-02T10:03:06.1678491+00:00","EndTime":"2024-08-02T10:03:06.2003957+00:00","Properties":[{"Key":{"Id":"NUnit.Seed","Label":"Seed","Category":"","Description":"","Attributes":0,"ValueType":"System.String"},"Value":"128776643"}]},{"TestCase":{"Id":"0ce535d0-2123-adf2-1c9f-aaf1874bdbf0","FullyQualifiedName":"CofeeStoerBLTesting.ProductServiceTest.GetProductByIdTest","DisplayName":"GetProductByIdTest","ExecutorUri":"executor://NUnit3TestExecutor","Source":"C:\\Users\\VC\\Desktop\\capstone\\CofeeStoreManagementSln\\CofeeStoerBLTesting\\bin\\Debug\\net8.0\\fine-code-coverage\\build-output\\CofeeStoerBLTesting.dll","CodeFilePath":null,"LineNumber":0,"Properties":[{"Key":{"Id":"NUnit.Seed","Label":"Seed","Category":"","Description":"","Attributes":0,"ValueType":"System.String"},"Value":"554722513"}]},"Attachments":[],"Outcome":1,"ErrorMessage":null,"ErrorStackTrace":null,"DisplayName":"GetProductByIdTest","Messages":[],"ComputerName":"794GBX3","Duration":"00:00:00.0348940","StartTime":"2024-08-02T10:03:06.2004467+00:00","EndTime":"2024-08-02T10:03:06.2353401+00:00","Properties":[{"Key":{"Id":"NUnit.Seed","Label":"Seed","Category":"","Description":"","Attributes":0,"ValueType":"System.String"},"Value":"554722513"}]},{"TestCase":{"Id":"bb765a74-7d09-0ceb-2428-94544301cb0c","FullyQualifiedName":"CofeeStoerBLTesting.ProductServiceTest.GetProductByIdThrowsTest","DisplayName":"GetProductByIdThrowsTest","ExecutorUri":"executor://NUnit3TestExecutor","Source":"C:\\Users\\VC\\Desktop\\capstone\\CofeeStoreManagementSln\\CofeeStoerBLTesting\\bin\\Debug\\net8.0\\fine-code-coverage\\build-output\\CofeeStoerBLTesting.dll","CodeFilePath":null,"LineNumber":0,"Properties":[{"Key":{"Id":"NUnit.Seed","Label":"Seed","Category":"","Description":"","Attributes":0,"ValueType":"System.String"},"Value":"1331113583"}]},"Attachments":[],"Outcome":1,"ErrorMessage":null,"ErrorStackTrace":null,"DisplayName":"GetProductByIdThrowsTest","Messages":[],"ComputerName":"794GBX3","Duration":"00:00:00.0094050","StartTime":"2024-08-02T10:03:06.2353864+00:00","EndTime":"2024-08-02T10:03:06.2447909+00:00","Properties":[{"Key":{"Id":"NUnit.Seed","Label":"Seed","Category":"","Description":"","Attributes":0,"ValueType":"System.String"},"Value":"1331113583"}]},{"TestCase":{"Id":"8f41fc48-a922-854d-0cd5-2f61a08b8384","FullyQualifiedName":"CofeeStoerBLTesting.ProductServiceTest.GetProductCategorsThrosTest","DisplayName":"GetProductCategorsThrosTest","ExecutorUri":"executor://NUnit3TestExecutor","Source":"C:\\Users\\VC\\Desktop\\capstone\\CofeeStoreManagementSln\\CofeeStoerBLTesting\\bin\\Debug\\net8.0\\fine-code-coverage\\build-output\\CofeeStoerBLTesting.dll","CodeFilePath":null,"LineNumber":0,"Properties":[{"Key":{"Id":"NUnit.Seed","Label":"Seed","Category":"","Description":"","Attributes":0,"ValueType":"System.String"},"Value":"1027253394"}]},"Attachments":[],"Outcome":1,"ErrorMessage":null,"ErrorStackTrace":null,"DisplayName":"GetProductCategorsThrosTest","Messages":[],"ComputerName":"794GBX3","Duration":"00:00:00.0056980","StartTime":"2024-08-02T10:03:06.2448514+00:00","EndTime":"2024-08-02T10:03:06.250549+00:00","Properties":[{"Key":{"Id":"NUnit.Seed","Label":"Seed","Category":"","Description":"","Attributes":0,"ValueType":"System.String"},"Value":"1027253394"}]},{"TestCase":{"Id":"41b5d679-0d3a-ba05-1efa-943f77b344f0","FullyQualifiedName":"CofeeStoerBLTesting.StoreServiceTest.AcceptOrder","DisplayName":"AcceptOrder","ExecutorUri":"executor://NUnit3TestExecutor","Source":"C:\\Users\\VC\\Desktop\\capstone\\CofeeStoreManagementSln\\CofeeStoerBLTesting\\bin\\Debug\\net8.0\\fine-code-coverage\\build-output\\CofeeStoerBLTesting.dll","CodeFilePath":null,"LineNumber":0,"Properties":[{"Key":{"Id":"NUnit.Seed","Label":"Seed","Category":"","Description":"","Attributes":0,"ValueType":"System.String"},"Value":"1928224332"}]},"Attachments":[],"Outcome":1,"ErrorMessage":null,"ErrorStackTrace":null,"DisplayName":"AcceptOrder","Messages":[],"ComputerName":"794GBX3","Duration":"00:00:00.0138840","StartTime":"2024-08-02T10:03:06.2508659+00:00","EndTime":"2024-08-02T10:03:06.2647502+00:00","Properties":[{"Key":{"Id":"NUnit.Seed","Label":"Seed","Category":"","Description":"","Attributes":0,"ValueType":"System.String"},"Value":"1928224332"}]},{"TestCase":{"Id":"aa479e7f-9f1d-16d8-f3a5-00b167142cf3","FullyQualifiedName":"CofeeStoerBLTesting.StoreServiceTest.AcceptOrderThrowsError","DisplayName":"AcceptOrderThrowsError","ExecutorUri":"executor://NUnit3TestExecutor","Source":"C:\\Users\\VC\\Desktop\\capstone\\CofeeStoreManagementSln\\CofeeStoerBLTesting\\bin\\Debug\\net8.0\\fine-code-coverage\\build-output\\CofeeStoerBLTesting.dll","CodeFilePath":null,"LineNumber":0,"Properties":[{"Key":{"Id":"NUnit.Seed","Label":"Seed","Category":"","Description":"","Attributes":0,"ValueType":"System.String"},"Value":"1417082793"}]},"Attachments":[],"Outcome":1,"ErrorMessage":null,"ErrorStackTrace":null,"DisplayName":"AcceptOrderThrowsError","Messages":[],"ComputerName":"794GBX3","Duration":"00:00:00.0082650","StartTime":"2024-08-02T10:03:06.2647846+00:00","EndTime":"2024-08-02T10:03:06.2730487+00:00","Properties":[{"Key":{"Id":"NUnit.Seed","Label":"Seed","Category":"","Description":"","Attributes":0,"ValueType":"System.String"},"Value":"1417082793"}]}],"TestRunStatistics":{"ExecutedTests":18,"Stats":{"Passed":18}},"ActiveTests":[{"Id":"7e56505d-9d2e-3ddc-bc29-ce8df49549b4","FullyQualifiedName":"CofeeStoerBLTesting.StoreServiceTest.DeclineOrderTest","DisplayName":"DeclineOrderTest","ExecutorUri":"executor://NUnit3TestExecutor","Source":"C:\\Users\\VC\\Desktop\\capstone\\CofeeStoreManagementSln\\CofeeStoerBLTesting\\bin\\Debug\\net8.0\\fine-code-coverage\\build-output\\CofeeStoerBLTesting.dll","CodeFilePath":null,"LineNumber":0,"Properties":[{"Key":{"Id":"NUnit.Seed","Label":"Seed","Category":"","Description":"","Attributes":0,"ValueType":"System.String"},"Value":"99002494"}]}]}}
TpTrace Verbose: 0 : 29156, 11, 2024/08/02, 15:33:06.280, 1082034779848, vstest.console.dll, TestRunRequest:SendTestRunStatsChange: Starting.
TpTrace Verbose: 0 : 29156, 11, 2024/08/02, 15:33:06.280, 1082034780698, vstest.console.dll, InProgress is DeclineOrderTest
TpTrace Verbose: 0 : 29156, 11, 2024/08/02, 15:33:06.280, 1082034781516, vstest.console.dll, MulticastDelegateUtilities.SafeInvoke: TestRun.RunStatsChanged: Invoking callbacks was skipped because there are no subscribers.
TpTrace Information: 0 : 29156, 11, 2024/08/02, 15:33:06.280, 1082034781937, vstest.console.dll, TestRunRequest:SendTestRunStatsChange: Completed.
TpTrace Verbose: 0 : 29156, 11, 2024/08/02, 15:33:06.280, 1082034782489, vstest.console.dll, MulticastDelegateUtilities.SafeInvoke: LengthPrefixCommunicationChannel: MessageReceived: Invoking callback 1/1 for Microsoft.VisualStudio.TestPlatform.CommunicationUtilities.TestRequestSender+<>c__DisplayClass34_0., took 2 ms.
TpTrace Verbose: 0 : 29156, 4, 2024/08/02, 15:33:06.280, 1082034782796, vstest.console.dll, MulticastDelegateUtilities.SafeInvoke: InternalTestLoggerEvents.SendTestResult: Invoking callback 1/1 for Microsoft.VisualStudio.TestPlatform.CommandLine.Internal.ConsoleLogger., took 0 ms.
TpTrace Verbose: 0 : 29156, 11, 2024/08/02, 15:33:06.280, 1082034783116, vstest.console.dll, TcpClientExtensions.MessageLoopAsync: Polling on remoteEndPoint: 127.0.0.1:63765 localEndPoint: 127.0.0.1:63764 after 176 ms
TpTrace Verbose: 0 : 29156, 4, 2024/08/02, 15:33:06.280, 1082034784415, vstest.console.dll, MulticastDelegateUtilities.SafeInvoke: InternalTestLoggerEvents.SendTestResult: Invoking callback 1/1 for Microsoft.VisualStudio.TestPlatform.CommandLine.Internal.ConsoleLogger., took 0 ms.
TpTrace Verbose: 0 : 29156, 4, 2024/08/02, 15:33:06.281, 1082034786113, vstest.console.dll, MulticastDelegateUtilities.SafeInvoke: InternalTestLoggerEvents.SendTestResult: Invoking callback 1/1 for Microsoft.VisualStudio.TestPlatform.CommandLine.Internal.ConsoleLogger., took 0 ms.
TpTrace Verbose: 0 : 29156, 4, 2024/08/02, 15:33:06.281, 1082034786636, vstest.console.dll, MulticastDelegateUtilities.SafeInvoke: InternalTestLoggerEvents.SendTestResult: Invoking callback 1/1 for Microsoft.VisualStudio.TestPlatform.CommandLine.Internal.ConsoleLogger., took 0 ms.
TpTrace Verbose: 0 : 29156, 4, 2024/08/02, 15:33:06.281, 1082034787131, vstest.console.dll, MulticastDelegateUtilities.SafeInvoke: InternalTestLoggerEvents.SendTestResult: Invoking callback 1/1 for Microsoft.VisualStudio.TestPlatform.CommandLine.Internal.ConsoleLogger., took 0 ms.
TpTrace Verbose: 0 : 29156, 4, 2024/08/02, 15:33:06.281, 1082034787615, vstest.console.dll, MulticastDelegateUtilities.SafeInvoke: InternalTestLoggerEvents.SendTestResult: Invoking callback 1/1 for Microsoft.VisualStudio.TestPlatform.CommandLine.Internal.ConsoleLogger., took 0 ms.
TpTrace Verbose: 0 : 29156, 4, 2024/08/02, 15:33:06.281, 1082034788134, vstest.console.dll, MulticastDelegateUtilities.SafeInvoke: InternalTestLoggerEvents.SendTestResult: Invoking callback 1/1 for Microsoft.VisualStudio.TestPlatform.CommandLine.Internal.ConsoleLogger., took 0 ms.
TpTrace Verbose: 0 : 29156, 4, 2024/08/02, 15:33:06.281, 1082034788587, vstest.console.dll, MulticastDelegateUtilities.SafeInvoke: InternalTestLoggerEvents.SendTestResult: Invoking callback 1/1 for Microsoft.VisualStudio.TestPlatform.CommandLine.Internal.ConsoleLogger., took 0 ms.
TpTrace Verbose: 0 : 29156, 4, 2024/08/02, 15:33:06.281, 1082034789112, vstest.console.dll, MulticastDelegateUtilities.SafeInvoke: InternalTestLoggerEvents.SendTestResult: Invoking callback 1/1 for Microsoft.VisualStudio.TestPlatform.CommandLine.Internal.ConsoleLogger., took 0 ms.
TpTrace Verbose: 0 : 29156, 11, 2024/08/02, 15:33:06.391, 1082035890705, vstest.console.dll, TcpClientExtensions.MessageLoopAsync: NotifyDataAvailable remoteEndPoint: 127.0.0.1:63765 localEndPoint: 127.0.0.1:63764
TpTrace Verbose: 0 : 29156, 11, 2024/08/02, 15:33:06.392, 1082035895740, vstest.console.dll, TestRequestSender.OnExecutionMessageReceived: Received message: {"Version":7,"MessageType":"TestExecution.StatsChange","Payload":{"NewTestResults":[{"TestCase":{"Id":"7e56505d-9d2e-3ddc-bc29-ce8df49549b4","FullyQualifiedName":"CofeeStoerBLTesting.StoreServiceTest.DeclineOrderTest","DisplayName":"DeclineOrderTest","ExecutorUri":"executor://NUnit3TestExecutor","Source":"C:\\Users\\VC\\Desktop\\capstone\\CofeeStoreManagementSln\\CofeeStoerBLTesting\\bin\\Debug\\net8.0\\fine-code-coverage\\build-output\\CofeeStoerBLTesting.dll","CodeFilePath":null,"LineNumber":0,"Properties":[{"Key":{"Id":"NUnit.Seed","Label":"Seed","Category":"","Description":"","Attributes":0,"ValueType":"System.String"},"Value":"99002494"}]},"Attachments":[],"Outcome":1,"ErrorMessage":null,"ErrorStackTrace":null,"DisplayName":"DeclineOrderTest","Messages":[],"ComputerName":"794GBX3","Duration":"00:00:00.0089480","StartTime":"2024-08-02T10:03:06.2731835+00:00","EndTime":"2024-08-02T10:03:06.2821314+00:00","Properties":[{"Key":{"Id":"NUnit.Seed","Label":"Seed","Category":"","Description":"","Attributes":0,"ValueType":"System.String"},"Value":"99002494"}]},{"TestCase":{"Id":"e65d5660-e1f0-6616-d8ce-2d8a6744bf66","FullyQualifiedName":"CofeeStoerBLTesting.StoreServiceTest.DeclineOrderThrowsError","DisplayName":"DeclineOrderThrowsError","ExecutorUri":"executor://NUnit3TestExecutor","Source":"C:\\Users\\VC\\Desktop\\capstone\\CofeeStoreManagementSln\\CofeeStoerBLTesting\\bin\\Debug\\net8.0\\fine-code-coverage\\build-output\\CofeeStoerBLTesting.dll","CodeFilePath":null,"LineNumber":0,"Properties":[{"Key":{"Id":"NUnit.Seed","Label":"Seed","Category":"","Description":"","Attributes":0,"ValueType":"System.String"},"Value":"1309373212"}]},"Attachments":[],"Outcome":1,"ErrorMessage":null,"ErrorStackTrace":null,"DisplayName":"DeclineOrderThrowsError","Messages":[],"ComputerName":"794GBX3","Duration":"00:00:00.0068300","StartTime":"2024-08-02T10:03:06.2821703+00:00","EndTime":"2024-08-02T10:03:06.2890001+00:00","Properties":[{"Key":{"Id":"NUnit.Seed","Label":"Seed","Category":"","Description":"","Attributes":0,"ValueType":"System.String"},"Value":"1309373212"}]},{"TestCase":{"Id":"30f0dc19-3d82-596f-5178-550a56a7d1ae","FullyQualifiedName":"CofeeStoerBLTesting.StoreServiceTest.GetAllStoresTest","DisplayName":"GetAllStoresTest","ExecutorUri":"executor://NUnit3TestExecutor","Source":"C:\\Users\\VC\\Desktop\\capstone\\CofeeStoreManagementSln\\CofeeStoerBLTesting\\bin\\Debug\\net8.0\\fine-code-coverage\\build-output\\CofeeStoerBLTesting.dll","CodeFilePath":null,"LineNumber":0,"Properties":[{"Key":{"Id":"NUnit.Seed","Label":"Seed","Category":"","Description":"","Attributes":0,"ValueType":"System.String"},"Value":"200294153"}]},"Attachments":[],"Outcome":1,"ErrorMessage":null,"ErrorStackTrace":null,"DisplayName":"GetAllStoresTest","Messages":[],"ComputerName":"794GBX3","Duration":"00:00:00.0054900","StartTime":"2024-08-02T10:03:06.2890388+00:00","EndTime":"2024-08-02T10:03:06.294528+00:00","Properties":[{"Key":{"Id":"NUnit.Seed","Label":"Seed","Category":"","Description":"","Attributes":0,"ValueType":"System.String"},"Value":"200294153"}]},{"TestCase":{"Id":"8d88a1ce-e189-d9e9-1cb6-632306c0a6be","FullyQualifiedName":"CofeeStoerBLTesting.StoreServiceTest.GetStoreOrdersTest","DisplayName":"GetStoreOrdersTest","ExecutorUri":"executor://NUnit3TestExecutor","Source":"C:\\Users\\VC\\Desktop\\capstone\\CofeeStoreManagementSln\\CofeeStoerBLTesting\\bin\\Debug\\net8.0\\fine-code-coverage\\build-output\\CofeeStoerBLTesting.dll","CodeFilePath":null,"LineNumber":0,"Properties":[{"Key":{"Id":"NUnit.Seed","Label":"Seed","Category":"","Description":"","Attributes":0,"ValueType":"System.String"},"Value":"561042421"}]},"Attachments":[],"Outcome":1,"ErrorMessage":null,"ErrorStackTrace":null,"DisplayName":"GetStoreOrdersTest","Messages":[],"ComputerName":"794GBX3","Duration":"00:00:00.0196320","StartTime":"2024-08-02T10:03:06.2945751+00:00","EndTime":"2024-08-02T10:03:06.3142058+00:00","Properties":[{"Key":{"Id":"NUnit.Seed","Label":"Seed","Category":"","Description":"","Attributes":0,"ValueType":"System.String"},"Value":"561042421"}]},{"TestCase":{"Id":"f492997e-b688-fc25-e80b-4181c2fd9baf","FullyQualifiedName":"CofeeStoerBLTesting.StoreServiceTest.GetStoresByCityTest","DisplayName":"GetStoresByCityTest","ExecutorUri":"executor://NUnit3TestExecutor","Source":"C:\\Users\\VC\\Desktop\\capstone\\CofeeStoreManagementSln\\CofeeStoerBLTesting\\bin\\Debug\\net8.0\\fine-code-coverage\\build-output\\CofeeStoerBLTesting.dll","CodeFilePath":null,"LineNumber":0,"Properties":[{"Key":{"Id":"NUnit.Seed","Label":"Seed","Category":"","Description":"","Attributes":0,"ValueType":"System.String"},"Value":"660189003"}]},"Attachments":[],"Outcome":1,"ErrorMessage":null,"ErrorStackTrace":null,"DisplayName":"GetStoresByCityTest","Messages":[],"ComputerName":"794GBX3","Duration":"00:00:00.0029359","StartTime":"2024-08-02T10:03:06.3142564+00:00","EndTime":"2024-08-02T10:03:06.3171922+00:00","Properties":[{"Key":{"Id":"NUnit.Seed","Label":"Seed","Category":"","Description":"","Attributes":0,"ValueType":"System.String"},"Value":"660189003"}]},{"TestCase":{"Id":"a0ed9711-e100-d052-9ea9-a4751334f844","FullyQualifiedName":"CofeeStoerBLTesting.StoreServiceTest.GetUserOrdersTest","DisplayName":"GetUserOrdersTest","ExecutorUri":"executor://NUnit3TestExecutor","Source":"C:\\Users\\VC\\Desktop\\capstone\\CofeeStoreManagementSln\\CofeeStoerBLTesting\\bin\\Debug\\net8.0\\fine-code-coverage\\build-output\\CofeeStoerBLTesting.dll","CodeFilePath":null,"LineNumber":0,"Properties":[{"Key":{"Id":"NUnit.Seed","Label":"Seed","Category":"","Description":"","Attributes":0,"ValueType":"System.String"},"Value":"1040174902"}]},"Attachments":[],"Outcome":1,"ErrorMessage":null,"ErrorStackTrace":null,"DisplayName":"GetUserOrdersTest","Messages":[],"ComputerName":"794GBX3","Duration":"00:00:00.0202020","StartTime":"2024-08-02T10:03:06.3172393+00:00","EndTime":"2024-08-02T10:03:06.3374407+00:00","Properties":[{"Key":{"Id":"NUnit.Seed","Label":"Seed","Category":"","Description":"","Attributes":0,"ValueType":"System.String"},"Value":"1040174902"}]},{"TestCase":{"Id":"8302e5c8-153c-7a53-6b47-8cc83cf211e5","FullyQualifiedName":"CofeeStoerBLTesting.StoreServiceTest.MakeOrderReadyTest","DisplayName":"MakeOrderReadyTest","ExecutorUri":"executor://NUnit3TestExecutor","Source":"C:\\Users\\VC\\Desktop\\capstone\\CofeeStoreManagementSln\\CofeeStoerBLTesting\\bin\\Debug\\net8.0\\fine-code-coverage\\build-output\\CofeeStoerBLTesting.dll","CodeFilePath":null,"LineNumber":0,"Properties":[{"Key":{"Id":"NUnit.Seed","Label":"Seed","Category":"","Description":"","Attributes":0,"ValueType":"System.String"},"Value":"301690969"}]},"Attachments":[],"Outcome":1,"ErrorMessage":null,"ErrorStackTrace":null,"DisplayName":"MakeOrderReadyTest","Messages":[],"ComputerName":"794GBX3","Duration":"00:00:00.0131560","StartTime":"2024-08-02T10:03:06.3374894+00:00","EndTime":"2024-08-02T10:03:06.3506446+00:00","Properties":[{"Key":{"Id":"NUnit.Seed","Label":"Seed","Category":"","Description":"","Attributes":0,"ValueType":"System.String"},"Value":"301690969"}]},{"TestCase":{"Id":"121b7a8a-5e3a-d325-5dc7-cd6b9a684bb6","FullyQualifiedName":"CofeeStoerBLTesting.StoreServiceTest.MakeOrderReadythrowsTest","DisplayName":"MakeOrderReadythrowsTest","ExecutorUri":"executor://NUnit3TestExecutor","Source":"C:\\Users\\VC\\Desktop\\capstone\\CofeeStoreManagementSln\\CofeeStoerBLTesting\\bin\\Debug\\net8.0\\fine-code-coverage\\build-output\\CofeeStoerBLTesting.dll","CodeFilePath":null,"LineNumber":0,"Properties":[{"Key":{"Id":"NUnit.Seed","Label":"Seed","Category":"","Description":"","Attributes":0,"ValueType":"System.String"},"Value":"1401380315"}]},"Attachments":[],"Outcome":1,"ErrorMessage":null,"ErrorStackTrace":null,"DisplayName":"MakeOrderReadythrowsTest","Messages":[],"ComputerName":"794GBX3","Duration":"00:00:00.0068380","StartTime":"2024-08-02T10:03:06.3506828+00:00","EndTime":"2024-08-02T10:03:06.3575201+00:00","Properties":[{"Key":{"Id":"NUnit.Seed","Label":"Seed","Category":"","Description":"","Attributes":0,"ValueType":"System.String"},"Value":"1401380315"}]},{"TestCase":{"Id":"1e7859f7-7a10-5c8d-183a-a29e01543cb1","FullyQualifiedName":"CofeeStoerBLTesting.Tests.RegisterNewUserTest","DisplayName":"RegisterNewUserTest","ExecutorUri":"executor://NUnit3TestExecutor","Source":"C:\\Users\\VC\\Desktop\\capstone\\CofeeStoreManagementSln\\CofeeStoerBLTesting\\bin\\Debug\\net8.0\\fine-code-coverage\\build-output\\CofeeStoerBLTesting.dll","CodeFilePath":null,"LineNumber":0,"Properties":[{"Key":{"Id":"NUnit.Seed","Label":"Seed","Category":"","Description":"","Attributes":0,"ValueType":"System.String"},"Value":"338387048"}]},"Attachments":[],"Outcome":1,"ErrorMessage":null,"ErrorStackTrace":null,"DisplayName":"RegisterNewUserTest","Messages":[],"ComputerName":"794GBX3","Duration":"00:00:00.0295260","StartTime":"2024-08-02T10:03:06.3579083+00:00","EndTime":"2024-08-02T10:03:06.3874346+00:00","Properties":[{"Key":{"Id":"NUnit.Seed","Label":"Seed","Category":"","Description":"","Attributes":0,"ValueType":"System.String"},"Value":"338387048"}]}],"TestRunStatistics":{"ExecutedTests":27,"Stats":{"Passed":27}},"ActiveTests":[{"Id":"e8615e83-5db8-3feb-5e30-4aed64109ee1","FullyQualifiedName":"CofeeStoerBLTesting.Tests.RegisterUserThrowsException","DisplayName":"RegisterUserThrowsException","ExecutorUri":"executor://NUnit3TestExecutor","Source":"C:\\Users\\VC\\Desktop\\capstone\\CofeeStoreManagementSln\\CofeeStoerBLTesting\\bin\\Debug\\net8.0\\fine-code-coverage\\build-output\\CofeeStoerBLTesting.dll","CodeFilePath":null,"LineNumber":0,"Properties":[{"Key":{"Id":"NUnit.Seed","Label":"Seed","Category":"","Description":"","Attributes":0,"ValueType":"System.String"},"Value":"636781637"}]}]}}
TpTrace Verbose: 0 : 29156, 11, 2024/08/02, 15:33:06.393, 1082035912760, vstest.console.dll, TestRunRequest:SendTestRunStatsChange: Starting.
TpTrace Verbose: 0 : 29156, 11, 2024/08/02, 15:33:06.393, 1082035913683, vstest.console.dll, InProgress is RegisterUserThrowsException
TpTrace Verbose: 0 : 29156, 11, 2024/08/02, 15:33:06.393, 1082035914532, vstest.console.dll, MulticastDelegateUtilities.SafeInvoke: TestRun.RunStatsChanged: Invoking callbacks was skipped because there are no subscribers.
TpTrace Information: 0 : 29156, 11, 2024/08/02, 15:33:06.393, 1082035914898, vstest.console.dll, TestRunRequest:SendTestRunStatsChange: Completed.
TpTrace Verbose: 0 : 29156, 11, 2024/08/02, 15:33:06.393, 1082035915307, vstest.console.dll, MulticastDelegateUtilities.SafeInvoke: LengthPrefixCommunicationChannel: MessageReceived: Invoking callback 1/1 for Microsoft.VisualStudio.TestPlatform.CommunicationUtilities.TestRequestSender+<>c__DisplayClass34_0., took 1 ms.
TpTrace Verbose: 0 : 29156, 11, 2024/08/02, 15:33:06.394, 1082035915783, vstest.console.dll, TcpClientExtensions.MessageLoopAsync: Polling on remoteEndPoint: 127.0.0.1:63765 localEndPoint: 127.0.0.1:63764 after 113 ms
TpTrace Verbose: 0 : 29156, 4, 2024/08/02, 15:33:06.395, 1082035929674, vstest.console.dll, MulticastDelegateUtilities.SafeInvoke: InternalTestLoggerEvents.SendTestResult: Invoking callback 1/1 for Microsoft.VisualStudio.TestPlatform.CommandLine.Internal.ConsoleLogger., took 1 ms.
TpTrace Verbose: 0 : 29156, 4, 2024/08/02, 15:33:06.395, 1082035931423, vstest.console.dll, MulticastDelegateUtilities.SafeInvoke: InternalTestLoggerEvents.SendTestResult: Invoking callback 1/1 for Microsoft.VisualStudio.TestPlatform.CommandLine.Internal.ConsoleLogger., took 0 ms.
TpTrace Verbose: 0 : 29156, 4, 2024/08/02, 15:33:06.395, 1082035932057, vstest.console.dll, MulticastDelegateUtilities.SafeInvoke: InternalTestLoggerEvents.SendTestResult: Invoking callback 1/1 for Microsoft.VisualStudio.TestPlatform.CommandLine.Internal.ConsoleLogger., took 0 ms.
TpTrace Verbose: 0 : 29156, 4, 2024/08/02, 15:33:06.395, 1082035932622, vstest.console.dll, MulticastDelegateUtilities.SafeInvoke: InternalTestLoggerEvents.SendTestResult: Invoking callback 1/1 for Microsoft.VisualStudio.TestPlatform.CommandLine.Internal.ConsoleLogger., took 0 ms.
TpTrace Verbose: 0 : 29156, 4, 2024/08/02, 15:33:06.395, 1082035933208, vstest.console.dll, MulticastDelegateUtilities.SafeInvoke: InternalTestLoggerEvents.SendTestResult: Invoking callback 1/1 for Microsoft.VisualStudio.TestPlatform.CommandLine.Internal.ConsoleLogger., took 0 ms.
TpTrace Verbose: 0 : 29156, 4, 2024/08/02, 15:33:06.395, 1082035933790, vstest.console.dll, MulticastDelegateUtilities.SafeInvoke: InternalTestLoggerEvents.SendTestResult: Invoking callback 1/1 for Microsoft.VisualStudio.TestPlatform.CommandLine.Internal.ConsoleLogger., took 0 ms.
TpTrace Verbose: 0 : 29156, 4, 2024/08/02, 15:33:06.395, 1082035934668, vstest.console.dll, MulticastDelegateUtilities.SafeInvoke: InternalTestLoggerEvents.SendTestResult: Invoking callback 1/1 for Microsoft.VisualStudio.TestPlatform.CommandLine.Internal.ConsoleLogger., took 0 ms.
TpTrace Verbose: 0 : 29156, 4, 2024/08/02, 15:33:06.395, 1082035935326, vstest.console.dll, MulticastDelegateUtilities.SafeInvoke: InternalTestLoggerEvents.SendTestResult: Invoking callback 1/1 for Microsoft.VisualStudio.TestPlatform.CommandLine.Internal.ConsoleLogger., took 0 ms.
TpTrace Verbose: 0 : 29156, 4, 2024/08/02, 15:33:06.396, 1082035935899, vstest.console.dll, MulticastDelegateUtilities.SafeInvoke: InternalTestLoggerEvents.SendTestResult: Invoking callback 1/1 for Microsoft.VisualStudio.TestPlatform.CommandLine.Internal.ConsoleLogger., took 0 ms.
TpTrace Verbose: 0 : 29156, 11, 2024/08/02, 15:33:06.416, 1082036138657, vstest.console.dll, TcpClientExtensions.MessageLoopAsync: NotifyDataAvailable remoteEndPoint: 127.0.0.1:63765 localEndPoint: 127.0.0.1:63764
TpTrace Verbose: 0 : 29156, 11, 2024/08/02, 15:33:06.416, 1082036140416, vstest.console.dll, TestRequestSender.OnExecutionMessageReceived: Received message: {"Version":7,"MessageType":"TestSession.Message","Payload":{"MessageLevel":0,"Message":"NUnit Adapter 4.5.0.0: Test execution complete"}}
TpTrace Verbose: 0 : 29156, 11, 2024/08/02, 15:33:06.416, 1082036142287, vstest.console.dll, TestRunRequest:SendTestRunMessage: Starting.
TpTrace Verbose: 0 : 29156, 11, 2024/08/02, 15:33:06.416, 1082036143315, vstest.console.dll, MulticastDelegateUtilities.SafeInvoke: TestRun.LogMessages: Invoking callback 1/1 for Microsoft.VisualStudio.TestPlatform.CommandLine.TestRunResultAggregator., took 0 ms.
TpTrace Information: 0 : 29156, 11, 2024/08/02, 15:33:06.416, 1082036143812, vstest.console.dll, TestRunRequest:SendTestRunMessage: Completed.
TpTrace Verbose: 0 : 29156, 11, 2024/08/02, 15:33:06.416, 1082036144224, vstest.console.dll, MulticastDelegateUtilities.SafeInvoke: LengthPrefixCommunicationChannel: MessageReceived: Invoking callback 1/1 for Microsoft.VisualStudio.TestPlatform.CommunicationUtilities.TestRequestSender+<>c__DisplayClass34_0., took 0 ms.
TpTrace Verbose: 0 : 29156, 4, 2024/08/02, 15:33:06.416, 1082036144430, vstest.console.dll, MulticastDelegateUtilities.SafeInvoke: InternalTestLoggerEvents.SendTestRunMessage: Invoking callback 1/1 for Microsoft.VisualStudio.TestPlatform.CommandLine.Internal.ConsoleLogger., took 0 ms.
TpTrace Verbose: 0 : 29156, 11, 2024/08/02, 15:33:06.416, 1082036144809, vstest.console.dll, TcpClientExtensions.MessageLoopAsync: Polling on remoteEndPoint: 127.0.0.1:63765 localEndPoint: 127.0.0.1:63764 after 22 ms
TpTrace Verbose: 0 : 29156, 11, 2024/08/02, 15:33:06.431, 1082036288616, vstest.console.dll, TcpClientExtensions.MessageLoopAsync: NotifyDataAvailable remoteEndPoint: 127.0.0.1:63765 localEndPoint: 127.0.0.1:63764
TpTrace Verbose: 0 : 29156, 11, 2024/08/02, 15:33:06.431, 1082036291139, vstest.console.dll, TestRequestSender.OnExecutionMessageReceived: Received message: {"Version":7,"MessageType":"TestExecution.Completed","Payload":{"TestRunCompleteArgs":{"TestRunStatistics":{"ExecutedTests":30,"Stats":{"Passed":30}},"IsCanceled":false,"IsAborted":false,"Error":null,"AttachmentSets":[],"InvokedDataCollectors":[],"ElapsedTimeInRunningTests":"00:00:03.1208241","Metrics":{},"DiscoveredExtensions":{"TestDiscoverers":["NUnit.VisualStudio.TestAdapter.NUnit3TestDiscoverer, NUnit3.TestAdapter, Version=4.5.0.0, Culture=neutral, PublicKeyToken=4cb40d35494691ac"],"TestExecutors":["executor://NUnit3TestExecutor"],"TestExecutors2":[],"TestSettingsProviders":[]}},"LastRunTests":{"NewTestResults":[{"TestCase":{"Id":"e8615e83-5db8-3feb-5e30-4aed64109ee1","FullyQualifiedName":"CofeeStoerBLTesting.Tests.RegisterUserThrowsException","DisplayName":"RegisterUserThrowsException","ExecutorUri":"executor://NUnit3TestExecutor","Source":"C:\\Users\\VC\\Desktop\\capstone\\CofeeStoreManagementSln\\CofeeStoerBLTesting\\bin\\Debug\\net8.0\\fine-code-coverage\\build-output\\CofeeStoerBLTesting.dll","CodeFilePath":null,"LineNumber":0,"Properties":[{"Key":{"Id":"NUnit.Seed","Label":"Seed","Category":"","Description":"","Attributes":0,"ValueType":"System.String"},"Value":"636781637"}]},"Attachments":[],"Outcome":1,"ErrorMessage":null,"ErrorStackTrace":null,"DisplayName":"RegisterUserThrowsException","Messages":[],"ComputerName":"794GBX3","Duration":"00:00:00.0044339","StartTime":"2024-08-02T10:03:06.3874737+00:00","EndTime":"2024-08-02T10:03:06.3919069+00:00","Properties":[{"Key":{"Id":"NUnit.Seed","Label":"Seed","Category":"","Description":"","Attributes":0,"ValueType":"System.String"},"Value":"636781637"}]},{"TestCase":{"Id":"8253f22d-075c-69ec-4623-6f4b5d3f6fd4","FullyQualifiedName":"CofeeStoerBLTesting.Tests.UserLoginFailTest","DisplayName":"UserLoginFailTest","ExecutorUri":"executor://NUnit3TestExecutor","Source":"C:\\Users\\VC\\Desktop\\capstone\\CofeeStoreManagementSln\\CofeeStoerBLTesting\\bin\\Debug\\net8.0\\fine-code-coverage\\build-output\\CofeeStoerBLTesting.dll","CodeFilePath":null,"LineNumber":0,"Properties":[{"Key":{"Id":"NUnit.Seed","Label":"Seed","Category":"","Description":"","Attributes":0,"ValueType":"System.String"},"Value":"608891584"}]},"Attachments":[],"Outcome":1,"ErrorMessage":null,"ErrorStackTrace":null,"DisplayName":"UserLoginFailTest","Messages":[],"ComputerName":"794GBX3","Duration":"00:00:00.0071520","StartTime":"2024-08-02T10:03:06.3920959+00:00","EndTime":"2024-08-02T10:03:06.3992475+00:00","Properties":[{"Key":{"Id":"NUnit.Seed","Label":"Seed","Category":"","Description":"","Attributes":0,"ValueType":"System.String"},"Value":"608891584"}]},{"TestCase":{"Id":"d3a4697e-1562-225f-154c-80340d661b9f","FullyQualifiedName":"CofeeStoerBLTesting.Tests.UserLoginTest","DisplayName":"UserLoginTest","ExecutorUri":"executor://NUnit3TestExecutor","Source":"C:\\Users\\VC\\Desktop\\capstone\\CofeeStoreManagementSln\\CofeeStoerBLTesting\\bin\\Debug\\net8.0\\fine-code-coverage\\build-output\\CofeeStoerBLTesting.dll","CodeFilePath":null,"LineNumber":0,"Properties":[{"Key":{"Id":"NUnit.Seed","Label":"Seed","Category":"","Description":"","Attributes":0,"ValueType":"System.String"},"Value":"379642697"}]},"Attachments":[],"Outcome":1,"ErrorMessage":null,"ErrorStackTrace":null,"DisplayName":"UserLoginTest","Messages":[],"ComputerName":"794GBX3","Duration":"00:00:00.0082660","StartTime":"2024-08-02T10:03:06.3992978+00:00","EndTime":"2024-08-02T10:03:06.4075632+00:00","Properties":[{"Key":{"Id":"NUnit.Seed","Label":"Seed","Category":"","Description":"","Attributes":0,"ValueType":"System.String"},"Value":"379642697"}]}],"TestRunStatistics":{"ExecutedTests":30,"Stats":{"Passed":30}},"ActiveTests":[]},"RunAttachments":[],"ExecutorUris":["executor://nunit3testexecutor/"]}}
TpTrace Verbose: 0 : 29156, 11, 2024/08/02, 15:33:06.431, 1082036292146, vstest.console.dll, TestRequestSender.EndSession: Sending end session.
TpTrace Verbose: 0 : 29156, 11, 2024/08/02, 15:33:06.431, 1082036293896, vstest.console.dll, ProxyOperationManager.Close: waiting for test host to exit for 100 ms
TpTrace Verbose: 0 : 29156, 12, 2024/08/02, 15:33:06.450, 1082036478291, vstest.console.dll, TestHostManagerCallbacks.ctor: Experimental forwarding output is disabled.
TpTrace Warning: 0 : 29156, 12, 2024/08/02, 15:33:06.450, 1082036479720, vstest.console.dll, TestHostManagerCallbacks.ErrorReceivedCallback Test host standard error line: 
TpTrace Verbose: 0 : 29156, 12, 2024/08/02, 15:33:06.472, 1082036697790, vstest.console.dll, TestHostProvider.ExitCallBack: Host exited starting callback.
TpTrace Information: 0 : 29156, 12, 2024/08/02, 15:33:06.472, 1082036699625, vstest.console.dll, TestHostManagerCallbacks.ExitCallBack: Testhost processId: 7432 exited with exitcode: 0 error: ''
TpTrace Verbose: 0 : 29156, 12, 2024/08/02, 15:33:06.472, 1082036700039, vstest.console.dll, DotnetTestHostManager.OnHostExited: invoking OnHostExited callback
TpTrace Verbose: 0 : 29156, 12, 2024/08/02, 15:33:06.472, 1082036700594, vstest.console.dll, CrossPlatEngine.TestHostManagerHostExited: calling on client process exit callback.
TpTrace Information: 0 : 29156, 12, 2024/08/02, 15:33:06.472, 1082036701116, vstest.console.dll, TestRequestSender.OnClientProcessExit: Test host process exited. Standard error: 
TpTrace Information: 0 : 29156, 12, 2024/08/02, 15:33:06.472, 1082036701487, vstest.console.dll, SocketServer.Stop: Stop server endPoint: 127.0.0.1:63764
TpTrace Information: 0 : 29156, 12, 2024/08/02, 15:33:06.472, 1082036701754, vstest.console.dll, SocketServer.Stop: Cancellation requested. Stopping message loop.
TpTrace Information: 0 : 29156, 11, 2024/08/02, 15:33:06.472, 1082036702054, vstest.console.dll, SocketServer.Stop: Stop server endPoint: 127.0.0.1:63764
TpTrace Information: 0 : 29156, 11, 2024/08/02, 15:33:06.472, 1082036702752, vstest.console.dll, SocketServer.Stop: Cancellation requested. Stopping message loop.
TpTrace Verbose: 0 : 29156, 12, 2024/08/02, 15:33:06.472, 1082036702759, vstest.console.dll, MulticastDelegateUtilities.SafeInvoke: HostProviderEvents.OnHostExited: Invoking callback 1/1 for Microsoft.VisualStudio.TestPlatform.CrossPlatEngine.Client.ProxyOperationManager., took 0 ms.
TpTrace Information: 0 : 29156, 11, 2024/08/02, 15:33:06.472, 1082036703266, vstest.console.dll, Closing the connection
TpTrace Verbose: 0 : 29156, 11, 2024/08/02, 15:33:06.473, 1082036706275, vstest.console.dll, ProxyDataCollectionManager.InvokeDataCollectionServiceAction: Starting.
TpTrace Information: 0 : 29156, 11, 2024/08/02, 15:33:06.473, 1082036706748, vstest.console.dll, ProxyDataCollectionManager.AfterTestRunEnd: Get attachment set and invoked data collectors processId: 7760 port: 63761
TpTrace Verbose: 0 : 29156, 11, 2024/08/02, 15:33:06.473, 1082036707192, vstest.console.dll, DataCollectionRequestSender.SendAfterTestRunStartAndGetResult: Send AfterTestRunEnd message with isCancelled: False
TpTrace Verbose: 0 : 29156, 11, 2024/08/02, 15:33:06.482, 1082036800277, vstest.console.dll, DataCollectionRequestSender.SendAfterTestRunStartAndGetResult: Received message: (DataCollection.AfterTestRunEndResult) -> {"MessageType":"DataCollection.AfterTestRunEndResult","Payload":{"AttachmentSets":[],"InvokedDataCollectors":[{"Uri":"datacollector://Microsoft/TestPlatform/Extensions/Blame/v1","FriendlyName":"Blame","AssemblyQualifiedName":"Microsoft.TestPlatform.Extensions.BlameDataCollector.BlameCollector, Microsoft.TestPlatform.Extensions.BlameDataCollector, Version=15.0.0.0, Culture=neutral, PublicKeyToken=b03f5f7f11d50a3a","FilePath":"C:\\Program Files\\dotnet\\sdk\\8.0.300\\Extensions\\Microsoft.TestPlatform.Extensions.BlameDataCollector.dll","HasAttachmentProcessor":false}],"Metrics":{}}}
TpTrace Information: 0 : 29156, 11, 2024/08/02, 15:33:06.487, 1082036846236, vstest.console.dll, ProxyDataCollectionManager.InvokeDataCollectionServiceAction: Completed.
TpTrace Warning: 0 : 29156, 10, 2024/08/02, 15:33:06.490, 1082036881304, vstest.console.dll, DataCollectionLauncher.ErrorReceivedCallback datacollector standard error line: 
TpTrace Information: 0 : 29156, 10, 2024/08/02, 15:33:06.499, 1082036966397, vstest.console.dll, DataCollectionLauncher.ExitCallBack: Data collector exited with exitcode: 0 error: ''
TpTrace Verbose: 0 : 29156, 11, 2024/08/02, 15:33:06.516, 1082037136274, vstest.console.dll, TestRunRequest:SendTestRunStatsChange: Starting.
TpTrace Verbose: 0 : 29156, 11, 2024/08/02, 15:33:06.516, 1082037137641, vstest.console.dll, MulticastDelegateUtilities.SafeInvoke: TestRun.RunStatsChanged: Invoking callbacks was skipped because there are no subscribers.
TpTrace Information: 0 : 29156, 11, 2024/08/02, 15:33:06.516, 1082037137949, vstest.console.dll, TestRunRequest:SendTestRunStatsChange: Completed.
TpTrace Verbose: 0 : 29156, 4, 2024/08/02, 15:33:06.516, 1082037139508, vstest.console.dll, MulticastDelegateUtilities.SafeInvoke: InternalTestLoggerEvents.SendTestResult: Invoking callback 1/1 for Microsoft.VisualStudio.TestPlatform.CommandLine.Internal.ConsoleLogger., took 0 ms.
TpTrace Verbose: 0 : 29156, 4, 2024/08/02, 15:33:06.516, 1082037140456, vstest.console.dll, MulticastDelegateUtilities.SafeInvoke: InternalTestLoggerEvents.SendTestResult: Invoking callback 1/1 for Microsoft.VisualStudio.TestPlatform.CommandLine.Internal.ConsoleLogger., took 0 ms.
TpTrace Verbose: 0 : 29156, 4, 2024/08/02, 15:33:06.516, 1082037140952, vstest.console.dll, MulticastDelegateUtilities.SafeInvoke: InternalTestLoggerEvents.SendTestResult: Invoking callback 1/1 for Microsoft.VisualStudio.TestPlatform.CommandLine.Internal.ConsoleLogger., took 0 ms.
TpTrace Verbose: 0 : 29156, 11, 2024/08/02, 15:33:06.516, 1082037141329, vstest.console.dll, ParallelProxyExecutionManager: HandlePartialRunComplete: Total workloads = 1, Total started clients = 1 Total completed clients = 1, Run complete = True, Run canceled: False.
TpTrace Verbose: 0 : 29156, 11, 2024/08/02, 15:33:06.516, 1082037141860, vstest.console.dll, ParallelProxyExecutionManager: HandlePartialRunComplete: All runs completed stopping all managers.
TpTrace Verbose: 0 : 29156, 11, 2024/08/02, 15:33:06.516, 1082037142227, vstest.console.dll, ParallelOperationManager.StopAllManagers: Stopping all managers.
TpTrace Verbose: 0 : 29156, 11, 2024/08/02, 15:33:06.516, 1082037142528, vstest.console.dll, ParallelOperationManager.ClearSlots: Clearing all slots. Slots should accept more work: False
TpTrace Verbose: 0 : 29156, 11, 2024/08/02, 15:33:06.516, 1082037143542, vstest.console.dll, ParallelOperationManager.SetOccupiedSlotCount: Setting slot counts AvailableSlotCount = 1, OccupiedSlotCount = 0.
TpTrace Verbose: 0 : 29156, 11, 2024/08/02, 15:33:06.516, 1082037144088, vstest.console.dll, Occupied slots:

TpTrace Verbose: 0 : 29156, 4, 2024/08/02, 15:33:06.529, 1082037273279, vstest.console.dll, MulticastDelegateUtilities.SafeInvoke: InternalTestLoggerEvents.SendTestRunComplete: Invoking callback 1/2 for Microsoft.TestPlatform.Extensions.BlameDataCollector.BlameLogger., took 0 ms.
TpTrace Verbose: 0 : 29156, 4, 2024/08/02, 15:33:06.534, 1082037323835, vstest.console.dll, MulticastDelegateUtilities.SafeInvoke: InternalTestLoggerEvents.SendTestRunComplete: Invoking callback 2/2 for Microsoft.VisualStudio.TestPlatform.CommandLine.Internal.ConsoleLogger., took 4 ms.
TpTrace Verbose: 0 : 29156, 11, 2024/08/02, 15:33:06.535, 1082037328129, vstest.console.dll, TestRunRequest:TestRunComplete: Starting. IsAborted:False IsCanceled:False.
TpTrace Verbose: 0 : 29156, 11, 2024/08/02, 15:33:06.535, 1082037329763, vstest.console.dll, ParallelOperationManager.DoActionOnAllManagers: Calling an action on all managers.
TpTrace Verbose: 0 : 29156, 11, 2024/08/02, 15:33:06.536, 1082037338200, vstest.console.dll, TestLoggerManager.HandleTestRunComplete: Ignoring as the object is disposed.
TpTrace Verbose: 0 : 29156, 11, 2024/08/02, 15:33:06.536, 1082037340279, vstest.console.dll, MulticastDelegateUtilities.SafeInvoke: TestRun.TestRunComplete: Invoking callback 1/2 for Microsoft.VisualStudio.TestPlatform.CommandLine.TestRunResultAggregator., took 0 ms.
TpTrace Verbose: 0 : 29156, 11, 2024/08/02, 15:33:06.536, 1082037341327, vstest.console.dll, MulticastDelegateUtilities.SafeInvoke: TestRun.TestRunComplete: Invoking callback 2/2 for Microsoft.VisualStudio.TestPlatform.CommandLine.Processors.RunTestsArgumentExecutor+TestRunRequestEventsRegistrar., took 0 ms.
TpTrace Information: 0 : 29156, 11, 2024/08/02, 15:33:06.536, 1082037342264, vstest.console.dll, TestRunRequest:TestRunComplete: Completed.
TpTrace Verbose: 0 : 29156, 11, 2024/08/02, 15:33:06.536, 1082037342681, vstest.console.dll, TestRequestSender.SetOperationComplete: Setting operation complete.
TpTrace Information: 0 : 29156, 11, 2024/08/02, 15:33:06.536, 1082037342967, vstest.console.dll, SocketServer.Stop: Stop server endPoint: 127.0.0.1:63764
TpTrace Verbose: 0 : 29156, 1, 2024/08/02, 15:33:06.536, 1082037342968, vstest.console.dll, TestRunRequest.Dispose: Starting.
TpTrace Information: 0 : 29156, 1, 2024/08/02, 15:33:06.536, 1082037344067, vstest.console.dll, TestRunRequest.Dispose: Completed.
TpTrace Information: 0 : 29156, 11, 2024/08/02, 15:33:06.536, 1082037343299, vstest.console.dll, SocketServer.Stop: Cancellation requested. Stopping message loop.
TpTrace Verbose: 0 : 29156, 11, 2024/08/02, 15:33:06.536, 1082037345145, vstest.console.dll, MulticastDelegateUtilities.SafeInvoke: LengthPrefixCommunicationChannel: MessageReceived: Invoking callback 1/1 for Microsoft.VisualStudio.TestPlatform.CommunicationUtilities.TestRequestSender+<>c__DisplayClass34_0., took 105 ms.
TpTrace Information: 0 : 29156, 1, 2024/08/02, 15:33:06.536, 1082037344498, vstest.console.dll, TestRequestManager.RunTests: run tests completed.
TpTrace Information: 0 : 29156, 1, 2024/08/02, 15:33:06.537, 1082037346999, vstest.console.dll, RunTestsArgumentProcessor:Execute: Test run is completed.
TpTrace Information: 0 : 29156, 11, 2024/08/02, 15:33:06.537, 1082037346020, vstest.console.dll, SocketServer.PrivateStop: Stopping server endPoint: 127.0.0.1:63764 error: 
TpTrace Verbose: 0 : 29156, 1, 2024/08/02, 15:33:06.537, 1082037349649, vstest.console.dll, Executor.Execute: Exiting with exit code of 0
TpTrace Verbose: 0 : 29156, 11, 2024/08/02, 15:33:06.537, 1082037354089, vstest.console.dll, LengthPrefixCommunicationChannel.Dispose: Dispose reader and writer.
TpTrace Information: 0 : 29156, 11, 2024/08/02, 15:33:06.537, 1082037355500, vstest.console.dll, SocketServer.Stop: Raise disconnected event endPoint: 127.0.0.1:63764 error: 
