TpTrace Verbose: 0 : 30400, 1, 2024/08/02, 15:33:08.527, 1082057246981, vstest.console.dll, Version: 17.10.0-release-24203-04 Current process architecture: X64
TpTrace Verbose: 0 : 30400, 1, 2024/08/02, 15:33:08.531, 1082057287980, vstest.console.dll, Runtime location: C:\Program Files\dotnet\shared\Microsoft.NETCore.App\8.0.5
TpTrace Verbose: 0 : 30400, 1, 2024/08/02, 15:33:08.534, 1082057316079, vstest.console.dll, ArtifactProcessingPostProcessModeProcessorExecutor.Initialize: ArtifactProcessingMode.Collect
TpTrace Verbose: 0 : 30400, 1, 2024/08/02, 15:33:08.534, 1082057317916, vstest.console.dll, TestSessionCorrelationIdProcessorModeProcessorExecutor.Initialize: TestSessionCorrelationId '24248_0fb436e7-4300-4908-b920-964facbc83ba'
TpTrace Information: 0 : 30400, 1, 2024/08/02, 15:33:08.544, 1082057422003, vstest.console.dll, FilePatternParser: The given file C:\Users\VC\Desktop\capstone\CofeeStoreManagementSln\CofeeStoreManagementRepositoryTest\bin\Debug\net8.0\fine-code-coverage\build-output\CofeeStoreManagementRepositoryTest.dll is a full path.
TpTrace Verbose: 0 : 30400, 1, 2024/08/02, 15:33:08.551, 1082057488714, vstest.console.dll, TestPluginCache.DiscoverTestExtensions: finding test extensions in assemblies ends with: RuntimeProvider.dll TPluginInfo: Microsoft.VisualStudio.TestPlatform.Common.ExtensionFramework.Utilities.TestRuntimePluginInformation TExtension: Microsoft.VisualStudio.TestPlatform.ObjectModel.Host.ITestRuntimeProvider
TpTrace Verbose: 0 : 30400, 1, 2024/08/02, 15:33:08.551, 1082057493313, vstest.console.dll, TestPluginCache.GetExtensionPaths: Filtered extension paths: 
TpTrace Verbose: 0 : 30400, 1, 2024/08/02, 15:33:08.551, 1082057494595, vstest.console.dll, TestPluginCache.GetExtensionPaths: Added default extension paths: C:\Program Files\dotnet\sdk\8.0.300\Extensions\Microsoft.Diagnostics.NETCore.Client.dll
C:\Program Files\dotnet\sdk\8.0.300\Extensions\Microsoft.TestPlatform.Extensions.BlameDataCollector.dll
C:\Program Files\dotnet\sdk\8.0.300\Extensions\Microsoft.TestPlatform.Extensions.EventLogCollector.dll
C:\Program Files\dotnet\sdk\8.0.300\Extensions\Microsoft.TestPlatform.TestHostRuntimeProvider.dll
C:\Program Files\dotnet\sdk\8.0.300\Extensions\Microsoft.VisualStudio.TestPlatform.Extensions.Html.TestLogger.dll
C:\Program Files\dotnet\sdk\8.0.300\Extensions\Microsoft.VisualStudio.TestPlatform.Extensions.Trx.TestLogger.dll
TpTrace Verbose: 0 : 30400, 1, 2024/08/02, 15:33:08.551, 1082057495190, vstest.console.dll, TestPluginCache.GetExtensionPaths: Added unfilterableExtensionPaths: 
TpTrace Information: 0 : 30400, 1, 2024/08/02, 15:33:08.552, 1082057501743, vstest.console.dll, AssemblyResolver.ctor: Creating AssemblyResolver with searchDirectories C:\Program Files\dotnet\sdk\8.0.300\Extensions,C:\Program Files\dotnet\sdk\8.0.300
TpTrace Verbose: 0 : 30400, 1, 2024/08/02, 15:33:08.554, 1082057520422, vstest.console.dll, TestPluginCache.DiscoverTestExtensions: Discovering the extensions using extension path.
TpTrace Verbose: 0 : 30400, 1, 2024/08/02, 15:33:08.554, 1082057522554, vstest.console.dll, TestPluginCache.GetExtensionPaths: Filtered extension paths: 
TpTrace Verbose: 0 : 30400, 1, 2024/08/02, 15:33:08.554, 1082057523321, vstest.console.dll, TestPluginCache.GetExtensionPaths: Added default extension paths: C:\Program Files\dotnet\sdk\8.0.300\Extensions\Microsoft.Diagnostics.NETCore.Client.dll
C:\Program Files\dotnet\sdk\8.0.300\Extensions\Microsoft.TestPlatform.Extensions.BlameDataCollector.dll
C:\Program Files\dotnet\sdk\8.0.300\Extensions\Microsoft.TestPlatform.Extensions.EventLogCollector.dll
C:\Program Files\dotnet\sdk\8.0.300\Extensions\Microsoft.TestPlatform.TestHostRuntimeProvider.dll
C:\Program Files\dotnet\sdk\8.0.300\Extensions\Microsoft.VisualStudio.TestPlatform.Extensions.Html.TestLogger.dll
C:\Program Files\dotnet\sdk\8.0.300\Extensions\Microsoft.VisualStudio.TestPlatform.Extensions.Trx.TestLogger.dll
TpTrace Verbose: 0 : 30400, 1, 2024/08/02, 15:33:08.554, 1082057523774, vstest.console.dll, TestPluginCache.GetExtensionPaths: Added unfilterableExtensionPaths: 
TpTrace Verbose: 0 : 30400, 1, 2024/08/02, 15:33:08.554, 1082057525494, vstest.console.dll, TestPluginCache.DiscoverTestExtensions: Discovering the extensions using allExtensionPaths: C:\Program Files\dotnet\sdk\8.0.300\Extensions\Microsoft.Diagnostics.NETCore.Client.dll
C:\Program Files\dotnet\sdk\8.0.300\Extensions\Microsoft.TestPlatform.Extensions.BlameDataCollector.dll
C:\Program Files\dotnet\sdk\8.0.300\Extensions\Microsoft.TestPlatform.Extensions.EventLogCollector.dll
C:\Program Files\dotnet\sdk\8.0.300\Extensions\Microsoft.TestPlatform.TestHostRuntimeProvider.dll
C:\Program Files\dotnet\sdk\8.0.300\Extensions\Microsoft.VisualStudio.TestPlatform.Extensions.Html.TestLogger.dll
C:\Program Files\dotnet\sdk\8.0.300\Extensions\Microsoft.VisualStudio.TestPlatform.Extensions.Trx.TestLogger.dll
TpTrace Information: 0 : 30400, 1, 2024/08/02, 15:33:08.555, 1082057527272, vstest.console.dll, AssemblyResolver.AddSearchDirectories: Adding more searchDirectories C:\Program Files\dotnet\sdk\8.0.300\Extensions,C:\Program Files\dotnet\sdk\8.0.300
TpTrace Information: 0 : 30400, 1, 2024/08/02, 15:33:08.555, 1082057528160, vstest.console.dll, AssemblyResolver.AddSearchDirectories: Adding more searchDirectories C:\Program Files\dotnet\sdk\8.0.300\Extensions,C:\Program Files\dotnet\sdk\8.0.300
TpTrace Information: 0 : 30400, 1, 2024/08/02, 15:33:08.555, 1082057528642, vstest.console.dll, AssemblyResolver.AddSearchDirectories: Adding more searchDirectories C:\Program Files\dotnet\sdk\8.0.300\Extensions,C:\Program Files\dotnet\sdk\8.0.300
TpTrace Information: 0 : 30400, 1, 2024/08/02, 15:33:08.555, 1082057529090, vstest.console.dll, AssemblyResolver.AddSearchDirectories: Adding more searchDirectories C:\Program Files\dotnet\sdk\8.0.300\Extensions,C:\Program Files\dotnet\sdk\8.0.300
TpTrace Information: 0 : 30400, 1, 2024/08/02, 15:33:08.555, 1082057529539, vstest.console.dll, AssemblyResolver.AddSearchDirectories: Adding more searchDirectories C:\Program Files\dotnet\sdk\8.0.300\Extensions,C:\Program Files\dotnet\sdk\8.0.300
TpTrace Information: 0 : 30400, 1, 2024/08/02, 15:33:08.555, 1082057529980, vstest.console.dll, AssemblyResolver.AddSearchDirectories: Adding more searchDirectories C:\Program Files\dotnet\sdk\8.0.300\Extensions,C:\Program Files\dotnet\sdk\8.0.300
TpTrace Information: 0 : 30400, 1, 2024/08/02, 15:33:08.556, 1082057536901, vstest.console.dll, AssemblyResolver.OnResolve: Microsoft.Diagnostics.NETCore.Client: Resolving assembly.
TpTrace Information: 0 : 30400, 1, 2024/08/02, 15:33:08.556, 1082057538175, vstest.console.dll, AssemblyResolver.OnResolve: Microsoft.Diagnostics.NETCore.Client: Searching in: 'C:\Program Files\dotnet\sdk\8.0.300\Extensions'.
TpTrace Information: 0 : 30400, 1, 2024/08/02, 15:33:08.569, 1082057669628, vstest.console.dll, AssemblyResolver.OnResolve: Microsoft.Diagnostics.NETCore.Client: Loading assembly 'C:\Program Files\dotnet\sdk\8.0.300\Extensions\Microsoft.Diagnostics.NETCore.Client.dll'.
TpTrace Information: 0 : 30400, 1, 2024/08/02, 15:33:08.570, 1082057681343, vstest.console.dll, AssemblyResolver.OnResolve: Resolved assembly: Microsoft.Diagnostics.NETCore.Client, from path: C:\Program Files\dotnet\sdk\8.0.300\Extensions\Microsoft.Diagnostics.NETCore.Client.dll
TpTrace Verbose: 0 : 30400, 1, 2024/08/02, 15:33:08.577, 1082057748766, vstest.console.dll, MetadataReaderExtensionsHelper: Discovering extensions inside assembly 'Microsoft.Diagnostics.NETCore.Client, Version=0.2.10.15101, Culture=neutral, PublicKeyToken=31bf3856ad364e35' file path 'C:\Program Files\dotnet\sdk\8.0.300\Extensions\Microsoft.Diagnostics.NETCore.Client.dll'
TpTrace Information: 0 : 30400, 1, 2024/08/02, 15:33:08.582, 1082057802968, vstest.console.dll, AssemblyResolver.OnResolve: Microsoft.Bcl.AsyncInterfaces: Resolving assembly.
TpTrace Information: 0 : 30400, 1, 2024/08/02, 15:33:08.582, 1082057804229, vstest.console.dll, AssemblyResolver.OnResolve: Microsoft.Bcl.AsyncInterfaces: Searching in: 'C:\Program Files\dotnet\sdk\8.0.300\Extensions'.
TpTrace Information: 0 : 30400, 1, 2024/08/02, 15:33:08.582, 1082057805092, vstest.console.dll, AssemblyResolver.OnResolve: Microsoft.Bcl.AsyncInterfaces: Assembly path does not exist: 'C:\Program Files\dotnet\sdk\8.0.300\Extensions\Microsoft.Bcl.AsyncInterfaces.dll', returning.
TpTrace Information: 0 : 30400, 1, 2024/08/02, 15:33:08.583, 1082057806072, vstest.console.dll, AssemblyResolver.OnResolve: Microsoft.Bcl.AsyncInterfaces: Assembly path does not exist: 'C:\Program Files\dotnet\sdk\8.0.300\Extensions\Microsoft.Bcl.AsyncInterfaces.exe', returning.
TpTrace Information: 0 : 30400, 1, 2024/08/02, 15:33:08.583, 1082057806623, vstest.console.dll, AssemblyResolver.OnResolve: Microsoft.Bcl.AsyncInterfaces: Searching in: 'C:\Program Files\dotnet\sdk\8.0.300'.
TpTrace Information: 0 : 30400, 1, 2024/08/02, 15:33:08.583, 1082057807242, vstest.console.dll, AssemblyResolver.OnResolve: Microsoft.Bcl.AsyncInterfaces: Assembly path does not exist: 'C:\Program Files\dotnet\sdk\8.0.300\Microsoft.Bcl.AsyncInterfaces.dll', returning.
TpTrace Information: 0 : 30400, 1, 2024/08/02, 15:33:08.583, 1082057807740, vstest.console.dll, AssemblyResolver.OnResolve: Microsoft.Bcl.AsyncInterfaces: Assembly path does not exist: 'C:\Program Files\dotnet\sdk\8.0.300\Microsoft.Bcl.AsyncInterfaces.exe', returning.
TpTrace Information: 0 : 30400, 1, 2024/08/02, 15:33:08.583, 1082057808192, vstest.console.dll, AssemblyResolver.OnResolve: Microsoft.Bcl.AsyncInterfaces: Failed to load assembly.
TpTrace Verbose: 0 : 30400, 1, 2024/08/02, 15:33:08.583, 1082057808661, vstest.console.dll, CurrentDomainAssemblyResolve: Resolving assembly 'Microsoft.Bcl.AsyncInterfaces'.
TpTrace Information: 0 : 30400, 1, 2024/08/02, 15:33:08.583, 1082057809304, vstest.console.dll, AssemblyResolver.OnResolve: Microsoft.Bcl.AsyncInterfaces: Resolving assembly.
TpTrace Information: 0 : 30400, 1, 2024/08/02, 15:33:08.583, 1082057809747, vstest.console.dll, AssemblyResolver.OnResolve: Microsoft.Bcl.AsyncInterfaces: Resolved from cache.
TpTrace Verbose: 0 : 30400, 1, 2024/08/02, 15:33:08.583, 1082057810075, vstest.console.dll, CurrentDomainAssemblyResolve: Resolving assembly 'Microsoft.Bcl.AsyncInterfaces'.
TpTrace Verbose: 0 : 30400, 1, 2024/08/02, 15:33:08.583, 1082057810468, vstest.console.dll, CurrentDomainAssemblyResolve: Failed to resolve assembly 'Microsoft.Bcl.AsyncInterfaces'.
TpTrace Verbose: 0 : 30400, 1, 2024/08/02, 15:33:08.584, 1082057817370, vstest.console.dll, CurrentDomainAssemblyResolve: Failed to resolve assembly 'Microsoft.Bcl.AsyncInterfaces'.
TpTrace Warning: 0 : 30400, 1, 2024/08/02, 15:33:08.595, 1082057935465, vstest.console.dll, TestPluginDiscoverer: Failed to get types from assembly 'Microsoft.Diagnostics.NETCore.Client, Version=0.2.10.15101, Culture=neutral, PublicKeyToken=31bf3856ad364e35'. Error: System.Reflection.ReflectionTypeLoadException: Unable to load one or more of the requested types.
Could not load file or assembly 'Microsoft.Bcl.AsyncInterfaces, Version=6.0.0.0, Culture=neutral, PublicKeyToken=cc7b13ffcd2ddd51'. The system cannot find the file specified.
   at System.Reflection.RuntimeModule.GetTypes(RuntimeModule module)
   at System.Reflection.RuntimeModule.GetTypes()
   at Microsoft.VisualStudio.TestPlatform.Common.ExtensionFramework.TestPluginDiscoverer.GetTestExtensionsFromAssembly[TPluginInfo,TExtension](Assembly assembly, Dictionary`2 pluginInfos, String filePath) in /_/src/Microsoft.TestPlatform.Common/ExtensionFramework/TestPluginDiscoverer.cs:line 158
System.IO.FileNotFoundException: Could not load file or assembly 'Microsoft.Bcl.AsyncInterfaces, Version=6.0.0.0, Culture=neutral, PublicKeyToken=cc7b13ffcd2ddd51'. The system cannot find the file specified.
File name: 'Microsoft.Bcl.AsyncInterfaces, Version=6.0.0.0, Culture=neutral, PublicKeyToken=cc7b13ffcd2ddd51'
 ---> System.IO.FileNotFoundException: Could not load file or assembly 'Microsoft.Bcl.AsyncInterfaces, Culture=neutral, PublicKeyToken=null'. The system cannot find the file specified.
File name: 'Microsoft.Bcl.AsyncInterfaces, Culture=neutral, PublicKeyToken=null'
   at System.Reflection.RuntimeAssembly.InternalLoad(AssemblyName assemblyName, StackCrawlMark& stackMark, AssemblyLoadContext assemblyLoadContext, RuntimeAssembly requestingAssembly, Boolean throwOnFileNotFound)
   at System.Reflection.Assembly.Load(AssemblyName assemblyRef)
   at Microsoft.VisualStudio.TestPlatform.Common.ExtensionFramework.TestPluginCache.CurrentDomainAssemblyResolve(Object sender, AssemblyResolveEventArgs args) in /_/src/Microsoft.TestPlatform.Common/ExtensionFramework/TestPluginCache.cs:line 513
   at System.Runtime.Loader.AssemblyLoadContext.GetFirstResolvedAssemblyFromResolvingEvent(AssemblyName assemblyName)
   at System.Runtime.Loader.AssemblyLoadContext.ResolveUsingEvent(AssemblyName assemblyName)
   at System.Runtime.Loader.AssemblyLoadContext.ResolveUsingResolvingEvent(IntPtr gchManagedAssemblyLoadContext, AssemblyName assemblyName)
TpTrace Warning: 0 : 30400, 1, 2024/08/02, 15:33:08.596, 1082057940525, vstest.console.dll, LoaderExceptions: System.IO.FileNotFoundException: Could not load file or assembly 'Microsoft.Bcl.AsyncInterfaces, Version=6.0.0.0, Culture=neutral, PublicKeyToken=cc7b13ffcd2ddd51'. The system cannot find the file specified.
File name: 'Microsoft.Bcl.AsyncInterfaces, Version=6.0.0.0, Culture=neutral, PublicKeyToken=cc7b13ffcd2ddd51'
 ---> System.IO.FileNotFoundException: Could not load file or assembly 'Microsoft.Bcl.AsyncInterfaces, Culture=neutral, PublicKeyToken=null'. The system cannot find the file specified.
File name: 'Microsoft.Bcl.AsyncInterfaces, Culture=neutral, PublicKeyToken=null'
   at System.Reflection.RuntimeAssembly.InternalLoad(AssemblyName assemblyName, StackCrawlMark& stackMark, AssemblyLoadContext assemblyLoadContext, RuntimeAssembly requestingAssembly, Boolean throwOnFileNotFound)
   at System.Reflection.Assembly.Load(AssemblyName assemblyRef)
   at Microsoft.VisualStudio.TestPlatform.Common.ExtensionFramework.TestPluginCache.CurrentDomainAssemblyResolve(Object sender, AssemblyResolveEventArgs args) in /_/src/Microsoft.TestPlatform.Common/ExtensionFramework/TestPluginCache.cs:line 513
   at System.Runtime.Loader.AssemblyLoadContext.GetFirstResolvedAssemblyFromResolvingEvent(AssemblyName assemblyName)
   at System.Runtime.Loader.AssemblyLoadContext.ResolveUsingEvent(AssemblyName assemblyName)
   at System.Runtime.Loader.AssemblyLoadContext.ResolveUsingResolvingEvent(IntPtr gchManagedAssemblyLoadContext, AssemblyName assemblyName)
TpTrace Information: 0 : 30400, 1, 2024/08/02, 15:33:08.596, 1082057942241, vstest.console.dll, AssemblyResolver.OnResolve: Microsoft.TestPlatform.Extensions.BlameDataCollector: Resolving assembly.
TpTrace Information: 0 : 30400, 1, 2024/08/02, 15:33:08.596, 1082057942708, vstest.console.dll, AssemblyResolver.OnResolve: Microsoft.TestPlatform.Extensions.BlameDataCollector: Searching in: 'C:\Program Files\dotnet\sdk\8.0.300\Extensions'.
TpTrace Information: 0 : 30400, 1, 2024/08/02, 15:33:08.597, 1082057946803, vstest.console.dll, AssemblyResolver.OnResolve: Microsoft.TestPlatform.Extensions.BlameDataCollector: Loading assembly 'C:\Program Files\dotnet\sdk\8.0.300\Extensions\Microsoft.TestPlatform.Extensions.BlameDataCollector.dll'.
TpTrace Information: 0 : 30400, 1, 2024/08/02, 15:33:08.597, 1082057954286, vstest.console.dll, AssemblyResolver.OnResolve: Resolved assembly: Microsoft.TestPlatform.Extensions.BlameDataCollector, from path: C:\Program Files\dotnet\sdk\8.0.300\Extensions\Microsoft.TestPlatform.Extensions.BlameDataCollector.dll
TpTrace Verbose: 0 : 30400, 1, 2024/08/02, 15:33:08.597, 1082057955269, vstest.console.dll, MetadataReaderExtensionsHelper: Discovering extensions inside assembly 'Microsoft.TestPlatform.Extensions.BlameDataCollector, Version=15.0.0.0, Culture=neutral, PublicKeyToken=b03f5f7f11d50a3a' file path 'C:\Program Files\dotnet\sdk\8.0.300\Extensions\Microsoft.TestPlatform.Extensions.BlameDataCollector.dll'
TpTrace Information: 0 : 30400, 1, 2024/08/02, 15:33:08.599, 1082057970194, vstest.console.dll, AssemblyResolver.OnResolve: Microsoft.TestPlatform.Extensions.EventLogCollector: Resolving assembly.
TpTrace Information: 0 : 30400, 1, 2024/08/02, 15:33:08.599, 1082057971055, vstest.console.dll, AssemblyResolver.OnResolve: Microsoft.TestPlatform.Extensions.EventLogCollector: Searching in: 'C:\Program Files\dotnet\sdk\8.0.300\Extensions'.
TpTrace Information: 0 : 30400, 1, 2024/08/02, 15:33:08.599, 1082057974262, vstest.console.dll, AssemblyResolver.OnResolve: Microsoft.TestPlatform.Extensions.EventLogCollector: Loading assembly 'C:\Program Files\dotnet\sdk\8.0.300\Extensions\Microsoft.TestPlatform.Extensions.EventLogCollector.dll'.
TpTrace Information: 0 : 30400, 1, 2024/08/02, 15:33:08.600, 1082057979898, vstest.console.dll, AssemblyResolver.OnResolve: Resolved assembly: Microsoft.TestPlatform.Extensions.EventLogCollector, from path: C:\Program Files\dotnet\sdk\8.0.300\Extensions\Microsoft.TestPlatform.Extensions.EventLogCollector.dll
TpTrace Verbose: 0 : 30400, 1, 2024/08/02, 15:33:08.600, 1082057980718, vstest.console.dll, MetadataReaderExtensionsHelper: Discovering extensions inside assembly 'Microsoft.TestPlatform.Extensions.EventLogCollector, Version=15.0.0.0, Culture=neutral, PublicKeyToken=b03f5f7f11d50a3a' file path 'C:\Program Files\dotnet\sdk\8.0.300\Extensions\Microsoft.TestPlatform.Extensions.EventLogCollector.dll'
TpTrace Information: 0 : 30400, 1, 2024/08/02, 15:33:08.603, 1082058007050, vstest.console.dll, AssemblyResolver.OnResolve: Microsoft.TestPlatform.TestHostRuntimeProvider: Resolving assembly.
TpTrace Information: 0 : 30400, 1, 2024/08/02, 15:33:08.603, 1082058008541, vstest.console.dll, AssemblyResolver.OnResolve: Microsoft.TestPlatform.TestHostRuntimeProvider: Searching in: 'C:\Program Files\dotnet\sdk\8.0.300\Extensions'.
TpTrace Information: 0 : 30400, 1, 2024/08/02, 15:33:08.604, 1082058015939, vstest.console.dll, AssemblyResolver.OnResolve: Microsoft.TestPlatform.TestHostRuntimeProvider: Loading assembly 'C:\Program Files\dotnet\sdk\8.0.300\Extensions\Microsoft.TestPlatform.TestHostRuntimeProvider.dll'.
TpTrace Information: 0 : 30400, 1, 2024/08/02, 15:33:08.604, 1082058022008, vstest.console.dll, AssemblyResolver.OnResolve: Resolved assembly: Microsoft.TestPlatform.TestHostRuntimeProvider, from path: C:\Program Files\dotnet\sdk\8.0.300\Extensions\Microsoft.TestPlatform.TestHostRuntimeProvider.dll
TpTrace Verbose: 0 : 30400, 1, 2024/08/02, 15:33:08.604, 1082058023017, vstest.console.dll, MetadataReaderExtensionsHelper: Discovering extensions inside assembly 'Microsoft.TestPlatform.TestHostRuntimeProvider, Version=15.0.0.0, Culture=neutral, PublicKeyToken=b03f5f7f11d50a3a' file path 'C:\Program Files\dotnet\sdk\8.0.300\Extensions\Microsoft.TestPlatform.TestHostRuntimeProvider.dll'
TpTrace Information: 0 : 30400, 1, 2024/08/02, 15:33:08.606, 1082058040009, vstest.console.dll, GetTestExtensionFromType: Register extension with identifier data 'HostProvider://DefaultTestHost' and type 'Microsoft.VisualStudio.TestPlatform.CrossPlatEngine.Hosting.DefaultTestHostManager, Microsoft.TestPlatform.TestHostRuntimeProvider, Version=15.0.0.0, Culture=neutral, PublicKeyToken=b03f5f7f11d50a3a' inside file 'C:\Program Files\dotnet\sdk\8.0.300\Extensions\Microsoft.TestPlatform.TestHostRuntimeProvider.dll'
TpTrace Information: 0 : 30400, 1, 2024/08/02, 15:33:08.606, 1082058043395, vstest.console.dll, GetTestExtensionFromType: Register extension with identifier data 'HostProvider://DotnetTestHost' and type 'Microsoft.VisualStudio.TestPlatform.CrossPlatEngine.Hosting.DotnetTestHostManager, Microsoft.TestPlatform.TestHostRuntimeProvider, Version=15.0.0.0, Culture=neutral, PublicKeyToken=b03f5f7f11d50a3a' inside file 'C:\Program Files\dotnet\sdk\8.0.300\Extensions\Microsoft.TestPlatform.TestHostRuntimeProvider.dll'
TpTrace Information: 0 : 30400, 1, 2024/08/02, 15:33:08.606, 1082058044511, vstest.console.dll, AssemblyResolver.OnResolve: Microsoft.VisualStudio.TestPlatform.Extensions.Html.TestLogger: Resolving assembly.
TpTrace Information: 0 : 30400, 1, 2024/08/02, 15:33:08.606, 1082058044917, vstest.console.dll, AssemblyResolver.OnResolve: Microsoft.VisualStudio.TestPlatform.Extensions.Html.TestLogger: Searching in: 'C:\Program Files\dotnet\sdk\8.0.300\Extensions'.
TpTrace Information: 0 : 30400, 1, 2024/08/02, 15:33:08.607, 1082058050027, vstest.console.dll, AssemblyResolver.OnResolve: Microsoft.VisualStudio.TestPlatform.Extensions.Html.TestLogger: Loading assembly 'C:\Program Files\dotnet\sdk\8.0.300\Extensions\Microsoft.VisualStudio.TestPlatform.Extensions.Html.TestLogger.dll'.
TpTrace Information: 0 : 30400, 1, 2024/08/02, 15:33:08.608, 1082058059400, vstest.console.dll, AssemblyResolver.OnResolve: Resolved assembly: Microsoft.VisualStudio.TestPlatform.Extensions.Html.TestLogger, from path: C:\Program Files\dotnet\sdk\8.0.300\Extensions\Microsoft.VisualStudio.TestPlatform.Extensions.Html.TestLogger.dll
TpTrace Verbose: 0 : 30400, 1, 2024/08/02, 15:33:08.608, 1082058060404, vstest.console.dll, MetadataReaderExtensionsHelper: Discovering extensions inside assembly 'Microsoft.VisualStudio.TestPlatform.Extensions.Html.TestLogger, Version=15.0.0.0, Culture=neutral, PublicKeyToken=b03f5f7f11d50a3a' file path 'C:\Program Files\dotnet\sdk\8.0.300\Extensions\Microsoft.VisualStudio.TestPlatform.Extensions.Html.TestLogger.dll'
TpTrace Information: 0 : 30400, 1, 2024/08/02, 15:33:08.609, 1082058068958, vstest.console.dll, AssemblyResolver.OnResolve: Microsoft.VisualStudio.TestPlatform.Extensions.Trx.TestLogger: Resolving assembly.
TpTrace Information: 0 : 30400, 1, 2024/08/02, 15:33:08.609, 1082058069715, vstest.console.dll, AssemblyResolver.OnResolve: Microsoft.VisualStudio.TestPlatform.Extensions.Trx.TestLogger: Searching in: 'C:\Program Files\dotnet\sdk\8.0.300\Extensions'.
TpTrace Information: 0 : 30400, 1, 2024/08/02, 15:33:08.609, 1082058072347, vstest.console.dll, AssemblyResolver.OnResolve: Microsoft.VisualStudio.TestPlatform.Extensions.Trx.TestLogger: Loading assembly 'C:\Program Files\dotnet\sdk\8.0.300\Extensions\Microsoft.VisualStudio.TestPlatform.Extensions.Trx.TestLogger.dll'.
TpTrace Information: 0 : 30400, 1, 2024/08/02, 15:33:08.610, 1082058078967, vstest.console.dll, AssemblyResolver.OnResolve: Resolved assembly: Microsoft.VisualStudio.TestPlatform.Extensions.Trx.TestLogger, from path: C:\Program Files\dotnet\sdk\8.0.300\Extensions\Microsoft.VisualStudio.TestPlatform.Extensions.Trx.TestLogger.dll
TpTrace Verbose: 0 : 30400, 1, 2024/08/02, 15:33:08.610, 1082058079666, vstest.console.dll, MetadataReaderExtensionsHelper: Discovering extensions inside assembly 'Microsoft.VisualStudio.TestPlatform.Extensions.Trx.TestLogger, Version=15.0.0.0, Culture=neutral, PublicKeyToken=b03f5f7f11d50a3a' file path 'C:\Program Files\dotnet\sdk\8.0.300\Extensions\Microsoft.VisualStudio.TestPlatform.Extensions.Trx.TestLogger.dll'
TpTrace Verbose: 0 : 30400, 1, 2024/08/02, 15:33:08.611, 1082058089814, vstest.console.dll, TestPluginCache: Discovered the extensions using extension path ''.
TpTrace Verbose: 0 : 30400, 1, 2024/08/02, 15:33:08.611, 1082058090904, vstest.console.dll, TestPluginCache: Discoverers are ''.
TpTrace Verbose: 0 : 30400, 1, 2024/08/02, 15:33:08.611, 1082058091220, vstest.console.dll, TestPluginCache: Executors are ''.
TpTrace Verbose: 0 : 30400, 1, 2024/08/02, 15:33:08.611, 1082058091496, vstest.console.dll, TestPluginCache: Executors2 are ''.
TpTrace Verbose: 0 : 30400, 1, 2024/08/02, 15:33:08.611, 1082058091766, vstest.console.dll, TestPluginCache: Setting providers are ''.
TpTrace Verbose: 0 : 30400, 1, 2024/08/02, 15:33:08.611, 1082058092048, vstest.console.dll, TestPluginCache: Loggers are ''.
TpTrace Verbose: 0 : 30400, 1, 2024/08/02, 15:33:08.611, 1082058093677, vstest.console.dll, TestPluginCache: TestHosts are 'HostProvider://DefaultTestHost,HostProvider://DotnetTestHost'.
TpTrace Verbose: 0 : 30400, 1, 2024/08/02, 15:33:08.611, 1082058094187, vstest.console.dll, TestPluginCache: DataCollectors are ''.
TpTrace Information: 0 : 30400, 1, 2024/08/02, 15:33:08.625, 1082058225751, vstest.console.dll, RunTestsArgumentProcessor:Execute: Test run is starting.
TpTrace Verbose: 0 : 30400, 1, 2024/08/02, 15:33:08.625, 1082058227258, vstest.console.dll, RunTestsArgumentProcessor:Execute: Queuing Test run.
TpTrace Information: 0 : 30400, 1, 2024/08/02, 15:33:08.625, 1082058231659, vstest.console.dll, TestRequestManager.RunTests: run tests started.
TpTrace Information: 0 : 30400, 1, 2024/08/02, 15:33:08.627, 1082058247783, vstest.console.dll, AssemblyMetadataProvider.GetFrameworkName: Determined framework:'.NETCoreApp,Version=v8.0' for source: 'C:\Users\VC\Desktop\capstone\CofeeStoreManagementSln\CofeeStoreManagementRepositoryTest\bin\Debug\net8.0\fine-code-coverage\build-output\CofeeStoreManagementRepositoryTest.dll'
TpTrace Information: 0 : 30400, 1, 2024/08/02, 15:33:08.627, 1082058250334, vstest.console.dll, Determined framework for all sources: .NETCoreApp,Version=v8.0
TpTrace Verbose: 0 : 30400, 1, 2024/08/02, 15:33:08.627, 1082058254330, vstest.console.dll, TestRequestManager.UpdateRunSettingsIfRequired: Default architecture: X64 IsDefaultTargetArchitecture: True, Current process architecture: X64 OperatingSystem: Windows.
TpTrace Information: 0 : 30400, 1, 2024/08/02, 15:33:08.629, 1082058275460, vstest.console.dll, AssemblyMetadataProvider.GetArchitecture: Determined architecture:AnyCPU info for assembly: C:\Users\VC\Desktop\capstone\CofeeStoreManagementSln\CofeeStoreManagementRepositoryTest\bin\Debug\net8.0\fine-code-coverage\build-output\CofeeStoreManagementRepositoryTest.dll
TpTrace Information: 0 : 30400, 1, 2024/08/02, 15:33:08.630, 1082058276385, vstest.console.dll, Determined platform for source 'C:\Users\VC\Desktop\capstone\CofeeStoreManagementSln\CofeeStoreManagementRepositoryTest\bin\Debug\net8.0\fine-code-coverage\build-output\CofeeStoreManagementRepositoryTest.dll' was AnyCPU and it will use the default plaform X64.
TpTrace Information: 0 : 30400, 1, 2024/08/02, 15:33:08.630, 1082058276798, vstest.console.dll, None of the sources provided any runnable platform, using the default platform: X64
TpTrace Information: 0 : 30400, 1, 2024/08/02, 15:33:08.630, 1082058277920, vstest.console.dll, Platform was updated to 'X64'.
TpTrace Information: 0 : 30400, 1, 2024/08/02, 15:33:08.634, 1082058316970, vstest.console.dll, InferRunSettingsHelper.IsTestSettingsEnabled: Unable to navigate to RunSettings/MSTest. Current node: RunSettings
TpTrace Information: 0 : 30400, 1, 2024/08/02, 15:33:08.634, 1082058324628, vstest.console.dll, AssemblyResolver.OnResolve: Microsoft.VisualStudio.TestPlatform.Fakes: Resolving assembly.
TpTrace Information: 0 : 30400, 1, 2024/08/02, 15:33:08.634, 1082058325484, vstest.console.dll, AssemblyResolver.OnResolve: Microsoft.VisualStudio.TestPlatform.Fakes: Searching in: 'C:\Program Files\dotnet\sdk\8.0.300\Extensions'.
TpTrace Information: 0 : 30400, 1, 2024/08/02, 15:33:08.635, 1082058326618, vstest.console.dll, AssemblyResolver.OnResolve: Microsoft.VisualStudio.TestPlatform.Fakes: Assembly path does not exist: 'C:\Program Files\dotnet\sdk\8.0.300\Extensions\Microsoft.VisualStudio.TestPlatform.Fakes.dll', returning.
TpTrace Information: 0 : 30400, 1, 2024/08/02, 15:33:08.635, 1082058327308, vstest.console.dll, AssemblyResolver.OnResolve: Microsoft.VisualStudio.TestPlatform.Fakes: Assembly path does not exist: 'C:\Program Files\dotnet\sdk\8.0.300\Extensions\Microsoft.VisualStudio.TestPlatform.Fakes.exe', returning.
TpTrace Information: 0 : 30400, 1, 2024/08/02, 15:33:08.635, 1082058327676, vstest.console.dll, AssemblyResolver.OnResolve: Microsoft.VisualStudio.TestPlatform.Fakes: Searching in: 'C:\Program Files\dotnet\sdk\8.0.300'.
TpTrace Information: 0 : 30400, 1, 2024/08/02, 15:33:08.635, 1082058328266, vstest.console.dll, AssemblyResolver.OnResolve: Microsoft.VisualStudio.TestPlatform.Fakes: Assembly path does not exist: 'C:\Program Files\dotnet\sdk\8.0.300\Microsoft.VisualStudio.TestPlatform.Fakes.dll', returning.
TpTrace Information: 0 : 30400, 1, 2024/08/02, 15:33:08.635, 1082058328799, vstest.console.dll, AssemblyResolver.OnResolve: Microsoft.VisualStudio.TestPlatform.Fakes: Assembly path does not exist: 'C:\Program Files\dotnet\sdk\8.0.300\Microsoft.VisualStudio.TestPlatform.Fakes.exe', returning.
TpTrace Information: 0 : 30400, 1, 2024/08/02, 15:33:08.635, 1082058329149, vstest.console.dll, AssemblyResolver.OnResolve: Microsoft.VisualStudio.TestPlatform.Fakes: Failed to load assembly.
TpTrace Information: 0 : 30400, 1, 2024/08/02, 15:33:08.635, 1082058332148, vstest.console.dll, Failed to load assembly Microsoft.VisualStudio.TestPlatform.Fakes, Version=17.0.0.0, Culture=neutral. Reason:System.IO.FileNotFoundException: Could not load file or assembly 'Microsoft.VisualStudio.TestPlatform.Fakes, Version=17.0.0.0, Culture=neutral, PublicKeyToken=null'. The system cannot find the file specified.
File name: 'Microsoft.VisualStudio.TestPlatform.Fakes, Version=17.0.0.0, Culture=neutral, PublicKeyToken=null'
   at System.Reflection.RuntimeAssembly.InternalLoad(AssemblyName assemblyName, StackCrawlMark& stackMark, AssemblyLoadContext assemblyLoadContext, RuntimeAssembly requestingAssembly, Boolean throwOnFileNotFound)
   at System.Reflection.Assembly.Load(AssemblyName assemblyRef)
   at Microsoft.VisualStudio.TestPlatform.Common.Utilities.FakesUtilities.LoadTestPlatformAssembly() in /_/src/Microsoft.TestPlatform.Common/Utilities/FakesUtilities.cs:line 272
TpTrace Verbose: 0 : 30400, 1, 2024/08/02, 15:33:08.640, 1082058383971, vstest.console.dll, TestPluginCache.DiscoverTestExtensions: finding test extensions in assemblies ends with: TestLogger.dll TPluginInfo: Microsoft.VisualStudio.TestPlatform.Common.ExtensionFramework.Utilities.TestLoggerPluginInformation TExtension: Microsoft.VisualStudio.TestPlatform.ObjectModel.Client.ITestLogger
TpTrace Verbose: 0 : 30400, 1, 2024/08/02, 15:33:08.641, 1082058386739, vstest.console.dll, TestPluginCache.GetExtensionPaths: Filtered extension paths: 
TpTrace Verbose: 0 : 30400, 1, 2024/08/02, 15:33:08.641, 1082058387378, vstest.console.dll, TestPluginCache.GetExtensionPaths: Added default extension paths: C:\Program Files\dotnet\sdk\8.0.300\Extensions\Microsoft.Diagnostics.NETCore.Client.dll
C:\Program Files\dotnet\sdk\8.0.300\Extensions\Microsoft.TestPlatform.Extensions.BlameDataCollector.dll
C:\Program Files\dotnet\sdk\8.0.300\Extensions\Microsoft.TestPlatform.Extensions.EventLogCollector.dll
C:\Program Files\dotnet\sdk\8.0.300\Extensions\Microsoft.TestPlatform.TestHostRuntimeProvider.dll
C:\Program Files\dotnet\sdk\8.0.300\Extensions\Microsoft.VisualStudio.TestPlatform.Extensions.Html.TestLogger.dll
C:\Program Files\dotnet\sdk\8.0.300\Extensions\Microsoft.VisualStudio.TestPlatform.Extensions.Trx.TestLogger.dll
TpTrace Verbose: 0 : 30400, 1, 2024/08/02, 15:33:08.641, 1082058387806, vstest.console.dll, TestPluginCache.GetExtensionPaths: Added unfilterableExtensionPaths: 
TpTrace Information: 0 : 30400, 1, 2024/08/02, 15:33:08.641, 1082058391594, vstest.console.dll, AssemblyResolver.AddSearchDirectories: Adding more searchDirectories C:\Program Files\dotnet\sdk\8.0.300\Extensions,C:\Program Files\dotnet\sdk\8.0.300
TpTrace Verbose: 0 : 30400, 1, 2024/08/02, 15:33:08.641, 1082058392648, vstest.console.dll, TestPluginCache.DiscoverTestExtensions: Discovering the extensions using extension path.
TpTrace Verbose: 0 : 30400, 1, 2024/08/02, 15:33:08.641, 1082058393260, vstest.console.dll, TestPluginCache.GetExtensionPaths: Filtered extension paths: 
TpTrace Verbose: 0 : 30400, 1, 2024/08/02, 15:33:08.641, 1082058393792, vstest.console.dll, TestPluginCache.GetExtensionPaths: Added default extension paths: C:\Program Files\dotnet\sdk\8.0.300\Extensions\Microsoft.Diagnostics.NETCore.Client.dll
C:\Program Files\dotnet\sdk\8.0.300\Extensions\Microsoft.TestPlatform.Extensions.BlameDataCollector.dll
C:\Program Files\dotnet\sdk\8.0.300\Extensions\Microsoft.TestPlatform.Extensions.EventLogCollector.dll
C:\Program Files\dotnet\sdk\8.0.300\Extensions\Microsoft.TestPlatform.TestHostRuntimeProvider.dll
C:\Program Files\dotnet\sdk\8.0.300\Extensions\Microsoft.VisualStudio.TestPlatform.Extensions.Html.TestLogger.dll
C:\Program Files\dotnet\sdk\8.0.300\Extensions\Microsoft.VisualStudio.TestPlatform.Extensions.Trx.TestLogger.dll
TpTrace Verbose: 0 : 30400, 1, 2024/08/02, 15:33:08.641, 1082058394228, vstest.console.dll, TestPluginCache.GetExtensionPaths: Added unfilterableExtensionPaths: 
TpTrace Verbose: 0 : 30400, 1, 2024/08/02, 15:33:08.641, 1082058395385, vstest.console.dll, TestPluginCache.DiscoverTestExtensions: Discovering the extensions using allExtensionPaths: C:\Program Files\dotnet\sdk\8.0.300\Extensions\Microsoft.Diagnostics.NETCore.Client.dll
C:\Program Files\dotnet\sdk\8.0.300\Extensions\Microsoft.TestPlatform.Extensions.BlameDataCollector.dll
C:\Program Files\dotnet\sdk\8.0.300\Extensions\Microsoft.TestPlatform.Extensions.EventLogCollector.dll
C:\Program Files\dotnet\sdk\8.0.300\Extensions\Microsoft.TestPlatform.TestHostRuntimeProvider.dll
C:\Program Files\dotnet\sdk\8.0.300\Extensions\Microsoft.VisualStudio.TestPlatform.Extensions.Html.TestLogger.dll
C:\Program Files\dotnet\sdk\8.0.300\Extensions\Microsoft.VisualStudio.TestPlatform.Extensions.Trx.TestLogger.dll
TpTrace Information: 0 : 30400, 1, 2024/08/02, 15:33:08.642, 1082058396204, vstest.console.dll, AssemblyResolver.AddSearchDirectories: Adding more searchDirectories C:\Program Files\dotnet\sdk\8.0.300\Extensions,C:\Program Files\dotnet\sdk\8.0.300
TpTrace Information: 0 : 30400, 1, 2024/08/02, 15:33:08.642, 1082058396739, vstest.console.dll, AssemblyResolver.AddSearchDirectories: Adding more searchDirectories C:\Program Files\dotnet\sdk\8.0.300\Extensions,C:\Program Files\dotnet\sdk\8.0.300
TpTrace Information: 0 : 30400, 1, 2024/08/02, 15:33:08.642, 1082058397620, vstest.console.dll, AssemblyResolver.AddSearchDirectories: Adding more searchDirectories C:\Program Files\dotnet\sdk\8.0.300\Extensions,C:\Program Files\dotnet\sdk\8.0.300
TpTrace Information: 0 : 30400, 1, 2024/08/02, 15:33:08.642, 1082058398077, vstest.console.dll, AssemblyResolver.AddSearchDirectories: Adding more searchDirectories C:\Program Files\dotnet\sdk\8.0.300\Extensions,C:\Program Files\dotnet\sdk\8.0.300
TpTrace Information: 0 : 30400, 1, 2024/08/02, 15:33:08.642, 1082058398516, vstest.console.dll, AssemblyResolver.AddSearchDirectories: Adding more searchDirectories C:\Program Files\dotnet\sdk\8.0.300\Extensions,C:\Program Files\dotnet\sdk\8.0.300
TpTrace Information: 0 : 30400, 1, 2024/08/02, 15:33:08.642, 1082058399056, vstest.console.dll, AssemblyResolver.AddSearchDirectories: Adding more searchDirectories C:\Program Files\dotnet\sdk\8.0.300\Extensions,C:\Program Files\dotnet\sdk\8.0.300
TpTrace Verbose: 0 : 30400, 1, 2024/08/02, 15:33:08.642, 1082058400926, vstest.console.dll, MetadataReaderExtensionsHelper: Discovering extensions inside assembly 'Microsoft.Diagnostics.NETCore.Client, Version=0.2.10.15101, Culture=neutral, PublicKeyToken=31bf3856ad364e35' file path 'C:\Program Files\dotnet\sdk\8.0.300\Extensions\Microsoft.Diagnostics.NETCore.Client.dll'
TpTrace Information: 0 : 30400, 1, 2024/08/02, 15:33:08.643, 1082058410789, vstest.console.dll, AssemblyResolver.OnResolve: Microsoft.Bcl.AsyncInterfaces: Resolving assembly.
TpTrace Information: 0 : 30400, 1, 2024/08/02, 15:33:08.643, 1082058411569, vstest.console.dll, AssemblyResolver.OnResolve: Microsoft.Bcl.AsyncInterfaces: Resolved from cache.
TpTrace Verbose: 0 : 30400, 1, 2024/08/02, 15:33:08.643, 1082058411938, vstest.console.dll, CurrentDomainAssemblyResolve: Resolving assembly 'Microsoft.Bcl.AsyncInterfaces'.
TpTrace Information: 0 : 30400, 1, 2024/08/02, 15:33:08.643, 1082058412411, vstest.console.dll, AssemblyResolver.OnResolve: Microsoft.Bcl.AsyncInterfaces: Resolving assembly.
TpTrace Information: 0 : 30400, 1, 2024/08/02, 15:33:08.643, 1082058412718, vstest.console.dll, AssemblyResolver.OnResolve: Microsoft.Bcl.AsyncInterfaces: Resolved from cache.
TpTrace Verbose: 0 : 30400, 1, 2024/08/02, 15:33:08.643, 1082058413006, vstest.console.dll, CurrentDomainAssemblyResolve: Resolving assembly 'Microsoft.Bcl.AsyncInterfaces'.
TpTrace Verbose: 0 : 30400, 1, 2024/08/02, 15:33:08.643, 1082058413292, vstest.console.dll, CurrentDomainAssemblyResolve: Failed to resolve assembly 'Microsoft.Bcl.AsyncInterfaces'.
TpTrace Verbose: 0 : 30400, 1, 2024/08/02, 15:33:08.643, 1082058414768, vstest.console.dll, CurrentDomainAssemblyResolve: Failed to resolve assembly 'Microsoft.Bcl.AsyncInterfaces'.
TpTrace Warning: 0 : 30400, 1, 2024/08/02, 15:33:08.644, 1082058417965, vstest.console.dll, TestPluginDiscoverer: Failed to get types from assembly 'Microsoft.Diagnostics.NETCore.Client, Version=0.2.10.15101, Culture=neutral, PublicKeyToken=31bf3856ad364e35'. Error: System.Reflection.ReflectionTypeLoadException: Unable to load one or more of the requested types.
Could not load file or assembly 'Microsoft.Bcl.AsyncInterfaces, Version=6.0.0.0, Culture=neutral, PublicKeyToken=cc7b13ffcd2ddd51'. The system cannot find the file specified.
   at System.Reflection.RuntimeModule.GetTypes(RuntimeModule module)
   at System.Reflection.RuntimeModule.GetTypes()
   at Microsoft.VisualStudio.TestPlatform.Common.ExtensionFramework.TestPluginDiscoverer.GetTestExtensionsFromAssembly[TPluginInfo,TExtension](Assembly assembly, Dictionary`2 pluginInfos, String filePath) in /_/src/Microsoft.TestPlatform.Common/ExtensionFramework/TestPluginDiscoverer.cs:line 158
System.IO.FileNotFoundException: Could not load file or assembly 'Microsoft.Bcl.AsyncInterfaces, Version=6.0.0.0, Culture=neutral, PublicKeyToken=cc7b13ffcd2ddd51'. The system cannot find the file specified.
File name: 'Microsoft.Bcl.AsyncInterfaces, Version=6.0.0.0, Culture=neutral, PublicKeyToken=cc7b13ffcd2ddd51'
 ---> System.IO.FileNotFoundException: Could not load file or assembly 'Microsoft.Bcl.AsyncInterfaces, Culture=neutral, PublicKeyToken=null'. The system cannot find the file specified.
File name: 'Microsoft.Bcl.AsyncInterfaces, Culture=neutral, PublicKeyToken=null'
   at System.Reflection.RuntimeAssembly.InternalLoad(AssemblyName assemblyName, StackCrawlMark& stackMark, AssemblyLoadContext assemblyLoadContext, RuntimeAssembly requestingAssembly, Boolean throwOnFileNotFound)
   at System.Reflection.Assembly.Load(AssemblyName assemblyRef)
   at Microsoft.VisualStudio.TestPlatform.Common.ExtensionFramework.TestPluginCache.CurrentDomainAssemblyResolve(Object sender, AssemblyResolveEventArgs args) in /_/src/Microsoft.TestPlatform.Common/ExtensionFramework/TestPluginCache.cs:line 513
   at System.Runtime.Loader.AssemblyLoadContext.GetFirstResolvedAssemblyFromResolvingEvent(AssemblyName assemblyName)
   at System.Runtime.Loader.AssemblyLoadContext.ResolveUsingEvent(AssemblyName assemblyName)
   at System.Runtime.Loader.AssemblyLoadContext.ResolveUsingResolvingEvent(IntPtr gchManagedAssemblyLoadContext, AssemblyName assemblyName)
TpTrace Warning: 0 : 30400, 1, 2024/08/02, 15:33:08.644, 1082058419495, vstest.console.dll, LoaderExceptions: System.IO.FileNotFoundException: Could not load file or assembly 'Microsoft.Bcl.AsyncInterfaces, Version=6.0.0.0, Culture=neutral, PublicKeyToken=cc7b13ffcd2ddd51'. The system cannot find the file specified.
File name: 'Microsoft.Bcl.AsyncInterfaces, Version=6.0.0.0, Culture=neutral, PublicKeyToken=cc7b13ffcd2ddd51'
 ---> System.IO.FileNotFoundException: Could not load file or assembly 'Microsoft.Bcl.AsyncInterfaces, Culture=neutral, PublicKeyToken=null'. The system cannot find the file specified.
File name: 'Microsoft.Bcl.AsyncInterfaces, Culture=neutral, PublicKeyToken=null'
   at System.Reflection.RuntimeAssembly.InternalLoad(AssemblyName assemblyName, StackCrawlMark& stackMark, AssemblyLoadContext assemblyLoadContext, RuntimeAssembly requestingAssembly, Boolean throwOnFileNotFound)
   at System.Reflection.Assembly.Load(AssemblyName assemblyRef)
   at Microsoft.VisualStudio.TestPlatform.Common.ExtensionFramework.TestPluginCache.CurrentDomainAssemblyResolve(Object sender, AssemblyResolveEventArgs args) in /_/src/Microsoft.TestPlatform.Common/ExtensionFramework/TestPluginCache.cs:line 513
   at System.Runtime.Loader.AssemblyLoadContext.GetFirstResolvedAssemblyFromResolvingEvent(AssemblyName assemblyName)
   at System.Runtime.Loader.AssemblyLoadContext.ResolveUsingEvent(AssemblyName assemblyName)
   at System.Runtime.Loader.AssemblyLoadContext.ResolveUsingResolvingEvent(IntPtr gchManagedAssemblyLoadContext, AssemblyName assemblyName)
TpTrace Verbose: 0 : 30400, 1, 2024/08/02, 15:33:08.644, 1082058420261, vstest.console.dll, MetadataReaderExtensionsHelper: Discovering extensions inside assembly 'Microsoft.TestPlatform.Extensions.BlameDataCollector, Version=15.0.0.0, Culture=neutral, PublicKeyToken=b03f5f7f11d50a3a' file path 'C:\Program Files\dotnet\sdk\8.0.300\Extensions\Microsoft.TestPlatform.Extensions.BlameDataCollector.dll'
TpTrace Information: 0 : 30400, 1, 2024/08/02, 15:33:08.644, 1082058424682, vstest.console.dll, GetTestExtensionFromType: Register extension with identifier data 'logger://Microsoft/TestPlatform/Extensions/Blame/v1' and type 'Microsoft.TestPlatform.Extensions.BlameDataCollector.BlameLogger, Microsoft.TestPlatform.Extensions.BlameDataCollector, Version=15.0.0.0, Culture=neutral, PublicKeyToken=b03f5f7f11d50a3a' inside file 'C:\Program Files\dotnet\sdk\8.0.300\Extensions\Microsoft.TestPlatform.Extensions.BlameDataCollector.dll'
TpTrace Verbose: 0 : 30400, 1, 2024/08/02, 15:33:08.644, 1082058425527, vstest.console.dll, MetadataReaderExtensionsHelper: Discovering extensions inside assembly 'Microsoft.TestPlatform.Extensions.EventLogCollector, Version=15.0.0.0, Culture=neutral, PublicKeyToken=b03f5f7f11d50a3a' file path 'C:\Program Files\dotnet\sdk\8.0.300\Extensions\Microsoft.TestPlatform.Extensions.EventLogCollector.dll'
TpTrace Verbose: 0 : 30400, 1, 2024/08/02, 15:33:08.645, 1082058428154, vstest.console.dll, MetadataReaderExtensionsHelper: Discovering extensions inside assembly 'Microsoft.TestPlatform.TestHostRuntimeProvider, Version=15.0.0.0, Culture=neutral, PublicKeyToken=b03f5f7f11d50a3a' file path 'C:\Program Files\dotnet\sdk\8.0.300\Extensions\Microsoft.TestPlatform.TestHostRuntimeProvider.dll'
TpTrace Verbose: 0 : 30400, 1, 2024/08/02, 15:33:08.645, 1082058430851, vstest.console.dll, MetadataReaderExtensionsHelper: Discovering extensions inside assembly 'Microsoft.VisualStudio.TestPlatform.Extensions.Html.TestLogger, Version=15.0.0.0, Culture=neutral, PublicKeyToken=b03f5f7f11d50a3a' file path 'C:\Program Files\dotnet\sdk\8.0.300\Extensions\Microsoft.VisualStudio.TestPlatform.Extensions.Html.TestLogger.dll'
TpTrace Information: 0 : 30400, 1, 2024/08/02, 15:33:08.646, 1082058436870, vstest.console.dll, GetTestExtensionFromType: Register extension with identifier data 'logger://Microsoft/TestPlatform/HtmlLogger/v1' and type 'Microsoft.VisualStudio.TestPlatform.Extensions.HtmlLogger.HtmlLogger, Microsoft.VisualStudio.TestPlatform.Extensions.Html.TestLogger, Version=15.0.0.0, Culture=neutral, PublicKeyToken=b03f5f7f11d50a3a' inside file 'C:\Program Files\dotnet\sdk\8.0.300\Extensions\Microsoft.VisualStudio.TestPlatform.Extensions.Html.TestLogger.dll'
TpTrace Verbose: 0 : 30400, 1, 2024/08/02, 15:33:08.646, 1082058437610, vstest.console.dll, MetadataReaderExtensionsHelper: Discovering extensions inside assembly 'Microsoft.VisualStudio.TestPlatform.Extensions.Trx.TestLogger, Version=15.0.0.0, Culture=neutral, PublicKeyToken=b03f5f7f11d50a3a' file path 'C:\Program Files\dotnet\sdk\8.0.300\Extensions\Microsoft.VisualStudio.TestPlatform.Extensions.Trx.TestLogger.dll'
TpTrace Information: 0 : 30400, 1, 2024/08/02, 15:33:08.646, 1082058440999, vstest.console.dll, GetTestExtensionFromType: Register extension with identifier data 'logger://Microsoft/TestPlatform/TrxLogger/v1' and type 'Microsoft.VisualStudio.TestPlatform.Extensions.TrxLogger.TrxLogger, Microsoft.VisualStudio.TestPlatform.Extensions.Trx.TestLogger, Version=15.0.0.0, Culture=neutral, PublicKeyToken=b03f5f7f11d50a3a' inside file 'C:\Program Files\dotnet\sdk\8.0.300\Extensions\Microsoft.VisualStudio.TestPlatform.Extensions.Trx.TestLogger.dll'
TpTrace Verbose: 0 : 30400, 1, 2024/08/02, 15:33:08.646, 1082058441686, vstest.console.dll, TestPluginCache: Discovered the extensions using extension path ''.
TpTrace Verbose: 0 : 30400, 1, 2024/08/02, 15:33:08.646, 1082058442014, vstest.console.dll, TestPluginCache: Discoverers are ''.
TpTrace Verbose: 0 : 30400, 1, 2024/08/02, 15:33:08.646, 1082058442292, vstest.console.dll, TestPluginCache: Executors are ''.
TpTrace Verbose: 0 : 30400, 1, 2024/08/02, 15:33:08.646, 1082058442569, vstest.console.dll, TestPluginCache: Executors2 are ''.
TpTrace Verbose: 0 : 30400, 1, 2024/08/02, 15:33:08.646, 1082058442862, vstest.console.dll, TestPluginCache: Setting providers are ''.
TpTrace Verbose: 0 : 30400, 1, 2024/08/02, 15:33:08.646, 1082058443602, vstest.console.dll, TestPluginCache: Loggers are 'logger://Microsoft/TestPlatform/Extensions/Blame/v1,logger://Microsoft/TestPlatform/HtmlLogger/v1,logger://Microsoft/TestPlatform/TrxLogger/v1'.
TpTrace Verbose: 0 : 30400, 1, 2024/08/02, 15:33:08.646, 1082058444050, vstest.console.dll, TestPluginCache: TestHosts are 'HostProvider://DefaultTestHost,HostProvider://DotnetTestHost'.
TpTrace Verbose: 0 : 30400, 1, 2024/08/02, 15:33:08.646, 1082058444345, vstest.console.dll, TestPluginCache: DataCollectors are ''.
TpTrace Information: 0 : 30400, 1, 2024/08/02, 15:33:08.647, 1082058453740, vstest.console.dll, TestPluginManager.CreateTestExtension: Attempting to load test extension: Microsoft.TestPlatform.Extensions.BlameDataCollector.BlameLogger
TpTrace Verbose: 0 : 30400, 1, 2024/08/02, 15:33:08.658, 1082058563105, vstest.console.dll, TestEngine: Initializing Parallel Execution as MaxCpuCount is set to: 1
TpTrace Information: 0 : 30400, 1, 2024/08/02, 15:33:08.661, 1082058586582, vstest.console.dll, TestPluginManager.CreateTestExtension: Attempting to load test extension: Microsoft.VisualStudio.TestPlatform.CrossPlatEngine.Hosting.DefaultTestHostManager
TpTrace Information: 0 : 30400, 1, 2024/08/02, 15:33:08.662, 1082058599939, vstest.console.dll, TestPluginManager.CreateTestExtension: Attempting to load test extension: Microsoft.VisualStudio.TestPlatform.CrossPlatEngine.Hosting.DotnetTestHostManager
TpTrace Information: 0 : 30400, 1, 2024/08/02, 15:33:08.663, 1082058606086, vstest.console.dll, InferRunSettingsHelper.IsTestSettingsEnabled: Unable to navigate to RunSettings/MSTest. Current node: RunSettings
TpTrace Verbose: 0 : 30400, 1, 2024/08/02, 15:33:08.664, 1082058617405, vstest.console.dll, ParallelOperationManager.ClearSlots: Clearing all slots. Slots should accept more work: True
TpTrace Verbose: 0 : 30400, 1, 2024/08/02, 15:33:08.664, 1082058624092, vstest.console.dll, ParallelOperationManager.SetOccupiedSlotCount: Setting slot counts AvailableSlotCount = 1, OccupiedSlotCount = 0.
TpTrace Verbose: 0 : 30400, 1, 2024/08/02, 15:33:08.665, 1082058627227, vstest.console.dll, Occupied slots:

TpTrace Verbose: 0 : 30400, 1, 2024/08/02, 15:33:08.668, 1082058663700, vstest.console.dll, TestEngine.GetExecutionManager: Chosen execution manager 'Microsoft.VisualStudio.TestPlatform.CrossPlatEngine.Client.Parallel.ParallelProxyExecutionManager, Microsoft.TestPlatform.CrossPlatEngine, Version=15.0.0.0, Culture=neutral, PublicKeyToken=b03f5f7f11d50a3a' ParallelLevel '1'.
TpTrace Verbose: 0 : 30400, 1, 2024/08/02, 15:33:08.668, 1082058665534, vstest.console.dll, TestRunRequest.ExecuteAsync: Creating test run request.
TpTrace Verbose: 0 : 30400, 1, 2024/08/02, 15:33:08.669, 1082058667788, vstest.console.dll, TestRunRequest.ExecuteAsync: Starting.
TpTrace Information: 0 : 30400, 1, 2024/08/02, 15:33:08.670, 1082058682393, vstest.console.dll, TestRunRequest.ExecuteAsync: Starting run with settings:TestRunCriteria:
   KeepAlive=False,FrequencyOfRunStatsChangeEvent=10,RunStatsChangeEventTimeout=00:00:01.5000000,TestCaseFilter=,TestExecutorLauncher=
   Settingsxml=<RunSettings>
  <RunConfiguration>
    <ResultsDirectory>C:\Users\VC\Desktop\capstone\CofeeStoreManagementSln\CofeeStoreManagementRepositoryTest\bin\Debug\net8.0\fine-code-coverage\coverage-tool-output</ResultsDirectory>
    <TargetPlatform>X64</TargetPlatform>
    <TargetFrameworkVersion>.NETCoreApp,Version=v8.0</TargetFrameworkVersion>
    <DesignMode>False</DesignMode>
    <CollectSourceInformation>False</CollectSourceInformation>
  </RunConfiguration>
  <LoggerRunSettings>
    <Loggers>
      <Logger friendlyName="blame" enabled="True" />
      <Logger friendlyName="Console" uri="logger://microsoft/TestPlatform/ConsoleLogger/v1" assemblyQualifiedName="Microsoft.VisualStudio.TestPlatform.CommandLine.Internal.ConsoleLogger, vstest.console, Version=15.0.0.0, Culture=neutral, PublicKeyToken=b03f5f7f11d50a3a" codeBase="C:\Program Files\dotnet\sdk\8.0.300\vstest.console.dll" enabled="True" />
    </Loggers>
  </LoggerRunSettings>
  <DataCollectionRunSettings>
    <DataCollectors>
      <DataCollector friendlyName="blame" enabled="True">
        <Configuration>
          <ResultsDirectory>C:\Users\VC\Desktop\capstone\CofeeStoreManagementSln\CofeeStoreManagementRepositoryTest\bin\Debug\net8.0\fine-code-coverage\coverage-tool-output</ResultsDirectory>
        </Configuration>
      </DataCollector>
    </DataCollectors>
  </DataCollectionRunSettings>
</RunSettings>

TpTrace Verbose: 0 : 30400, 1, 2024/08/02, 15:33:08.670, 1082058683314, vstest.console.dll, TestRunRequest.ExecuteAsync: Wait for the first run request is over.
TpTrace Verbose: 0 : 30400, 1, 2024/08/02, 15:33:08.671, 1082058686407, vstest.console.dll, MulticastDelegateUtilities.SafeInvoke: TestRun.TestRunStart: Invoking callbacks was skipped because there are no subscribers.
TpTrace Verbose: 0 : 30400, 4, 2024/08/02, 15:33:08.672, 1082058696318, vstest.console.dll, MulticastDelegateUtilities.SafeInvoke: InternalTestLoggerEvents.SendTestRunStart: Invoking callback 1/1 for Microsoft.VisualStudio.TestPlatform.CommandLine.Internal.ConsoleLogger., took 0 ms.
TpTrace Verbose: 0 : 30400, 1, 2024/08/02, 15:33:08.673, 1082058709954, vstest.console.dll, ParallelProxyExecutionManager: Start execution. Total sources: 1
TpTrace Verbose: 0 : 30400, 1, 2024/08/02, 15:33:08.673, 1082058714664, vstest.console.dll, ParallelOperationManager.StartWork: Starting adding 1 workloads.
TpTrace Verbose: 0 : 30400, 1, 2024/08/02, 15:33:08.674, 1082058715802, vstest.console.dll, ParallelOperationManager.ClearSlots: Clearing all slots. Slots should accept more work: True
TpTrace Verbose: 0 : 30400, 1, 2024/08/02, 15:33:08.674, 1082058717022, vstest.console.dll, ParallelOperationManager.SetOccupiedSlotCount: Setting slot counts AvailableSlotCount = 1, OccupiedSlotCount = 0.
TpTrace Verbose: 0 : 30400, 1, 2024/08/02, 15:33:08.674, 1082058717596, vstest.console.dll, Occupied slots:

TpTrace Verbose: 0 : 30400, 1, 2024/08/02, 15:33:08.676, 1082058738639, vstest.console.dll, TestRequestSender is acting as server.
TpTrace Verbose: 0 : 30400, 1, 2024/08/02, 15:33:08.677, 1082058755429, vstest.console.dll, ParallelOperationManager.RunWorkInParallel: Adding 1 workload to slot, remaining workloads 0.
TpTrace Verbose: 0 : 30400, 1, 2024/08/02, 15:33:08.678, 1082058756274, vstest.console.dll, ParallelOperationManager.SetOccupiedSlotCount: Setting slot counts AvailableSlotCount = 0, OccupiedSlotCount = 1.
TpTrace Verbose: 0 : 30400, 1, 2024/08/02, 15:33:08.678, 1082058757567, vstest.console.dll, Occupied slots:
0: C:\Users\VC\Desktop\capstone\CofeeStoreManagementSln\CofeeStoreManagementRepositoryTest\bin\Debug\net8.0\fine-code-coverage\build-output\CofeeStoreManagementRepositoryTest.dll
TpTrace Verbose: 0 : 30400, 1, 2024/08/02, 15:33:08.679, 1082058767748, vstest.console.dll, ParallelOperationManager.RunWorkInParallel: Started host in slot number 0 for work (source): C:\Users\VC\Desktop\capstone\CofeeStoreManagementSln\CofeeStoreManagementRepositoryTest\bin\Debug\net8.0\fine-code-coverage\build-output\CofeeStoreManagementRepositoryTest.dll.
TpTrace Verbose: 0 : 30400, 1, 2024/08/02, 15:33:08.680, 1082058780921, vstest.console.dll, ParallelOperationManager.RunWorkInParallel: We started 1 work items, which is the max parallel level. Won't start more work.
TpTrace Verbose: 0 : 30400, 1, 2024/08/02, 15:33:08.680, 1082058782042, vstest.console.dll, ParallelOperationManager.RunWorkInParallel: We started 1 work items in here, returning True.
TpTrace Information: 0 : 30400, 1, 2024/08/02, 15:33:08.680, 1082058782663, vstest.console.dll, TestRunRequest.ExecuteAsync: Started.
TpTrace Verbose: 0 : 30400, 5, 2024/08/02, 15:33:08.680, 1082058781477, vstest.console.dll, ParallelProxyExecutionManager.StartTestRunOnConcurrentManager: Initializing uninitialized client. Started clients: 0
TpTrace Verbose: 0 : 30400, 5, 2024/08/02, 15:33:08.680, 1082058785095, vstest.console.dll, DataCollectionRequestSender.InitializeCommunication : Initialize communication. 
TpTrace Verbose: 0 : 30400, 1, 2024/08/02, 15:33:08.681, 1082058791196, vstest.console.dll, TestRunRequest.WaitForCompletion: Waiting with timeout -1.
TpTrace Information: 0 : 30400, 5, 2024/08/02, 15:33:08.689, 1082058868325, vstest.console.dll, Listening on Endpoint : 127.0.0.1:63769
TpTrace Verbose: 0 : 30400, 5, 2024/08/02, 15:33:08.695, 1082058932025, vstest.console.dll, DotnetDataCollectionLauncher: Adding  --runtimeconfig "C:\Program Files\dotnet\sdk\8.0.300\datacollector.runtimeconfig.json" in args
TpTrace Verbose: 0 : 30400, 5, 2024/08/02, 15:33:08.695, 1082058933558, vstest.console.dll, DotnetDataCollectionLauncher: Adding  --depsfile "C:\Program Files\dotnet\sdk\8.0.300\datacollector.deps.json" in args
TpTrace Verbose: 0 : 30400, 5, 2024/08/02, 15:33:08.696, 1082058940583, vstest.console.dll, DotnetDataCollectionLauncher: Full path of dotnet.exe is C:\Program Files\dotnet\dotnet.exe
TpTrace Information: 0 : 30400, 5, 2024/08/02, 15:33:08.704, 1082059020386, vstest.console.dll, ProxyDataCollectionManager.Initialize: Launched datacollector processId: 21920 port: 63769
TpTrace Information: 0 : 30400, 5, 2024/08/02, 15:33:08.704, 1082059022198, vstest.console.dll, ProxyDataCollectionManager.Initialize: waiting for connection with timeout: 90 seconds
TpTrace Verbose: 0 : 30400, 5, 2024/08/02, 15:33:08.704, 1082059022714, vstest.console.dll, DataCollectionRequestSender.WaitForRequestHandlerConnection : Waiting for connection with timeout: 90000
TpTrace Information: 0 : 30400, 7, 2024/08/02, 15:33:08.937, 1082061345893, vstest.console.dll, Using the buffer size of 16384 bytes
TpTrace Verbose: 0 : 30400, 5, 2024/08/02, 15:33:08.937, 1082061346092, vstest.console.dll, SocketCommunicationManager.WaitForClientConnection took: 232 ms, with 90000 ms timeout, and finished with True.
TpTrace Information: 0 : 30400, 7, 2024/08/02, 15:33:08.937, 1082061347947, vstest.console.dll, Accepted Client request and set the flag
TpTrace Verbose: 0 : 30400, 5, 2024/08/02, 15:33:08.937, 1082061349908, vstest.console.dll, ProxyDataCollectionManager.InvokeDataCollectionServiceAction: Starting.
TpTrace Information: 0 : 30400, 5, 2024/08/02, 15:33:08.937, 1082061351177, vstest.console.dll, ProxyDataCollectionManager.BeforeTestRunStart: Get environment variable and port for datacollector processId: 21920 port: 63769
TpTrace Verbose: 0 : 30400, 5, 2024/08/02, 15:33:08.937, 1082061353101, vstest.console.dll, DataCollectionRequestSender.SendBeforeTestRunStartAndGetResult: Send BeforeTestRunStart message with settingsXml <RunSettings><RunConfiguration><ResultsDirectory>C:\Users\VC\Desktop\capstone\CofeeStoreManagementSln\CofeeStoreManagementRepositoryTest\bin\Debug\net8.0\fine-code-coverage\coverage-tool-output</ResultsDirectory><TargetPlatform>X64</TargetPlatform><TargetFrameworkVersion>.NETCoreApp,Version=v8.0</TargetFrameworkVersion><DesignMode>False</DesignMode><CollectSourceInformation>False</CollectSourceInformation><TestAdaptersPaths>C:\Program Files\dotnet\sdk\8.0.300\Extensions</TestAdaptersPaths></RunConfiguration><LoggerRunSettings><Loggers><Logger friendlyName="blame" enabled="True" /><Logger friendlyName="Console" uri="logger://microsoft/TestPlatform/ConsoleLogger/v1" assemblyQualifiedName="Microsoft.VisualStudio.TestPlatform.CommandLine.Internal.ConsoleLogger, vstest.console, Version=15.0.0.0, Culture=neutral, PublicKeyToken=b03f5f7f11d50a3a" codeBase="C:\Program Files\dotnet\sdk\8.0.300\vstest.console.dll" enabled="True" /></Loggers></LoggerRunSettings><DataCollectionRunSettings><DataCollectors><DataCollector friendlyName="blame" enabled="True"><Configuration><ResultsDirectory>C:\Users\VC\Desktop\capstone\CofeeStoreManagementSln\CofeeStoreManagementRepositoryTest\bin\Debug\net8.0\fine-code-coverage\coverage-tool-output</ResultsDirectory></Configuration></DataCollector></DataCollectors></DataCollectionRunSettings></RunSettings> and sources System.Collections.Generic.List`1[System.String]: 
TpTrace Verbose: 0 : 30400, 5, 2024/08/02, 15:33:09.003, 1082062014495, vstest.console.dll, DataCollectionRequestSender.SendBeforeTestRunStartAndGetResult: Received message: (DataCollection.SendMessage) -> {"MessageType":"DataCollection.SendMessage","Payload":{"FriendlyName":null,"Uri":null,"TestCaseId":"00000000-0000-0000-0000-000000000000","Message":"Logging DataCollector Diagnostics in file: C:\\Users\\VC\\Desktop\\capstone\\CofeeStoreManagementSln\\CofeeStoreManagementRepositoryTest\\bin\\Debug\\net8.0\\fine-code-coverage\\coverage-tool-output\\diagnostics.datacollector.24-08-02_15-33-08_69535_5.log","Level":0}}
TpTrace Verbose: 0 : 30400, 5, 2024/08/02, 15:33:09.123, 1082063212777, vstest.console.dll, DataCollectionRequestSender.SendBeforeTestRunStartAndGetResult: Received message: (DataCollection.BeforeTestRunStartResult) -> {"MessageType":"DataCollection.BeforeTestRunStartResult","Payload":{"EnvironmentVariables":{},"DataCollectionEventsPort":63771}}
TpTrace Information: 0 : 30400, 5, 2024/08/02, 15:33:09.131, 1082063286402, vstest.console.dll, ProxyDataCollectionManager.BeforeTestRunStart: SendBeforeTestRunStartAndGetResult successful, env variable from datacollector:   and testhost port: 63771
TpTrace Information: 0 : 30400, 5, 2024/08/02, 15:33:09.131, 1082063288643, vstest.console.dll, ProxyDataCollectionManager.InvokeDataCollectionServiceAction: Completed.
TpTrace Verbose: 0 : 30400, 5, 2024/08/02, 15:33:09.131, 1082063289441, vstest.console.dll, ParallelProxyExecutionManager.StartTestRunOnConcurrentManager: Initializing test run. Started clients: 0
TpTrace Verbose: 0 : 30400, 5, 2024/08/02, 15:33:09.131, 1082063291020, vstest.console.dll, ProxyExecutionManager: Test host is always Lazy initialize.
TpTrace Verbose: 0 : 30400, 5, 2024/08/02, 15:33:09.131, 1082063294612, vstest.console.dll, TestRequestSender.InitializeCommunication: initialize communication. 
TpTrace Information: 0 : 30400, 5, 2024/08/02, 15:33:09.132, 1082063302979, vstest.console.dll, SocketServer.Start: Listening on endpoint : 127.0.0.1:63772
TpTrace Verbose: 0 : 30400, 5, 2024/08/02, 15:33:09.134, 1082063317047, vstest.console.dll, DotnetTestHostmanager.GetTestHostProcessStartInfo: Platform environment 'X64' target architecture 'X64' framework '.NETCoreApp,Version=v8.0' OS 'Windows'
TpTrace Verbose: 0 : 30400, 5, 2024/08/02, 15:33:09.134, 1082063321136, vstest.console.dll, DotnetTestHostmanager: Adding  --runtimeconfig "C:\Users\VC\Desktop\capstone\CofeeStoreManagementSln\CofeeStoreManagementRepositoryTest\bin\Debug\net8.0\fine-code-coverage\build-output\CofeeStoreManagementRepositoryTest.runtimeconfig.json" in args
TpTrace Verbose: 0 : 30400, 5, 2024/08/02, 15:33:09.134, 1082063322817, vstest.console.dll, DotnetTestHostmanager: Adding  --depsfile "C:\Users\VC\Desktop\capstone\CofeeStoreManagementSln\CofeeStoreManagementRepositoryTest\bin\Debug\net8.0\fine-code-coverage\build-output\CofeeStoreManagementRepositoryTest.deps.json" in args
TpTrace Verbose: 0 : 30400, 5, 2024/08/02, 15:33:09.135, 1082063327508, vstest.console.dll, DotnetTestHostmanager.IsWinOnArm: Current PROCESSOR_ARCHITECTURE from environment variable 'AMD64'
TpTrace Verbose: 0 : 30400, 5, 2024/08/02, 15:33:09.135, 1082063328616, vstest.console.dll, DotnetTestHostmanager.IsWinOnArm: Is Windows on ARM 'False'
TpTrace Verbose: 0 : 30400, 5, 2024/08/02, 15:33:09.135, 1082063330149, vstest.console.dll, DotnetTestHostManager: testhost.exe found at path: C:\Users\VC\Desktop\capstone\CofeeStoreManagementSln\CofeeStoreManagementRepositoryTest\bin\Debug\net8.0\fine-code-coverage\build-output\testhost.exe
TpTrace Verbose: 0 : 30400, 5, 2024/08/02, 15:33:09.135, 1082063330861, vstest.console.dll, DotnetTestHostmanager: Full path of host exe is C:\Users\VC\Desktop\capstone\CofeeStoreManagementSln\CofeeStoreManagementRepositoryTest\bin\Debug\net8.0\fine-code-coverage\build-output\testhost.exe
TpTrace Verbose: 0 : 30400, 5, 2024/08/02, 15:33:09.135, 1082063332337, vstest.console.dll, DotnetTestHostmanager.LaunchTestHostAsync: Found 'VSTEST_WINAPPHOST_DOTNET_ROOT' in env variables, value 'C:\Program Files\dotnet', forwarding to 'DOTNET_ROOT'
TpTrace Verbose: 0 : 30400, 5, 2024/08/02, 15:33:09.135, 1082063333970, vstest.console.dll, DotnetTestHostManager: Starting process 'C:\Users\VC\Desktop\capstone\CofeeStoreManagementSln\CofeeStoreManagementRepositoryTest\bin\Debug\net8.0\fine-code-coverage\build-output\testhost.exe' with command line ' --runtimeconfig "C:\Users\VC\Desktop\capstone\CofeeStoreManagementSln\CofeeStoreManagementRepositoryTest\bin\Debug\net8.0\fine-code-coverage\build-output\CofeeStoreManagementRepositoryTest.runtimeconfig.json" --depsfile "C:\Users\VC\Desktop\capstone\CofeeStoreManagementSln\CofeeStoreManagementRepositoryTest\bin\Debug\net8.0\fine-code-coverage\build-output\CofeeStoreManagementRepositoryTest.deps.json" --port 63772 --endpoint 127.0.0.1:063772 --role client --parentprocessid 30400 --diag "C:\Users\VC\Desktop\capstone\CofeeStoreManagementSln\CofeeStoreManagementRepositoryTest\bin\Debug\net8.0\fine-code-coverage\coverage-tool-output\diagnostics.host.24-08-02_15-33-09_13348_5.log" --tracelevel 4 --datacollectionport 63771 --telemetryoptedin false'
TpTrace Verbose: 0 : 30400, 5, 2024/08/02, 15:33:09.146, 1082063441396, vstest.console.dll, MulticastDelegateUtilities.SafeInvoke: HostProviderEvents.OnHostLaunched: Invoking callback 1/2 for Microsoft.VisualStudio.TestPlatform.CrossPlatEngine.Client.ProxyExecutionManagerWithDataCollection., took 1 ms.
TpTrace Verbose: 0 : 30400, 5, 2024/08/02, 15:33:09.147, 1082063446069, vstest.console.dll, Test Runtime launched
TpTrace Verbose: 0 : 30400, 5, 2024/08/02, 15:33:09.147, 1082063446993, vstest.console.dll, MulticastDelegateUtilities.SafeInvoke: HostProviderEvents.OnHostLaunched: Invoking callback 2/2 for Microsoft.VisualStudio.TestPlatform.CrossPlatEngine.Client.ProxyOperationManager., took 0 ms.
TpTrace Verbose: 0 : 30400, 5, 2024/08/02, 15:33:09.147, 1082063448539, vstest.console.dll, TestRequestSender.WaitForRequestHandlerConnection: waiting for connection with timeout: 90000.
TpTrace Verbose: 0 : 30400, 5, 2024/08/02, 15:33:09.461, 1082066586362, vstest.console.dll, TestRequestSender.WaitForRequestHandlerConnection: waiting took 313 ms, with timeout 90000 ms, and result 0, which is success.
TpTrace Verbose: 0 : 30400, 7, 2024/08/02, 15:33:09.461, 1082066587996, vstest.console.dll, MulticastDelegateUtilities.SafeInvoke: SocketServer: ClientConnected: Invoking callback 1/1 for Microsoft.VisualStudio.TestPlatform.CommunicationUtilities.TestRequestSender., took 0 ms.
TpTrace Verbose: 0 : 30400, 7, 2024/08/02, 15:33:09.461, 1082066595400, vstest.console.dll, SocketServer.OnClientConnected: Client connected for endPoint: 127.0.0.1:63772, starting MessageLoopAsync:
TpTrace Verbose: 0 : 30400, 7, 2024/08/02, 15:33:09.462, 1082066604305, vstest.console.dll, TcpClientExtensions.MessageLoopAsync: Polling on remoteEndPoint: 127.0.0.1:63773 localEndPoint: 127.0.0.1:63772 after 0 ms
TpTrace Verbose: 0 : 30400, 5, 2024/08/02, 15:33:09.463, 1082066607789, vstest.console.dll, TestRequestSender.CheckVersionWithTestHost: Sending check version message: {"MessageType":"ProtocolVersion","Payload":7}
TpTrace Verbose: 0 : 30400, 7, 2024/08/02, 15:33:09.609, 1082068068067, vstest.console.dll, TcpClientExtensions.MessageLoopAsync: NotifyDataAvailable remoteEndPoint: 127.0.0.1:63773 localEndPoint: 127.0.0.1:63772
TpTrace Verbose: 0 : 30400, 7, 2024/08/02, 15:33:09.609, 1082068072246, vstest.console.dll, TestRequestSender.CheckVersionWithTestHost: onMessageReceived received message: (ProtocolVersion) -> {"MessageType":"ProtocolVersion","Payload":7}
TpTrace Verbose: 0 : 30400, 7, 2024/08/02, 15:33:09.610, 1082068084059, vstest.console.dll, MulticastDelegateUtilities.SafeInvoke: LengthPrefixCommunicationChannel: MessageReceived: Invoking callback 1/1 for Microsoft.VisualStudio.TestPlatform.CommunicationUtilities.TestRequestSender+<>c__DisplayClass29_0., took 1 ms.
TpTrace Verbose: 0 : 30400, 7, 2024/08/02, 15:33:09.611, 1082068085928, vstest.console.dll, TcpClientExtensions.MessageLoopAsync: Polling on remoteEndPoint: 127.0.0.1:63773 localEndPoint: 127.0.0.1:63772 after 148 ms
TpTrace Verbose: 0 : 30400, 5, 2024/08/02, 15:33:09.611, 1082068086321, vstest.console.dll, TestPluginCache.GetExtensionPaths: Filtered extension paths: 
TpTrace Verbose: 0 : 30400, 5, 2024/08/02, 15:33:09.611, 1082068089092, vstest.console.dll, TestPluginCache.GetExtensionPaths: Added default extension paths: C:\Program Files\dotnet\sdk\8.0.300\Extensions\Microsoft.Diagnostics.NETCore.Client.dll
C:\Program Files\dotnet\sdk\8.0.300\Extensions\Microsoft.TestPlatform.Extensions.BlameDataCollector.dll
C:\Program Files\dotnet\sdk\8.0.300\Extensions\Microsoft.TestPlatform.Extensions.EventLogCollector.dll
C:\Program Files\dotnet\sdk\8.0.300\Extensions\Microsoft.TestPlatform.TestHostRuntimeProvider.dll
C:\Program Files\dotnet\sdk\8.0.300\Extensions\Microsoft.VisualStudio.TestPlatform.Extensions.Html.TestLogger.dll
C:\Program Files\dotnet\sdk\8.0.300\Extensions\Microsoft.VisualStudio.TestPlatform.Extensions.Trx.TestLogger.dll
TpTrace Verbose: 0 : 30400, 5, 2024/08/02, 15:33:09.611, 1082068090118, vstest.console.dll, TestPluginCache.GetExtensionPaths: Added unfilterableExtensionPaths: 
TpTrace Verbose: 0 : 30400, 5, 2024/08/02, 15:33:09.616, 1082068136356, vstest.console.dll, TestRequestSender.InitializeExecution: Sending initialize execution with message: {"Version":7,"MessageType":"TestExecution.Initialize","Payload":["C:\\Users\\VC\\Desktop\\capstone\\CofeeStoreManagementSln\\CofeeStoreManagementRepositoryTest\\bin\\Debug\\net8.0\\fine-code-coverage\\build-output\\NUnit3.TestAdapter.dll"]}
TpTrace Verbose: 0 : 30400, 5, 2024/08/02, 15:33:09.616, 1082068139992, vstest.console.dll, ParallelProxyExecutionManager.StartTestRunOnConcurrentManager: Execution starting. Started clients: 1
TpTrace Verbose: 0 : 30400, 5, 2024/08/02, 15:33:09.616, 1082068143662, vstest.console.dll, TestRunRequest:SendTestRunMessage: Starting.
TpTrace Verbose: 0 : 30400, 5, 2024/08/02, 15:33:09.617, 1082068146146, vstest.console.dll, MulticastDelegateUtilities.SafeInvoke: TestRun.LogMessages: Invoking callback 1/1 for Microsoft.VisualStudio.TestPlatform.CommandLine.TestRunResultAggregator., took 0 ms.
TpTrace Information: 0 : 30400, 5, 2024/08/02, 15:33:09.617, 1082068147111, vstest.console.dll, TestRunRequest:SendTestRunMessage: Completed.
TpTrace Verbose: 0 : 30400, 7, 2024/08/02, 15:33:09.617, 1082068148709, vstest.console.dll, TcpClientExtensions.MessageLoopAsync: NotifyDataAvailable remoteEndPoint: 127.0.0.1:63773 localEndPoint: 127.0.0.1:63772
TpTrace Verbose: 0 : 30400, 4, 2024/08/02, 15:33:09.617, 1082068151114, vstest.console.dll, MulticastDelegateUtilities.SafeInvoke: InternalTestLoggerEvents.SendTestRunMessage: Invoking callback 1/1 for Microsoft.VisualStudio.TestPlatform.CommandLine.Internal.ConsoleLogger., took 0 ms.
TpTrace Warning: 0 : 30400, 5, 2024/08/02, 15:33:09.617, 1082068153231, vstest.console.dll, InferRunSettingsHelper.MakeRunsettingsCompatible: Removing the following settings: TargetPlatform from RunSettings file. To use those settings please move to latest version of Microsoft.NET.Test.Sdk
TpTrace Verbose: 0 : 30400, 7, 2024/08/02, 15:33:09.618, 1082068163287, vstest.console.dll, TestRequestSender.OnExecutionMessageReceived: Received message: {"Version":7,"MessageType":"TestSession.Message","Payload":{"MessageLevel":0,"Message":"Logging TestHost Diagnostics in file: C:\\Users\\VC\\Desktop\\capstone\\CofeeStoreManagementSln\\CofeeStoreManagementRepositoryTest\\bin\\Debug\\net8.0\\fine-code-coverage\\coverage-tool-output\\diagnostics.host.24-08-02_15-33-09_13348_5.log"}}
TpTrace Verbose: 0 : 30400, 7, 2024/08/02, 15:33:09.624, 1082068216144, vstest.console.dll, TestRunRequest:SendTestRunMessage: Starting.
TpTrace Verbose: 0 : 30400, 7, 2024/08/02, 15:33:09.624, 1082068218481, vstest.console.dll, MulticastDelegateUtilities.SafeInvoke: TestRun.LogMessages: Invoking callback 1/1 for Microsoft.VisualStudio.TestPlatform.CommandLine.TestRunResultAggregator., took 0 ms.
TpTrace Information: 0 : 30400, 7, 2024/08/02, 15:33:09.624, 1082068219050, vstest.console.dll, TestRunRequest:SendTestRunMessage: Completed.
TpTrace Verbose: 0 : 30400, 4, 2024/08/02, 15:33:09.624, 1082068219107, vstest.console.dll, MulticastDelegateUtilities.SafeInvoke: InternalTestLoggerEvents.SendTestRunMessage: Invoking callback 1/1 for Microsoft.VisualStudio.TestPlatform.CommandLine.Internal.ConsoleLogger., took 0 ms.
TpTrace Verbose: 0 : 30400, 7, 2024/08/02, 15:33:09.629, 1082068265903, vstest.console.dll, MulticastDelegateUtilities.SafeInvoke: LengthPrefixCommunicationChannel: MessageReceived: Invoking callback 1/1 for Microsoft.VisualStudio.TestPlatform.CommunicationUtilities.TestRequestSender+<>c__DisplayClass34_0., took 10 ms.
TpTrace Verbose: 0 : 30400, 7, 2024/08/02, 15:33:09.629, 1082068267441, vstest.console.dll, TcpClientExtensions.MessageLoopAsync: Polling on remoteEndPoint: 127.0.0.1:63773 localEndPoint: 127.0.0.1:63772 after 17 ms
TpTrace Verbose: 0 : 30400, 5, 2024/08/02, 15:33:09.631, 1082068289082, vstest.console.dll, TestRequestSender.StartTestRun: Sending test run with message: {"Version":7,"MessageType":"TestExecution.StartWithSources","Payload":{"AdapterSourceMap":{"_none_":["C:\\Users\\VC\\Desktop\\capstone\\CofeeStoreManagementSln\\CofeeStoreManagementRepositoryTest\\bin\\Debug\\net8.0\\fine-code-coverage\\build-output\\CofeeStoreManagementRepositoryTest.dll"]},"RunSettings":"<RunSettings>\r\n  <RunConfiguration>\r\n    <ResultsDirectory>C:\\Users\\VC\\Desktop\\capstone\\CofeeStoreManagementSln\\CofeeStoreManagementRepositoryTest\\bin\\Debug\\net8.0\\fine-code-coverage\\coverage-tool-output</ResultsDirectory>\r\n    <TargetFrameworkVersion>.NETCoreApp,Version=v8.0</TargetFrameworkVersion>\r\n    <DesignMode>False</DesignMode>\r\n    <CollectSourceInformation>False</CollectSourceInformation>\r\n  </RunConfiguration>\r\n  <LoggerRunSettings>\r\n    <Loggers>\r\n      <Logger friendlyName=\"blame\" enabled=\"True\" />\r\n      <Logger friendlyName=\"Console\" uri=\"logger://microsoft/TestPlatform/ConsoleLogger/v1\" assemblyQualifiedName=\"Microsoft.VisualStudio.TestPlatform.CommandLine.Internal.ConsoleLogger, vstest.console, Version=15.0.0.0, Culture=neutral, PublicKeyToken=b03f5f7f11d50a3a\" codeBase=\"C:\\Program Files\\dotnet\\sdk\\8.0.300\\vstest.console.dll\" enabled=\"True\" />\r\n    </Loggers>\r\n  </LoggerRunSettings>\r\n  <DataCollectionRunSettings>\r\n    <DataCollectors>\r\n      <DataCollector friendlyName=\"blame\" enabled=\"True\">\r\n        <Configuration>\r\n          <ResultsDirectory>C:\\Users\\VC\\Desktop\\capstone\\CofeeStoreManagementSln\\CofeeStoreManagementRepositoryTest\\bin\\Debug\\net8.0\\fine-code-coverage\\coverage-tool-output</ResultsDirectory>\r\n        </Configuration>\r\n      </DataCollector>\r\n    </DataCollectors>\r\n  </DataCollectionRunSettings>\r\n</RunSettings>","TestExecutionContext":{"FrequencyOfRunStatsChangeEvent":10,"RunStatsChangeEventTimeout":"00:00:01.5000000","InIsolation":false,"KeepAlive":false,"AreTestCaseLevelEventsRequired":false,"IsDebug":false,"TestCaseFilter":null,"FilterOptions":null},"Package":null}}
TpTrace Verbose: 0 : 30400, 5, 2024/08/02, 15:33:09.631, 1082068291553, vstest.console.dll, ParallelProxyExecutionManager.StartTestRunOnConcurrentManager: Execution started. Started clients: 1
TpTrace Verbose: 0 : 30400, 7, 2024/08/02, 15:33:09.804, 1082070017949, vstest.console.dll, TcpClientExtensions.MessageLoopAsync: NotifyDataAvailable remoteEndPoint: 127.0.0.1:63773 localEndPoint: 127.0.0.1:63772
TpTrace Verbose: 0 : 30400, 7, 2024/08/02, 15:33:09.804, 1082070020463, vstest.console.dll, TestRequestSender.OnExecutionMessageReceived: Received message: {"Version":7,"MessageType":"TestSession.Message","Payload":{"MessageLevel":0,"Message":"NUnit Adapter 4.5.0.0: Test execution started"}}
TpTrace Verbose: 0 : 30400, 7, 2024/08/02, 15:33:09.804, 1082070023652, vstest.console.dll, TestRunRequest:SendTestRunMessage: Starting.
TpTrace Verbose: 0 : 30400, 7, 2024/08/02, 15:33:09.804, 1082070024682, vstest.console.dll, MulticastDelegateUtilities.SafeInvoke: TestRun.LogMessages: Invoking callback 1/1 for Microsoft.VisualStudio.TestPlatform.CommandLine.TestRunResultAggregator., took 0 ms.
TpTrace Information: 0 : 30400, 7, 2024/08/02, 15:33:09.804, 1082070025194, vstest.console.dll, TestRunRequest:SendTestRunMessage: Completed.
TpTrace Verbose: 0 : 30400, 4, 2024/08/02, 15:33:09.804, 1082070025236, vstest.console.dll, MulticastDelegateUtilities.SafeInvoke: InternalTestLoggerEvents.SendTestRunMessage: Invoking callback 1/1 for Microsoft.VisualStudio.TestPlatform.CommandLine.Internal.ConsoleLogger., took 0 ms.
TpTrace Verbose: 0 : 30400, 7, 2024/08/02, 15:33:09.804, 1082070025664, vstest.console.dll, MulticastDelegateUtilities.SafeInvoke: LengthPrefixCommunicationChannel: MessageReceived: Invoking callback 1/1 for Microsoft.VisualStudio.TestPlatform.CommunicationUtilities.TestRequestSender+<>c__DisplayClass34_0., took 0 ms.
TpTrace Verbose: 0 : 30400, 7, 2024/08/02, 15:33:09.805, 1082070027587, vstest.console.dll, TcpClientExtensions.MessageLoopAsync: Polling on remoteEndPoint: 127.0.0.1:63773 localEndPoint: 127.0.0.1:63772 after 175 ms
TpTrace Verbose: 0 : 30400, 7, 2024/08/02, 15:33:09.830, 1082070283642, vstest.console.dll, TcpClientExtensions.MessageLoopAsync: NotifyDataAvailable remoteEndPoint: 127.0.0.1:63773 localEndPoint: 127.0.0.1:63772
TpTrace Verbose: 0 : 30400, 7, 2024/08/02, 15:33:09.830, 1082070285629, vstest.console.dll, TestRequestSender.OnExecutionMessageReceived: Received message: {"Version":7,"MessageType":"TestSession.Message","Payload":{"MessageLevel":0,"Message":"Running all tests in C:\\Users\\VC\\Desktop\\capstone\\CofeeStoreManagementSln\\CofeeStoreManagementRepositoryTest\\bin\\Debug\\net8.0\\fine-code-coverage\\build-output\\CofeeStoreManagementRepositoryTest.dll"}}
TpTrace Verbose: 0 : 30400, 7, 2024/08/02, 15:33:09.831, 1082070287175, vstest.console.dll, TestRunRequest:SendTestRunMessage: Starting.
TpTrace Verbose: 0 : 30400, 7, 2024/08/02, 15:33:09.831, 1082070287925, vstest.console.dll, MulticastDelegateUtilities.SafeInvoke: TestRun.LogMessages: Invoking callback 1/1 for Microsoft.VisualStudio.TestPlatform.CommandLine.TestRunResultAggregator., took 0 ms.
TpTrace Information: 0 : 30400, 7, 2024/08/02, 15:33:09.831, 1082070288299, vstest.console.dll, TestRunRequest:SendTestRunMessage: Completed.
TpTrace Verbose: 0 : 30400, 7, 2024/08/02, 15:33:09.831, 1082070288670, vstest.console.dll, MulticastDelegateUtilities.SafeInvoke: LengthPrefixCommunicationChannel: MessageReceived: Invoking callback 1/1 for Microsoft.VisualStudio.TestPlatform.CommunicationUtilities.TestRequestSender+<>c__DisplayClass34_0., took 0 ms.
TpTrace Verbose: 0 : 30400, 4, 2024/08/02, 15:33:09.831, 1082070288642, vstest.console.dll, MulticastDelegateUtilities.SafeInvoke: InternalTestLoggerEvents.SendTestRunMessage: Invoking callback 1/1 for Microsoft.VisualStudio.TestPlatform.CommandLine.Internal.ConsoleLogger., took 0 ms.
TpTrace Verbose: 0 : 30400, 7, 2024/08/02, 15:33:09.831, 1082070289193, vstest.console.dll, TcpClientExtensions.MessageLoopAsync: Polling on remoteEndPoint: 127.0.0.1:63773 localEndPoint: 127.0.0.1:63772 after 26 ms
TpTrace Verbose: 0 : 30400, 7, 2024/08/02, 15:33:09.939, 1082071372519, vstest.console.dll, TcpClientExtensions.MessageLoopAsync: NotifyDataAvailable remoteEndPoint: 127.0.0.1:63773 localEndPoint: 127.0.0.1:63772
TpTrace Verbose: 0 : 30400, 7, 2024/08/02, 15:33:09.940, 1082071375763, vstest.console.dll, TestRequestSender.OnExecutionMessageReceived: Received message: {"Version":7,"MessageType":"TestSession.Message","Payload":{"MessageLevel":0,"Message":"   NUnit3TestExecutor discovered 13 of 13 NUnit test cases using Current Discovery mode, Non-Explicit run"}}
TpTrace Verbose: 0 : 30400, 7, 2024/08/02, 15:33:09.940, 1082071378252, vstest.console.dll, TestRunRequest:SendTestRunMessage: Starting.
TpTrace Verbose: 0 : 30400, 7, 2024/08/02, 15:33:09.940, 1082071379424, vstest.console.dll, MulticastDelegateUtilities.SafeInvoke: TestRun.LogMessages: Invoking callback 1/1 for Microsoft.VisualStudio.TestPlatform.CommandLine.TestRunResultAggregator., took 0 ms.
TpTrace Verbose: 0 : 30400, 4, 2024/08/02, 15:33:09.940, 1082071379873, vstest.console.dll, MulticastDelegateUtilities.SafeInvoke: InternalTestLoggerEvents.SendTestRunMessage: Invoking callback 1/1 for Microsoft.VisualStudio.TestPlatform.CommandLine.Internal.ConsoleLogger., took 0 ms.
TpTrace Information: 0 : 30400, 7, 2024/08/02, 15:33:09.940, 1082071380178, vstest.console.dll, TestRunRequest:SendTestRunMessage: Completed.
TpTrace Verbose: 0 : 30400, 7, 2024/08/02, 15:33:09.940, 1082071382142, vstest.console.dll, MulticastDelegateUtilities.SafeInvoke: LengthPrefixCommunicationChannel: MessageReceived: Invoking callback 1/1 for Microsoft.VisualStudio.TestPlatform.CommunicationUtilities.TestRequestSender+<>c__DisplayClass34_0., took 0 ms.
TpTrace Verbose: 0 : 30400, 7, 2024/08/02, 15:33:09.940, 1082071382854, vstest.console.dll, TcpClientExtensions.MessageLoopAsync: Polling on remoteEndPoint: 127.0.0.1:63773 localEndPoint: 127.0.0.1:63772 after 109 ms
TpTrace Verbose: 0 : 30400, 7, 2024/08/02, 15:33:10.954, 1082081520799, vstest.console.dll, TcpClientExtensions.MessageLoopAsync: Polling on remoteEndPoint: 127.0.0.1:63773 localEndPoint: 127.0.0.1:63772 after 1013 ms
TpTrace Verbose: 0 : 30400, 7, 2024/08/02, 15:33:11.239, 1082084373896, vstest.console.dll, TcpClientExtensions.MessageLoopAsync: NotifyDataAvailable remoteEndPoint: 127.0.0.1:63773 localEndPoint: 127.0.0.1:63772
TpTrace Verbose: 0 : 30400, 7, 2024/08/02, 15:33:11.240, 1082084376603, vstest.console.dll, TestRequestSender.OnExecutionMessageReceived: Received message: {"Version":7,"MessageType":"TestExecution.StatsChange","Payload":{"NewTestResults":[],"TestRunStatistics":{"ExecutedTests":0,"Stats":{}},"ActiveTests":[{"Id":"26fd0676-7d1e-eb0d-aef3-ff9cf4a871d4","FullyQualifiedName":"CofeeStoreManagementRepositoryTest.EmployeeRepositoryTest.GetEmployeeByEmployeeTest","DisplayName":"GetEmployeeByEmployeeTest","ExecutorUri":"executor://NUnit3TestExecutor","Source":"C:\\Users\\VC\\Desktop\\capstone\\CofeeStoreManagementSln\\CofeeStoreManagementRepositoryTest\\bin\\Debug\\net8.0\\fine-code-coverage\\build-output\\CofeeStoreManagementRepositoryTest.dll","CodeFilePath":null,"LineNumber":0,"Properties":[{"Key":{"Id":"NUnit.Seed","Label":"Seed","Category":"","Description":"","Attributes":0,"ValueType":"System.String"},"Value":"116388903"}]}]}}
TpTrace Verbose: 0 : 30400, 7, 2024/08/02, 15:33:11.260, 1082084578632, vstest.console.dll, TestRunRequest:SendTestRunStatsChange: Starting.
TpTrace Verbose: 0 : 30400, 7, 2024/08/02, 15:33:11.260, 1082084580787, vstest.console.dll, InProgress is GetEmployeeByEmployeeTest
TpTrace Verbose: 0 : 30400, 7, 2024/08/02, 15:33:11.260, 1082084581705, vstest.console.dll, MulticastDelegateUtilities.SafeInvoke: TestRun.RunStatsChanged: Invoking callbacks was skipped because there are no subscribers.
TpTrace Information: 0 : 30400, 7, 2024/08/02, 15:33:11.260, 1082084582104, vstest.console.dll, TestRunRequest:SendTestRunStatsChange: Completed.
TpTrace Verbose: 0 : 30400, 7, 2024/08/02, 15:33:11.260, 1082084582628, vstest.console.dll, MulticastDelegateUtilities.SafeInvoke: LengthPrefixCommunicationChannel: MessageReceived: Invoking callback 1/1 for Microsoft.VisualStudio.TestPlatform.CommunicationUtilities.TestRequestSender+<>c__DisplayClass34_0., took 20 ms.
TpTrace Verbose: 0 : 30400, 7, 2024/08/02, 15:33:11.260, 1082084583060, vstest.console.dll, TcpClientExtensions.MessageLoopAsync: Polling on remoteEndPoint: 127.0.0.1:63773 localEndPoint: 127.0.0.1:63772 after 305 ms
TpTrace Verbose: 0 : 30400, 7, 2024/08/02, 15:33:11.897, 1082090947549, vstest.console.dll, TcpClientExtensions.MessageLoopAsync: NotifyDataAvailable remoteEndPoint: 127.0.0.1:63773 localEndPoint: 127.0.0.1:63772
TpTrace Verbose: 0 : 30400, 7, 2024/08/02, 15:33:11.897, 1082090953809, vstest.console.dll, TestRequestSender.OnExecutionMessageReceived: Received message: {"Version":7,"MessageType":"TestExecution.StatsChange","Payload":{"NewTestResults":[{"TestCase":{"Id":"26fd0676-7d1e-eb0d-aef3-ff9cf4a871d4","FullyQualifiedName":"CofeeStoreManagementRepositoryTest.EmployeeRepositoryTest.GetEmployeeByEmployeeTest","DisplayName":"GetEmployeeByEmployeeTest","ExecutorUri":"executor://NUnit3TestExecutor","Source":"C:\\Users\\VC\\Desktop\\capstone\\CofeeStoreManagementSln\\CofeeStoreManagementRepositoryTest\\bin\\Debug\\net8.0\\fine-code-coverage\\build-output\\CofeeStoreManagementRepositoryTest.dll","CodeFilePath":null,"LineNumber":0,"Properties":[{"Key":{"Id":"NUnit.Seed","Label":"Seed","Category":"","Description":"","Attributes":0,"ValueType":"System.String"},"Value":"116388903"}]},"Attachments":[],"Outcome":1,"ErrorMessage":null,"ErrorStackTrace":null,"DisplayName":"GetEmployeeByEmployeeTest","Messages":[],"ComputerName":"794GBX3","Duration":"00:00:01.4474040","StartTime":"2024-08-02T10:03:09.9698986+00:00","EndTime":"2024-08-02T10:03:11.4172345+00:00","Properties":[{"Key":{"Id":"NUnit.Seed","Label":"Seed","Category":"","Description":"","Attributes":0,"ValueType":"System.String"},"Value":"116388903"}]},{"TestCase":{"Id":"0b367be2-2024-f567-3cf3-fff63775db96","FullyQualifiedName":"CofeeStoreManagementRepositoryTest.OrderRepositoryTest.GetAllordersbystore","DisplayName":"GetAllordersbystore","ExecutorUri":"executor://NUnit3TestExecutor","Source":"C:\\Users\\VC\\Desktop\\capstone\\CofeeStoreManagementSln\\CofeeStoreManagementRepositoryTest\\bin\\Debug\\net8.0\\fine-code-coverage\\build-output\\CofeeStoreManagementRepositoryTest.dll","CodeFilePath":null,"LineNumber":0,"Properties":[{"Key":{"Id":"NUnit.Seed","Label":"Seed","Category":"","Description":"","Attributes":0,"ValueType":"System.String"},"Value":"68581687"}]},"Attachments":[],"Outcome":1,"ErrorMessage":null,"ErrorStackTrace":null,"DisplayName":"GetAllordersbystore","Messages":[],"ComputerName":"794GBX3","Duration":"00:00:00.1204350","StartTime":"2024-08-02T10:03:11.4225056+00:00","EndTime":"2024-08-02T10:03:11.5429397+00:00","Properties":[{"Key":{"Id":"NUnit.Seed","Label":"Seed","Category":"","Description":"","Attributes":0,"ValueType":"System.String"},"Value":"68581687"}]},{"TestCase":{"Id":"5a199542-6611-db1e-fc7d-e8c021944a6b","FullyQualifiedName":"CofeeStoreManagementRepositoryTest.OrderRepositoryTest.GetAllordersbyUser","DisplayName":"GetAllordersbyUser","ExecutorUri":"executor://NUnit3TestExecutor","Source":"C:\\Users\\VC\\Desktop\\capstone\\CofeeStoreManagementSln\\CofeeStoreManagementRepositoryTest\\bin\\Debug\\net8.0\\fine-code-coverage\\build-output\\CofeeStoreManagementRepositoryTest.dll","CodeFilePath":null,"LineNumber":0,"Properties":[{"Key":{"Id":"NUnit.Seed","Label":"Seed","Category":"","Description":"","Attributes":0,"ValueType":"System.String"},"Value":"1649581634"}]},"Attachments":[],"Outcome":1,"ErrorMessage":null,"ErrorStackTrace":null,"DisplayName":"GetAllordersbyUser","Messages":[],"ComputerName":"794GBX3","Duration":"00:00:00.0445290","StartTime":"2024-08-02T10:03:11.5430047+00:00","EndTime":"2024-08-02T10:03:11.5875331+00:00","Properties":[{"Key":{"Id":"NUnit.Seed","Label":"Seed","Category":"","Description":"","Attributes":0,"ValueType":"System.String"},"Value":"1649581634"}]},{"TestCase":{"Id":"7a7a79c4-adb8-4c61-f087-fb0c4b064352","FullyQualifiedName":"CofeeStoreManagementRepositoryTest.ReposTest.initRepos","DisplayName":"initRepos","ExecutorUri":"executor://NUnit3TestExecutor","Source":"C:\\Users\\VC\\Desktop\\capstone\\CofeeStoreManagementSln\\CofeeStoreManagementRepositoryTest\\bin\\Debug\\net8.0\\fine-code-coverage\\build-output\\CofeeStoreManagementRepositoryTest.dll","CodeFilePath":null,"LineNumber":0,"Properties":[{"Key":{"Id":"NUnit.Seed","Label":"Seed","Category":"","Description":"","Attributes":0,"ValueType":"System.String"},"Value":"207149073"}]},"Attachments":[],"Outcome":1,"ErrorMessage":null,"ErrorStackTrace":null,"DisplayName":"initRepos","Messages":[],"ComputerName":"794GBX3","Duration":"00:00:00.0321349","StartTime":"2024-08-02T10:03:11.5880238+00:00","EndTime":"2024-08-02T10:03:11.6201577+00:00","Properties":[{"Key":{"Id":"NUnit.Seed","Label":"Seed","Category":"","Description":"","Attributes":0,"ValueType":"System.String"},"Value":"207149073"}]},{"TestCase":{"Id":"81234ceb-dad2-a0db-5c11-2af93730dc9e","FullyQualifiedName":"CofeeStoreManagementRepositoryTest.StoreRepoTEst.GetAllStoresOfCityTest","DisplayName":"GetAllStoresOfCityTest","ExecutorUri":"executor://NUnit3TestExecutor","Source":"C:\\Users\\VC\\Desktop\\capstone\\CofeeStoreManagementSln\\CofeeStoreManagementRepositoryTest\\bin\\Debug\\net8.0\\fine-code-coverage\\build-output\\CofeeStoreManagementRepositoryTest.dll","CodeFilePath":null,"LineNumber":0,"Properties":[{"Key":{"Id":"NUnit.Seed","Label":"Seed","Category":"","Description":"","Attributes":0,"ValueType":"System.String"},"Value":"1336449256"}]},"Attachments":[],"Outcome":1,"ErrorMessage":null,"ErrorStackTrace":null,"DisplayName":"GetAllStoresOfCityTest","Messages":[],"ComputerName":"794GBX3","Duration":"00:00:00.0242110","StartTime":"2024-08-02T10:03:11.6204629+00:00","EndTime":"2024-08-02T10:03:11.6446737+00:00","Properties":[{"Key":{"Id":"NUnit.Seed","Label":"Seed","Category":"","Description":"","Attributes":0,"ValueType":"System.String"},"Value":"1336449256"}]},{"TestCase":{"Id":"f656c18f-27ef-e0ff-bb7e-b9468373c9f8","FullyQualifiedName":"CofeeStoreManagementRepositoryTest.Tests.DeleteUserFromDatabase","DisplayName":"DeleteUserFromDatabase","ExecutorUri":"executor://NUnit3TestExecutor","Source":"C:\\Users\\VC\\Desktop\\capstone\\CofeeStoreManagementSln\\CofeeStoreManagementRepositoryTest\\bin\\Debug\\net8.0\\fine-code-coverage\\build-output\\CofeeStoreManagementRepositoryTest.dll","CodeFilePath":null,"LineNumber":0,"Properties":[{"Key":{"Id":"NUnit.Seed","Label":"Seed","Category":"","Description":"","Attributes":0,"ValueType":"System.String"},"Value":"1480921955"}]},"Attachments":[],"Outcome":1,"ErrorMessage":null,"ErrorStackTrace":null,"DisplayName":"DeleteUserFromDatabase","Messages":[],"ComputerName":"794GBX3","Duration":"00:00:00.1970880","StartTime":"2024-08-02T10:03:11.6449321+00:00","EndTime":"2024-08-02T10:03:11.8420199+00:00","Properties":[{"Key":{"Id":"NUnit.Seed","Label":"Seed","Category":"","Description":"","Attributes":0,"ValueType":"System.String"},"Value":"1480921955"}]},{"TestCase":{"Id":"4c591f65-0edf-1520-16de-e39005a51779","FullyQualifiedName":"CofeeStoreManagementRepositoryTest.Tests.EditUserFromDb","DisplayName":"EditUserFromDb","ExecutorUri":"executor://NUnit3TestExecutor","Source":"C:\\Users\\VC\\Desktop\\capstone\\CofeeStoreManagementSln\\CofeeStoreManagementRepositoryTest\\bin\\Debug\\net8.0\\fine-code-coverage\\build-output\\CofeeStoreManagementRepositoryTest.dll","CodeFilePath":null,"LineNumber":0,"Properties":[{"Key":{"Id":"NUnit.Seed","Label":"Seed","Category":"","Description":"","Attributes":0,"ValueType":"System.String"},"Value":"485244669"}]},"Attachments":[],"Outcome":1,"ErrorMessage":null,"ErrorStackTrace":null,"DisplayName":"EditUserFromDb","Messages":[],"ComputerName":"794GBX3","Duration":"00:00:00.0174270","StartTime":"2024-08-02T10:03:11.8420769+00:00","EndTime":"2024-08-02T10:03:11.8595033+00:00","Properties":[{"Key":{"Id":"NUnit.Seed","Label":"Seed","Category":"","Description":"","Attributes":0,"ValueType":"System.String"},"Value":"485244669"}]},{"TestCase":{"Id":"32774e89-d68f-6058-c881-c7cb34295f65","FullyQualifiedName":"CofeeStoreManagementRepositoryTest.Tests.GetUserByEmailTest","DisplayName":"GetUserByEmailTest","ExecutorUri":"executor://NUnit3TestExecutor","Source":"C:\\Users\\VC\\Desktop\\capstone\\CofeeStoreManagementSln\\CofeeStoreManagementRepositoryTest\\bin\\Debug\\net8.0\\fine-code-coverage\\build-output\\CofeeStoreManagementRepositoryTest.dll","CodeFilePath":null,"LineNumber":0,"Properties":[{"Key":{"Id":"NUnit.Seed","Label":"Seed","Category":"","Description":"","Attributes":0,"ValueType":"System.String"},"Value":"1762888256"}]},"Attachments":[],"Outcome":1,"ErrorMessage":null,"ErrorStackTrace":null,"DisplayName":"GetUserByEmailTest","Messages":[],"ComputerName":"794GBX3","Duration":"00:00:00.0098840","StartTime":"2024-08-02T10:03:11.8595403+00:00","EndTime":"2024-08-02T10:03:11.8694212+00:00","Properties":[{"Key":{"Id":"NUnit.Seed","Label":"Seed","Category":"","Description":"","Attributes":0,"ValueType":"System.String"},"Value":"1762888256"}]},{"TestCase":{"Id":"4afe9de3-4210-e953-729b-f3804dd49f90","FullyQualifiedName":"CofeeStoreManagementRepositoryTest.Tests.GetUserByEmailThrowsEntityNotFoundExcpeption","DisplayName":"GetUserByEmailThrowsEntityNotFoundExcpeption","ExecutorUri":"executor://NUnit3TestExecutor","Source":"C:\\Users\\VC\\Desktop\\capstone\\CofeeStoreManagementSln\\CofeeStoreManagementRepositoryTest\\bin\\Debug\\net8.0\\fine-code-coverage\\build-output\\CofeeStoreManagementRepositoryTest.dll","CodeFilePath":null,"LineNumber":0,"Properties":[{"Key":{"Id":"NUnit.Seed","Label":"Seed","Category":"","Description":"","Attributes":0,"ValueType":"System.String"},"Value":"247612296"}]},"Attachments":[],"Outcome":1,"ErrorMessage":null,"ErrorStackTrace":null,"DisplayName":"GetUserByEmailThrowsEntityNotFoundExcpeption","Messages":[],"ComputerName":"794GBX3","Duration":"00:00:00.0120290","StartTime":"2024-08-02T10:03:11.8695923+00:00","EndTime":"2024-08-02T10:03:11.8816204+00:00","Properties":[{"Key":{"Id":"NUnit.Seed","Label":"Seed","Category":"","Description":"","Attributes":0,"ValueType":"System.String"},"Value":"247612296"}]}],"TestRunStatistics":{"ExecutedTests":9,"Stats":{"Passed":9}},"ActiveTests":[{"Id":"f6a70da9-e57f-65f9-7b97-ec27d3ecf189","FullyQualifiedName":"CofeeStoreManagementRepositoryTest.Tests.GetUserByIdThrowEntityNotFoundException","DisplayName":"GetUserByIdThrowEntityNotFoundException","ExecutorUri":"executor://NUnit3TestExecutor","Source":"C:\\Users\\VC\\Desktop\\capstone\\CofeeStoreManagementSln\\CofeeStoreManagementRepositoryTest\\bin\\Debug\\net8.0\\fine-code-coverage\\build-output\\CofeeStoreManagementRepositoryTest.dll","CodeFilePath":null,"LineNumber":0,"Properties":[{"Key":{"Id":"NUnit.Seed","Label":"Seed","Category":"","Description":"","Attributes":0,"ValueType":"System.String"},"Value":"205828220"}]}]}}
TpTrace Verbose: 0 : 30400, 7, 2024/08/02, 15:33:11.912, 1082091104034, vstest.console.dll, TestRunRequest:SendTestRunStatsChange: Starting.
TpTrace Verbose: 0 : 30400, 7, 2024/08/02, 15:33:11.912, 1082091105487, vstest.console.dll, InProgress is GetUserByIdThrowEntityNotFoundException
TpTrace Verbose: 0 : 30400, 7, 2024/08/02, 15:33:11.913, 1082091107747, vstest.console.dll, MulticastDelegateUtilities.SafeInvoke: TestRun.RunStatsChanged: Invoking callbacks was skipped because there are no subscribers.
TpTrace Information: 0 : 30400, 7, 2024/08/02, 15:33:11.913, 1082091108200, vstest.console.dll, TestRunRequest:SendTestRunStatsChange: Completed.
TpTrace Verbose: 0 : 30400, 7, 2024/08/02, 15:33:11.913, 1082091108624, vstest.console.dll, MulticastDelegateUtilities.SafeInvoke: LengthPrefixCommunicationChannel: MessageReceived: Invoking callback 1/1 for Microsoft.VisualStudio.TestPlatform.CommunicationUtilities.TestRequestSender+<>c__DisplayClass34_0., took 15 ms.
TpTrace Verbose: 0 : 30400, 7, 2024/08/02, 15:33:11.913, 1082091109028, vstest.console.dll, TcpClientExtensions.MessageLoopAsync: Polling on remoteEndPoint: 127.0.0.1:63773 localEndPoint: 127.0.0.1:63772 after 652 ms
TpTrace Verbose: 0 : 30400, 4, 2024/08/02, 15:33:11.915, 1082091130278, vstest.console.dll, MulticastDelegateUtilities.SafeInvoke: InternalTestLoggerEvents.SendTestResult: Invoking callback 1/1 for Microsoft.VisualStudio.TestPlatform.CommandLine.Internal.ConsoleLogger., took 2 ms.
TpTrace Verbose: 0 : 30400, 4, 2024/08/02, 15:33:11.915, 1082091134413, vstest.console.dll, MulticastDelegateUtilities.SafeInvoke: InternalTestLoggerEvents.SendTestResult: Invoking callback 1/1 for Microsoft.VisualStudio.TestPlatform.CommandLine.Internal.ConsoleLogger., took 0 ms.
TpTrace Verbose: 0 : 30400, 4, 2024/08/02, 15:33:11.916, 1082091137061, vstest.console.dll, MulticastDelegateUtilities.SafeInvoke: InternalTestLoggerEvents.SendTestResult: Invoking callback 1/1 for Microsoft.VisualStudio.TestPlatform.CommandLine.Internal.ConsoleLogger., took 0 ms.
TpTrace Verbose: 0 : 30400, 4, 2024/08/02, 15:33:11.916, 1082091139556, vstest.console.dll, MulticastDelegateUtilities.SafeInvoke: InternalTestLoggerEvents.SendTestResult: Invoking callback 1/1 for Microsoft.VisualStudio.TestPlatform.CommandLine.Internal.ConsoleLogger., took 0 ms.
TpTrace Verbose: 0 : 30400, 4, 2024/08/02, 15:33:11.916, 1082091140575, vstest.console.dll, MulticastDelegateUtilities.SafeInvoke: InternalTestLoggerEvents.SendTestResult: Invoking callback 1/1 for Microsoft.VisualStudio.TestPlatform.CommandLine.Internal.ConsoleLogger., took 0 ms.
TpTrace Verbose: 0 : 30400, 4, 2024/08/02, 15:33:11.916, 1082091141173, vstest.console.dll, MulticastDelegateUtilities.SafeInvoke: InternalTestLoggerEvents.SendTestResult: Invoking callback 1/1 for Microsoft.VisualStudio.TestPlatform.CommandLine.Internal.ConsoleLogger., took 0 ms.
TpTrace Verbose: 0 : 30400, 4, 2024/08/02, 15:33:11.916, 1082091142819, vstest.console.dll, MulticastDelegateUtilities.SafeInvoke: InternalTestLoggerEvents.SendTestResult: Invoking callback 1/1 for Microsoft.VisualStudio.TestPlatform.CommandLine.Internal.ConsoleLogger., took 0 ms.
TpTrace Verbose: 0 : 30400, 4, 2024/08/02, 15:33:11.916, 1082091143497, vstest.console.dll, MulticastDelegateUtilities.SafeInvoke: InternalTestLoggerEvents.SendTestResult: Invoking callback 1/1 for Microsoft.VisualStudio.TestPlatform.CommandLine.Internal.ConsoleLogger., took 0 ms.
TpTrace Verbose: 0 : 30400, 4, 2024/08/02, 15:33:11.916, 1082091143962, vstest.console.dll, MulticastDelegateUtilities.SafeInvoke: InternalTestLoggerEvents.SendTestResult: Invoking callback 1/1 for Microsoft.VisualStudio.TestPlatform.CommandLine.Internal.ConsoleLogger., took 0 ms.
TpTrace Verbose: 0 : 30400, 7, 2024/08/02, 15:33:11.949, 1082091469522, vstest.console.dll, TcpClientExtensions.MessageLoopAsync: NotifyDataAvailable remoteEndPoint: 127.0.0.1:63773 localEndPoint: 127.0.0.1:63772
TpTrace Verbose: 0 : 30400, 7, 2024/08/02, 15:33:11.949, 1082091471443, vstest.console.dll, TestRequestSender.OnExecutionMessageReceived: Received message: {"Version":7,"MessageType":"TestSession.Message","Payload":{"MessageLevel":0,"Message":"NUnit Adapter 4.5.0.0: Test execution complete"}}
TpTrace Verbose: 0 : 30400, 7, 2024/08/02, 15:33:11.949, 1082091472880, vstest.console.dll, TestRunRequest:SendTestRunMessage: Starting.
TpTrace Verbose: 0 : 30400, 7, 2024/08/02, 15:33:11.949, 1082091473641, vstest.console.dll, MulticastDelegateUtilities.SafeInvoke: TestRun.LogMessages: Invoking callback 1/1 for Microsoft.VisualStudio.TestPlatform.CommandLine.TestRunResultAggregator., took 0 ms.
TpTrace Information: 0 : 30400, 7, 2024/08/02, 15:33:11.949, 1082091474198, vstest.console.dll, TestRunRequest:SendTestRunMessage: Completed.
TpTrace Verbose: 0 : 30400, 7, 2024/08/02, 15:33:11.949, 1082091474551, vstest.console.dll, MulticastDelegateUtilities.SafeInvoke: LengthPrefixCommunicationChannel: MessageReceived: Invoking callback 1/1 for Microsoft.VisualStudio.TestPlatform.CommunicationUtilities.TestRequestSender+<>c__DisplayClass34_0., took 0 ms.
TpTrace Verbose: 0 : 30400, 7, 2024/08/02, 15:33:11.949, 1082091474922, vstest.console.dll, TcpClientExtensions.MessageLoopAsync: Polling on remoteEndPoint: 127.0.0.1:63773 localEndPoint: 127.0.0.1:63772 after 36 ms
TpTrace Verbose: 0 : 30400, 4, 2024/08/02, 15:33:11.949, 1082091474957, vstest.console.dll, MulticastDelegateUtilities.SafeInvoke: InternalTestLoggerEvents.SendTestRunMessage: Invoking callback 1/1 for Microsoft.VisualStudio.TestPlatform.CommandLine.Internal.ConsoleLogger., took 0 ms.
TpTrace Verbose: 0 : 30400, 7, 2024/08/02, 15:33:11.966, 1082091642377, vstest.console.dll, TcpClientExtensions.MessageLoopAsync: NotifyDataAvailable remoteEndPoint: 127.0.0.1:63773 localEndPoint: 127.0.0.1:63772
TpTrace Verbose: 0 : 30400, 7, 2024/08/02, 15:33:11.967, 1082091645749, vstest.console.dll, TestRequestSender.OnExecutionMessageReceived: Received message: {"Version":7,"MessageType":"TestExecution.Completed","Payload":{"TestRunCompleteArgs":{"TestRunStatistics":{"ExecutedTests":13,"Stats":{"Passed":13}},"IsCanceled":false,"IsAborted":false,"Error":null,"AttachmentSets":[],"InvokedDataCollectors":[],"ElapsedTimeInRunningTests":"00:00:02.1793750","Metrics":{},"DiscoveredExtensions":{"TestDiscoverers":["NUnit.VisualStudio.TestAdapter.NUnit3TestDiscoverer, NUnit3.TestAdapter, Version=4.5.0.0, Culture=neutral, PublicKeyToken=4cb40d35494691ac"],"TestExecutors":["executor://NUnit3TestExecutor"],"TestExecutors2":[],"TestSettingsProviders":[]}},"LastRunTests":{"NewTestResults":[{"TestCase":{"Id":"f6a70da9-e57f-65f9-7b97-ec27d3ecf189","FullyQualifiedName":"CofeeStoreManagementRepositoryTest.Tests.GetUserByIdThrowEntityNotFoundException","DisplayName":"GetUserByIdThrowEntityNotFoundException","ExecutorUri":"executor://NUnit3TestExecutor","Source":"C:\\Users\\VC\\Desktop\\capstone\\CofeeStoreManagementSln\\CofeeStoreManagementRepositoryTest\\bin\\Debug\\net8.0\\fine-code-coverage\\build-output\\CofeeStoreManagementRepositoryTest.dll","CodeFilePath":null,"LineNumber":0,"Properties":[{"Key":{"Id":"NUnit.Seed","Label":"Seed","Category":"","Description":"","Attributes":0,"ValueType":"System.String"},"Value":"205828220"}]},"Attachments":[],"Outcome":1,"ErrorMessage":null,"ErrorStackTrace":null,"DisplayName":"GetUserByIdThrowEntityNotFoundException","Messages":[],"ComputerName":"794GBX3","Duration":"00:00:00.0327470","StartTime":"2024-08-02T10:03:11.8816657+00:00","EndTime":"2024-08-02T10:03:11.9144129+00:00","Properties":[{"Key":{"Id":"NUnit.Seed","Label":"Seed","Category":"","Description":"","Attributes":0,"ValueType":"System.String"},"Value":"205828220"}]},{"TestCase":{"Id":"e0d2a753-db6a-6fcd-dac8-57a9052c361b","FullyQualifiedName":"CofeeStoreManagementRepositoryTest.Tests.InsertUserToDatabase","DisplayName":"InsertUserToDatabase","ExecutorUri":"executor://NUnit3TestExecutor","Source":"C:\\Users\\VC\\Desktop\\capstone\\CofeeStoreManagementSln\\CofeeStoreManagementRepositoryTest\\bin\\Debug\\net8.0\\fine-code-coverage\\build-output\\CofeeStoreManagementRepositoryTest.dll","CodeFilePath":null,"LineNumber":0,"Properties":[{"Key":{"Id":"NUnit.Seed","Label":"Seed","Category":"","Description":"","Attributes":0,"ValueType":"System.String"},"Value":"391818043"}]},"Attachments":[],"Outcome":1,"ErrorMessage":null,"ErrorStackTrace":null,"DisplayName":"InsertUserToDatabase","Messages":[],"ComputerName":"794GBX3","Duration":"00:00:00.0055990","StartTime":"2024-08-02T10:03:11.9144535+00:00","EndTime":"2024-08-02T10:03:11.9200521+00:00","Properties":[{"Key":{"Id":"NUnit.Seed","Label":"Seed","Category":"","Description":"","Attributes":0,"ValueType":"System.String"},"Value":"391818043"}]},{"TestCase":{"Id":"532a48e0-e00a-4d29-9d89-63438875fc38","FullyQualifiedName":"CofeeStoreManagementRepositoryTest.Tests.UserGetAllTest","DisplayName":"UserGetAllTest","ExecutorUri":"executor://NUnit3TestExecutor","Source":"C:\\Users\\VC\\Desktop\\capstone\\CofeeStoreManagementSln\\CofeeStoreManagementRepositoryTest\\bin\\Debug\\net8.0\\fine-code-coverage\\build-output\\CofeeStoreManagementRepositoryTest.dll","CodeFilePath":null,"LineNumber":0,"Properties":[{"Key":{"Id":"NUnit.Seed","Label":"Seed","Category":"","Description":"","Attributes":0,"ValueType":"System.String"},"Value":"1041716869"}]},"Attachments":[],"Outcome":1,"ErrorMessage":null,"ErrorStackTrace":null,"DisplayName":"UserGetAllTest","Messages":[],"ComputerName":"794GBX3","Duration":"00:00:00.0086480","StartTime":"2024-08-02T10:03:11.9200905+00:00","EndTime":"2024-08-02T10:03:11.9287381+00:00","Properties":[{"Key":{"Id":"NUnit.Seed","Label":"Seed","Category":"","Description":"","Attributes":0,"ValueType":"System.String"},"Value":"1041716869"}]},{"TestCase":{"Id":"cd4d7e15-f4e6-dadc-7aee-d6a448c1e0de","FullyQualifiedName":"CofeeStoreManagementRepositoryTest.Tests.UserGetByIdTest","DisplayName":"UserGetByIdTest","ExecutorUri":"executor://NUnit3TestExecutor","Source":"C:\\Users\\VC\\Desktop\\capstone\\CofeeStoreManagementSln\\CofeeStoreManagementRepositoryTest\\bin\\Debug\\net8.0\\fine-code-coverage\\build-output\\CofeeStoreManagementRepositoryTest.dll","CodeFilePath":null,"LineNumber":0,"Properties":[{"Key":{"Id":"NUnit.Seed","Label":"Seed","Category":"","Description":"","Attributes":0,"ValueType":"System.String"},"Value":"105840085"}]},"Attachments":[],"Outcome":1,"ErrorMessage":null,"ErrorStackTrace":null,"DisplayName":"UserGetByIdTest","Messages":[],"ComputerName":"794GBX3","Duration":"00:00:00.0032610","StartTime":"2024-08-02T10:03:11.9287772+00:00","EndTime":"2024-08-02T10:03:11.9320376+00:00","Properties":[{"Key":{"Id":"NUnit.Seed","Label":"Seed","Category":"","Description":"","Attributes":0,"ValueType":"System.String"},"Value":"105840085"}]}],"TestRunStatistics":{"ExecutedTests":13,"Stats":{"Passed":13}},"ActiveTests":[]},"RunAttachments":[],"ExecutorUris":["executor://nunit3testexecutor/"]}}
TpTrace Verbose: 0 : 30400, 7, 2024/08/02, 15:33:11.967, 1082091647278, vstest.console.dll, TestRequestSender.EndSession: Sending end session.
TpTrace Verbose: 0 : 30400, 7, 2024/08/02, 15:33:11.967, 1082091649494, vstest.console.dll, ProxyOperationManager.Close: waiting for test host to exit for 100 ms
TpTrace Verbose: 0 : 30400, 11, 2024/08/02, 15:33:11.990, 1082091885422, vstest.console.dll, TestHostManagerCallbacks.ctor: Experimental forwarding output is disabled.
TpTrace Warning: 0 : 30400, 11, 2024/08/02, 15:33:11.991, 1082091887485, vstest.console.dll, TestHostManagerCallbacks.ErrorReceivedCallback Test host standard error line: 
TpTrace Verbose: 0 : 30400, 11, 2024/08/02, 15:33:12.017, 1082092151048, vstest.console.dll, TestHostProvider.ExitCallBack: Host exited starting callback.
TpTrace Information: 0 : 30400, 11, 2024/08/02, 15:33:12.017, 1082092154214, vstest.console.dll, TestHostManagerCallbacks.ExitCallBack: Testhost processId: 34140 exited with exitcode: 0 error: ''
TpTrace Verbose: 0 : 30400, 11, 2024/08/02, 15:33:12.017, 1082092154819, vstest.console.dll, DotnetTestHostManager.OnHostExited: invoking OnHostExited callback
TpTrace Verbose: 0 : 30400, 11, 2024/08/02, 15:33:12.017, 1082092155601, vstest.console.dll, CrossPlatEngine.TestHostManagerHostExited: calling on client process exit callback.
TpTrace Information: 0 : 30400, 11, 2024/08/02, 15:33:12.018, 1082092156405, vstest.console.dll, TestRequestSender.OnClientProcessExit: Test host process exited. Standard error: 
TpTrace Information: 0 : 30400, 11, 2024/08/02, 15:33:12.018, 1082092157411, vstest.console.dll, SocketServer.Stop: Stop server endPoint: 127.0.0.1:63772
TpTrace Information: 0 : 30400, 11, 2024/08/02, 15:33:12.018, 1082092158140, vstest.console.dll, SocketServer.Stop: Cancellation requested. Stopping message loop.
TpTrace Information: 0 : 30400, 7, 2024/08/02, 15:33:12.018, 1082092158169, vstest.console.dll, SocketServer.Stop: Stop server endPoint: 127.0.0.1:63772
TpTrace Verbose: 0 : 30400, 11, 2024/08/02, 15:33:12.018, 1082092160549, vstest.console.dll, MulticastDelegateUtilities.SafeInvoke: HostProviderEvents.OnHostExited: Invoking callback 1/1 for Microsoft.VisualStudio.TestPlatform.CrossPlatEngine.Client.ProxyOperationManager., took 0 ms.
TpTrace Information: 0 : 30400, 7, 2024/08/02, 15:33:12.018, 1082092160943, vstest.console.dll, SocketServer.Stop: Cancellation requested. Stopping message loop.
TpTrace Information: 0 : 30400, 7, 2024/08/02, 15:33:12.018, 1082092164355, vstest.console.dll, Closing the connection
TpTrace Verbose: 0 : 30400, 7, 2024/08/02, 15:33:12.019, 1082092169197, vstest.console.dll, ProxyDataCollectionManager.InvokeDataCollectionServiceAction: Starting.
TpTrace Information: 0 : 30400, 7, 2024/08/02, 15:33:12.019, 1082092169936, vstest.console.dll, ProxyDataCollectionManager.AfterTestRunEnd: Get attachment set and invoked data collectors processId: 21920 port: 63769
TpTrace Verbose: 0 : 30400, 7, 2024/08/02, 15:33:12.019, 1082092170626, vstest.console.dll, DataCollectionRequestSender.SendAfterTestRunStartAndGetResult: Send AfterTestRunEnd message with isCancelled: False
TpTrace Verbose: 0 : 30400, 7, 2024/08/02, 15:33:12.030, 1082092284713, vstest.console.dll, DataCollectionRequestSender.SendAfterTestRunStartAndGetResult: Received message: (DataCollection.AfterTestRunEndResult) -> {"MessageType":"DataCollection.AfterTestRunEndResult","Payload":{"AttachmentSets":[],"InvokedDataCollectors":[{"Uri":"datacollector://Microsoft/TestPlatform/Extensions/Blame/v1","FriendlyName":"Blame","AssemblyQualifiedName":"Microsoft.TestPlatform.Extensions.BlameDataCollector.BlameCollector, Microsoft.TestPlatform.Extensions.BlameDataCollector, Version=15.0.0.0, Culture=neutral, PublicKeyToken=b03f5f7f11d50a3a","FilePath":"C:\\Program Files\\dotnet\\sdk\\8.0.300\\Extensions\\Microsoft.TestPlatform.Extensions.BlameDataCollector.dll","HasAttachmentProcessor":false}],"Metrics":{}}}
TpTrace Information: 0 : 30400, 7, 2024/08/02, 15:33:12.035, 1082092331712, vstest.console.dll, ProxyDataCollectionManager.InvokeDataCollectionServiceAction: Completed.
TpTrace Warning: 0 : 30400, 10, 2024/08/02, 15:33:12.039, 1082092368488, vstest.console.dll, DataCollectionLauncher.ErrorReceivedCallback datacollector standard error line: 
TpTrace Information: 0 : 30400, 10, 2024/08/02, 15:33:12.049, 1082092473837, vstest.console.dll, DataCollectionLauncher.ExitCallBack: Data collector exited with exitcode: 0 error: ''
TpTrace Verbose: 0 : 30400, 7, 2024/08/02, 15:33:12.075, 1082092729618, vstest.console.dll, TestRunRequest:SendTestRunStatsChange: Starting.
TpTrace Verbose: 0 : 30400, 7, 2024/08/02, 15:33:12.075, 1082092731362, vstest.console.dll, MulticastDelegateUtilities.SafeInvoke: TestRun.RunStatsChanged: Invoking callbacks was skipped because there are no subscribers.
TpTrace Information: 0 : 30400, 7, 2024/08/02, 15:33:12.075, 1082092731772, vstest.console.dll, TestRunRequest:SendTestRunStatsChange: Completed.
TpTrace Verbose: 0 : 30400, 4, 2024/08/02, 15:33:12.075, 1082092733189, vstest.console.dll, MulticastDelegateUtilities.SafeInvoke: InternalTestLoggerEvents.SendTestResult: Invoking callback 1/1 for Microsoft.VisualStudio.TestPlatform.CommandLine.Internal.ConsoleLogger., took 0 ms.
TpTrace Verbose: 0 : 30400, 4, 2024/08/02, 15:33:12.075, 1082092734408, vstest.console.dll, MulticastDelegateUtilities.SafeInvoke: InternalTestLoggerEvents.SendTestResult: Invoking callback 1/1 for Microsoft.VisualStudio.TestPlatform.CommandLine.Internal.ConsoleLogger., took 0 ms.
TpTrace Verbose: 0 : 30400, 4, 2024/08/02, 15:33:12.075, 1082092735030, vstest.console.dll, MulticastDelegateUtilities.SafeInvoke: InternalTestLoggerEvents.SendTestResult: Invoking callback 1/1 for Microsoft.VisualStudio.TestPlatform.CommandLine.Internal.ConsoleLogger., took 0 ms.
TpTrace Verbose: 0 : 30400, 4, 2024/08/02, 15:33:12.076, 1082092735803, vstest.console.dll, MulticastDelegateUtilities.SafeInvoke: InternalTestLoggerEvents.SendTestResult: Invoking callback 1/1 for Microsoft.VisualStudio.TestPlatform.CommandLine.Internal.ConsoleLogger., took 0 ms.
TpTrace Verbose: 0 : 30400, 7, 2024/08/02, 15:33:12.076, 1082092735866, vstest.console.dll, ParallelProxyExecutionManager: HandlePartialRunComplete: Total workloads = 1, Total started clients = 1 Total completed clients = 1, Run complete = True, Run canceled: False.
TpTrace Verbose: 0 : 30400, 7, 2024/08/02, 15:33:12.076, 1082092737158, vstest.console.dll, ParallelProxyExecutionManager: HandlePartialRunComplete: All runs completed stopping all managers.
TpTrace Verbose: 0 : 30400, 7, 2024/08/02, 15:33:12.076, 1082092737568, vstest.console.dll, ParallelOperationManager.StopAllManagers: Stopping all managers.
TpTrace Verbose: 0 : 30400, 7, 2024/08/02, 15:33:12.076, 1082092737918, vstest.console.dll, ParallelOperationManager.ClearSlots: Clearing all slots. Slots should accept more work: False
TpTrace Verbose: 0 : 30400, 7, 2024/08/02, 15:33:12.076, 1082092738429, vstest.console.dll, ParallelOperationManager.SetOccupiedSlotCount: Setting slot counts AvailableSlotCount = 1, OccupiedSlotCount = 0.
TpTrace Verbose: 0 : 30400, 7, 2024/08/02, 15:33:12.076, 1082092739042, vstest.console.dll, Occupied slots:

TpTrace Verbose: 0 : 30400, 4, 2024/08/02, 15:33:12.085, 1082092827525, vstest.console.dll, MulticastDelegateUtilities.SafeInvoke: InternalTestLoggerEvents.SendTestRunComplete: Invoking callback 1/2 for Microsoft.TestPlatform.Extensions.BlameDataCollector.BlameLogger., took 0 ms.
TpTrace Verbose: 0 : 30400, 4, 2024/08/02, 15:33:12.091, 1082092889913, vstest.console.dll, MulticastDelegateUtilities.SafeInvoke: InternalTestLoggerEvents.SendTestRunComplete: Invoking callback 2/2 for Microsoft.VisualStudio.TestPlatform.CommandLine.Internal.ConsoleLogger., took 6 ms.
TpTrace Verbose: 0 : 30400, 7, 2024/08/02, 15:33:12.091, 1082092894163, vstest.console.dll, TestRunRequest:TestRunComplete: Starting. IsAborted:False IsCanceled:False.
TpTrace Verbose: 0 : 30400, 7, 2024/08/02, 15:33:12.092, 1082092896060, vstest.console.dll, ParallelOperationManager.DoActionOnAllManagers: Calling an action on all managers.
TpTrace Verbose: 0 : 30400, 7, 2024/08/02, 15:33:12.092, 1082092904781, vstest.console.dll, TestLoggerManager.HandleTestRunComplete: Ignoring as the object is disposed.
TpTrace Verbose: 0 : 30400, 7, 2024/08/02, 15:33:12.093, 1082092907191, vstest.console.dll, MulticastDelegateUtilities.SafeInvoke: TestRun.TestRunComplete: Invoking callback 1/2 for Microsoft.VisualStudio.TestPlatform.CommandLine.TestRunResultAggregator., took 0 ms.
TpTrace Verbose: 0 : 30400, 7, 2024/08/02, 15:33:12.093, 1082092908474, vstest.console.dll, MulticastDelegateUtilities.SafeInvoke: TestRun.TestRunComplete: Invoking callback 2/2 for Microsoft.VisualStudio.TestPlatform.CommandLine.Processors.RunTestsArgumentExecutor+TestRunRequestEventsRegistrar., took 0 ms.
TpTrace Information: 0 : 30400, 7, 2024/08/02, 15:33:12.093, 1082092909575, vstest.console.dll, TestRunRequest:TestRunComplete: Completed.
TpTrace Verbose: 0 : 30400, 7, 2024/08/02, 15:33:12.093, 1082092910049, vstest.console.dll, TestRequestSender.SetOperationComplete: Setting operation complete.
TpTrace Information: 0 : 30400, 7, 2024/08/02, 15:33:12.093, 1082092910394, vstest.console.dll, SocketServer.Stop: Stop server endPoint: 127.0.0.1:63772
TpTrace Information: 0 : 30400, 7, 2024/08/02, 15:33:12.093, 1082092910721, vstest.console.dll, SocketServer.Stop: Cancellation requested. Stopping message loop.
TpTrace Verbose: 0 : 30400, 1, 2024/08/02, 15:33:12.093, 1082092910794, vstest.console.dll, TestRunRequest.Dispose: Starting.
TpTrace Information: 0 : 30400, 1, 2024/08/02, 15:33:12.093, 1082092911913, vstest.console.dll, TestRunRequest.Dispose: Completed.
TpTrace Verbose: 0 : 30400, 7, 2024/08/02, 15:33:12.093, 1082092912720, vstest.console.dll, MulticastDelegateUtilities.SafeInvoke: LengthPrefixCommunicationChannel: MessageReceived: Invoking callback 1/1 for Microsoft.VisualStudio.TestPlatform.CommunicationUtilities.TestRequestSender+<>c__DisplayClass34_0., took 126 ms.
TpTrace Information: 0 : 30400, 1, 2024/08/02, 15:33:12.093, 1082092913739, vstest.console.dll, TestRequestManager.RunTests: run tests completed.
TpTrace Information: 0 : 30400, 7, 2024/08/02, 15:33:12.093, 1082092914703, vstest.console.dll, SocketServer.PrivateStop: Stopping server endPoint: 127.0.0.1:63772 error: 
TpTrace Information: 0 : 30400, 1, 2024/08/02, 15:33:12.094, 1082092916018, vstest.console.dll, RunTestsArgumentProcessor:Execute: Test run is completed.
TpTrace Verbose: 0 : 30400, 1, 2024/08/02, 15:33:12.094, 1082092919032, vstest.console.dll, Executor.Execute: Exiting with exit code of 0
TpTrace Verbose: 0 : 30400, 7, 2024/08/02, 15:33:12.094, 1082092922822, vstest.console.dll, LengthPrefixCommunicationChannel.Dispose: Dispose reader and writer.
TpTrace Information: 0 : 30400, 7, 2024/08/02, 15:33:12.094, 1082092923949, vstest.console.dll, SocketServer.Stop: Raise disconnected event endPoint: 127.0.0.1:63772 error: 
TpTrace Verbose: 0 : 30400, 7, 2024/08/02, 15:33:12.094, 1082092924853, vstest.console.dll, TestRequestSender: OnTestRunAbort: Operation is already complete. Skip error message.
